{"numTotalTestSuites":319,"numPassedTestSuites":319,"numFailedTestSuites":0,"numPendingTestSuites":0,"numTotalTests":864,"numPassedTests":864,"numFailedTests":0,"numPendingTests":0,"numTodoTests":0,"snapshot":{"added":0,"failure":false,"filesAdded":0,"filesRemoved":0,"filesRemovedList":[],"filesUnmatched":0,"filesUpdated":0,"matched":0,"total":0,"unchecked":0,"uncheckedKeysByFile":[],"unmatched":0,"updated":0,"didUpdate":false},"startTime":1768762296840,"success":true,"testResults":[{"assertionResults":[{"ancestorTitles":["components index"],"fullName":"components index should export components from all categories","status":"passed","title":"should export components from all categories","duration":2.0084999999999127,"failureMessages":[],"meta":{}}],"startTime":1768762445790,"endTime":1768762445792.0085,"status":"passed","message":"","name":"C:/dev/aletheia/aletheia-frontend/app/__tests__/components/index.test.ts"},{"assertionResults":[{"ancestorTitles":["useAuth Coverage Tests","Login function - uncovered branches"],"fullName":"useAuth Coverage Tests Login function - uncovered branches should handle GraphQL error with non-password message","status":"passed","title":"should handle GraphQL error with non-password message","duration":52.74380000000019,"failureMessages":[],"meta":{}},{"ancestorTitles":["useAuth Coverage Tests","Login function - uncovered branches"],"fullName":"useAuth Coverage Tests Login function - uncovered branches should handle Error instance without password keywords","status":"passed","title":"should handle Error instance without password keywords","duration":9.783900000000358,"failureMessages":[],"meta":{}},{"ancestorTitles":["useAuth Coverage Tests","Login function - uncovered branches"],"fullName":"useAuth Coverage Tests Login function - uncovered branches should handle unknown error type (fallback)","status":"passed","title":"should handle unknown error type (fallback)","duration":5.033199999999852,"failureMessages":[],"meta":{}},{"ancestorTitles":["useAuth Coverage Tests","Register function - uncovered branches"],"fullName":"useAuth Coverage Tests Register function - uncovered branches should handle unknown error type (fallback)","status":"passed","title":"should handle unknown error type (fallback)","duration":7.2476000000006024,"failureMessages":[],"meta":{}},{"ancestorTitles":["useAuth Coverage Tests","ChangePassword function - uncovered branches"],"fullName":"useAuth Coverage Tests ChangePassword function - uncovered branches should handle GraphQL error with non-password message","status":"passed","title":"should handle GraphQL error with non-password message","duration":8.27520000000004,"failureMessages":[],"meta":{}},{"ancestorTitles":["useAuth Coverage Tests","ChangePassword function - uncovered branches"],"fullName":"useAuth Coverage Tests ChangePassword function - uncovered branches should handle Error instance without password keywords","status":"passed","title":"should handle Error instance without password keywords","duration":3.907499999999345,"failureMessages":[],"meta":{}},{"ancestorTitles":["useAuth Coverage Tests","ChangePassword function - uncovered branches"],"fullName":"useAuth Coverage Tests ChangePassword function - uncovered branches should handle unknown error type (fallback)","status":"passed","title":"should handle unknown error type (fallback)","duration":6.274900000000343,"failureMessages":[],"meta":{}},{"ancestorTitles":["useAuth Coverage Tests","ForgotPassword function - uncovered branches"],"fullName":"useAuth Coverage Tests ForgotPassword function - uncovered branches should handle GraphQL error with non-not-found message","status":"passed","title":"should handle GraphQL error with non-not-found message","duration":6.854999999999563,"failureMessages":[],"meta":{}},{"ancestorTitles":["useAuth Coverage Tests","ForgotPassword function - uncovered branches"],"fullName":"useAuth Coverage Tests ForgotPassword function - uncovered branches should handle Error instance without not-found keywords","status":"passed","title":"should handle Error instance without not-found keywords","duration":4.527000000000044,"failureMessages":[],"meta":{}},{"ancestorTitles":["useAuth Coverage Tests","ForgotPassword function - uncovered branches"],"fullName":"useAuth Coverage Tests ForgotPassword function - uncovered branches should handle unknown error type (fallback)","status":"passed","title":"should handle unknown error type (fallback)","duration":6.397500000000946,"failureMessages":[],"meta":{}},{"ancestorTitles":["useAuth Coverage Tests","onCompleted callbacks"],"fullName":"useAuth Coverage Tests onCompleted callbacks should call onCompleted for login mutation","status":"passed","title":"should call onCompleted for login mutation","duration":22.350000000000364,"failureMessages":[],"meta":{}},{"ancestorTitles":["useAuth Coverage Tests","onCompleted callbacks"],"fullName":"useAuth Coverage Tests onCompleted callbacks should call onCompleted for register mutation","status":"passed","title":"should call onCompleted for register mutation","duration":11.85280000000057,"failureMessages":[],"meta":{}},{"ancestorTitles":["useAuth Coverage Tests","onCompleted callbacks"],"fullName":"useAuth Coverage Tests onCompleted callbacks should call onCompleted for changePassword mutation","status":"passed","title":"should call onCompleted for changePassword mutation","duration":4.08009999999922,"failureMessages":[],"meta":{}},{"ancestorTitles":["useAuth Coverage Tests","onCompleted callbacks"],"fullName":"useAuth Coverage Tests onCompleted callbacks should call onCompleted for forgotPassword mutation","status":"passed","title":"should call onCompleted for forgotPassword mutation","duration":3.595100000000457,"failureMessages":[],"meta":{}},{"ancestorTitles":["useAuth Coverage Tests","Additional coverage tests for remaining branches"],"fullName":"useAuth Coverage Tests Additional coverage tests for remaining branches should handle Error instance with password keywords in changePassword (line 207)","status":"passed","title":"should handle Error instance with password keywords in changePassword (line 207)","duration":6.654300000000148,"failureMessages":[],"meta":{}},{"ancestorTitles":["useAuth Coverage Tests","Additional coverage tests for remaining branches"],"fullName":"useAuth Coverage Tests Additional coverage tests for remaining branches should handle GraphQL error with not-found message in forgotPassword (lines 238-240)","status":"passed","title":"should handle GraphQL error with not-found message in forgotPassword (lines 238-240)","duration":4.9372999999995955,"failureMessages":[],"meta":{}},{"ancestorTitles":["useAuth Coverage Tests","Additional coverage tests for remaining branches"],"fullName":"useAuth Coverage Tests Additional coverage tests for remaining branches should handle Error instance with not-found keywords in forgotPassword (line 249)","status":"passed","title":"should handle Error instance with not-found keywords in forgotPassword (line 249)","duration":5.679399999999077,"failureMessages":[],"meta":{}},{"ancestorTitles":["useAuth Coverage Tests","Additional coverage tests for remaining branches"],"fullName":"useAuth Coverage Tests Additional coverage tests for remaining branches should handle fallback error for non-Error instances in login (line 150)","status":"passed","title":"should handle fallback error for non-Error instances in login (line 150)","duration":8.77690000000075,"failureMessages":[],"meta":{}},{"ancestorTitles":["useAuth Coverage Tests","Additional coverage tests for remaining branches"],"fullName":"useAuth Coverage Tests Additional coverage tests for remaining branches should handle fallback error for non-Error instances in register (line 170)","status":"passed","title":"should handle fallback error for non-Error instances in register (line 170)","duration":6.648599999998623,"failureMessages":[],"meta":{}},{"ancestorTitles":["useAuth Coverage Tests","Additional coverage tests for remaining branches"],"fullName":"useAuth Coverage Tests Additional coverage tests for remaining branches should handle fallback error for non-Error instances in changePassword (line 212)","status":"passed","title":"should handle fallback error for non-Error instances in changePassword (line 212)","duration":5.052999999999884,"failureMessages":[],"meta":{}},{"ancestorTitles":["useAuth Coverage Tests","Additional coverage tests for remaining branches"],"fullName":"useAuth Coverage Tests Additional coverage tests for remaining branches should handle fallback error for non-Error instances in forgotPassword (line 254)","status":"passed","title":"should handle fallback error for non-Error instances in forgotPassword (line 254)","duration":6.832000000000335,"failureMessages":[],"meta":{}}],"startTime":1768762398203,"endTime":1768762398402.832,"status":"passed","message":"","name":"C:/dev/aletheia/aletheia-frontend/app/__tests__/hooks/useAuth-coverage.test.tsx"},{"assertionResults":[{"ancestorTitles":["useAuth Edge Cases"],"fullName":"useAuth Edge Cases should have login function that handles errors","status":"passed","title":"should have login function that handles errors","duration":32.14599999999882,"failureMessages":[],"meta":{}},{"ancestorTitles":["useAuth Edge Cases"],"fullName":"useAuth Edge Cases should have changePassword function that handles errors","status":"passed","title":"should have changePassword function that handles errors","duration":3.047999999998865,"failureMessages":[],"meta":{}},{"ancestorTitles":["useAuth Edge Cases"],"fullName":"useAuth Edge Cases should have forgotPassword function that handles errors","status":"passed","title":"should have forgotPassword function that handles errors","duration":2.623199999999997,"failureMessages":[],"meta":{}},{"ancestorTitles":["useAuth Edge Cases"],"fullName":"useAuth Edge Cases should have register function that handles errors","status":"passed","title":"should have register function that handles errors","duration":2.483299999999872,"failureMessages":[],"meta":{}},{"ancestorTitles":["useAuth Edge Cases"],"fullName":"useAuth Edge Cases should return loading state","status":"passed","title":"should return loading state","duration":3.2589000000007218,"failureMessages":[],"meta":{}},{"ancestorTitles":["useAuth Edge Cases"],"fullName":"useAuth Edge Cases should return error state","status":"passed","title":"should return error state","duration":2.146999999999025,"failureMessages":[],"meta":{}}],"startTime":1768762420915,"endTime":1768762420961.147,"status":"passed","message":"","name":"C:/dev/aletheia/aletheia-frontend/app/__tests__/hooks/useAuth-edge-cases.test.tsx"},{"assertionResults":[{"ancestorTitles":["useAuth Error Paths"],"fullName":"useAuth Error Paths should handle network errors in login","status":"passed","title":"should handle network errors in login","duration":60.12790000000132,"failureMessages":[],"meta":{}},{"ancestorTitles":["useAuth Error Paths"],"fullName":"useAuth Error Paths should handle GraphQL errors in login","status":"passed","title":"should handle GraphQL errors in login","duration":8.427299999999377,"failureMessages":[],"meta":{}},{"ancestorTitles":["useAuth Error Paths"],"fullName":"useAuth Error Paths should handle invalid password errors in login","status":"passed","title":"should handle invalid password errors in login","duration":8.024100000000544,"failureMessages":[],"meta":{}},{"ancestorTitles":["useAuth Error Paths"],"fullName":"useAuth Error Paths should handle email already exists in register","status":"passed","title":"should handle email already exists in register","duration":5.900599999999031,"failureMessages":[],"meta":{}},{"ancestorTitles":["useAuth Error Paths"],"fullName":"useAuth Error Paths should handle network errors in register","status":"passed","title":"should handle network errors in register","duration":8.925100000000384,"failureMessages":[],"meta":{}},{"ancestorTitles":["useAuth Error Paths"],"fullName":"useAuth Error Paths should handle incorrect current password in changePassword","status":"passed","title":"should handle incorrect current password in changePassword","duration":6.111000000000786,"failureMessages":[],"meta":{}},{"ancestorTitles":["useAuth Error Paths"],"fullName":"useAuth Error Paths should handle network errors in changePassword","status":"passed","title":"should handle network errors in changePassword","duration":8.804400000000896,"failureMessages":[],"meta":{}},{"ancestorTitles":["useAuth Error Paths"],"fullName":"useAuth Error Paths should handle email not found in forgotPassword","status":"passed","title":"should handle email not found in forgotPassword","duration":5.8945999999996275,"failureMessages":[],"meta":{}},{"ancestorTitles":["useAuth Error Paths"],"fullName":"useAuth Error Paths should handle network errors in forgotPassword","status":"passed","title":"should handle network errors in forgotPassword","duration":5.6415000000015425,"failureMessages":[],"meta":{}},{"ancestorTitles":["useAuth Error Paths"],"fullName":"useAuth Error Paths should handle login with null data response","status":"passed","title":"should handle login with null data response","duration":14.847799999999552,"failureMessages":[],"meta":{}},{"ancestorTitles":["useAuth Error Paths"],"fullName":"useAuth Error Paths should handle register with null data response","status":"passed","title":"should handle register with null data response","duration":8.07419999999911,"failureMessages":[],"meta":{}},{"ancestorTitles":["useAuth Error Paths"],"fullName":"useAuth Error Paths should handle changePassword with null data response","status":"passed","title":"should handle changePassword with null data response","duration":4.6458999999995285,"failureMessages":[],"meta":{}},{"ancestorTitles":["useAuth Error Paths"],"fullName":"useAuth Error Paths should handle forgotPassword with null data response","status":"passed","title":"should handle forgotPassword with null data response","duration":4.012699999999313,"failureMessages":[],"meta":{}}],"startTime":1768762408756,"endTime":1768762408906.0127,"status":"passed","message":"","name":"C:/dev/aletheia/aletheia-frontend/app/__tests__/hooks/useAuth-error-paths.test.tsx"},{"assertionResults":[{"ancestorTitles":["useAuth Fallback Paths (Direct Mock)"],"fullName":"useAuth Fallback Paths (Direct Mock) should handle non-Error instance fallback in login (line 150)","status":"passed","title":"should handle non-Error instance fallback in login (line 150)","duration":31.431500000000597,"failureMessages":[],"meta":{}},{"ancestorTitles":["useAuth Fallback Paths (Direct Mock)"],"fullName":"useAuth Fallback Paths (Direct Mock) should handle non-Error instance fallback in register (line 170)","status":"passed","title":"should handle non-Error instance fallback in register (line 170)","duration":3.2559999999994034,"failureMessages":[],"meta":{}},{"ancestorTitles":["useAuth Fallback Paths (Direct Mock)"],"fullName":"useAuth Fallback Paths (Direct Mock) should handle non-Error instance fallback in changePassword (line 212)","status":"passed","title":"should handle non-Error instance fallback in changePassword (line 212)","duration":3.317800000000716,"failureMessages":[],"meta":{}},{"ancestorTitles":["useAuth Fallback Paths (Direct Mock)"],"fullName":"useAuth Fallback Paths (Direct Mock) should handle non-Error instance fallback in forgotPassword (line 254)","status":"passed","title":"should handle non-Error instance fallback in forgotPassword (line 254)","duration":3.030300000000352,"failureMessages":[],"meta":{}}],"startTime":1768762420711,"endTime":1768762420752.0303,"status":"passed","message":"","name":"C:/dev/aletheia/aletheia-frontend/app/__tests__/hooks/useAuth-fallback-direct.test.tsx"},{"assertionResults":[{"ancestorTitles":["useAuth"],"fullName":"useAuth should initialize with no token","status":"passed","title":"should initialize with no token","duration":34.12760000000162,"failureMessages":[],"meta":{}},{"ancestorTitles":["useAuth"],"fullName":"useAuth should initialize with token from localStorage","status":"passed","title":"should initialize with token from localStorage","duration":70.78610000000117,"failureMessages":[],"meta":{}},{"ancestorTitles":["useAuth"],"fullName":"useAuth should call logout and clear token","status":"passed","title":"should call logout and clear token","duration":4.054300000001604,"failureMessages":[],"meta":{}},{"ancestorTitles":["useAuth"],"fullName":"useAuth should handle login mutation","status":"passed","title":"should handle login mutation","duration":3.399999999999636,"failureMessages":[],"meta":{}},{"ancestorTitles":["useAuth"],"fullName":"useAuth should handle register mutation","status":"passed","title":"should handle register mutation","duration":2.7551000000003114,"failureMessages":[],"meta":{}},{"ancestorTitles":["useAuth"],"fullName":"useAuth should handle changePassword function","status":"passed","title":"should handle changePassword function","duration":1.8052999999999884,"failureMessages":[],"meta":{}},{"ancestorTitles":["useAuth"],"fullName":"useAuth should handle forgotPassword function","status":"passed","title":"should handle forgotPassword function","duration":1.6418000000012398,"failureMessages":[],"meta":{}},{"ancestorTitles":["useAuth"],"fullName":"useAuth should return isInitialized state","status":"passed","title":"should return isInitialized state","duration":2.594099999998434,"failureMessages":[],"meta":{}}],"startTime":1768762417504,"endTime":1768762417625.594,"status":"passed","message":"","name":"C:/dev/aletheia/aletheia-frontend/app/__tests__/hooks/useAuth.test.tsx"},{"assertionResults":[{"ancestorTitles":["useHello"],"fullName":"useHello should return hook with expected properties","status":"passed","title":"should return hook with expected properties","duration":30.332099999999627,"failureMessages":[],"meta":{}},{"ancestorTitles":["useHello"],"fullName":"useHello should have loading state initially","status":"passed","title":"should have loading state initially","duration":3.274199999999837,"failureMessages":[],"meta":{}},{"ancestorTitles":["useHello"],"fullName":"useHello should return hello when data exists","status":"passed","title":"should return hello when data exists","duration":2.1600999999991473,"failureMessages":[],"meta":{}},{"ancestorTitles":["useHello"],"fullName":"useHello should return undefined when data does not exist","status":"passed","title":"should return undefined when data does not exist","duration":1.959899999999834,"failureMessages":[],"meta":{}}],"startTime":1768762422748,"endTime":1768762422785.96,"status":"passed","message":"","name":"C:/dev/aletheia/aletheia-frontend/app/__tests__/hooks/useHello.test.tsx"},{"assertionResults":[{"ancestorTitles":["useTheme Edge Cases"],"fullName":"useTheme Edge Cases should handle system theme with dark mode preference","status":"passed","title":"should handle system theme with dark mode preference","duration":27.69419999999991,"failureMessages":[],"meta":{}},{"ancestorTitles":["useTheme Edge Cases"],"fullName":"useTheme Edge Cases should handle system theme with light mode preference","status":"passed","title":"should handle system theme with light mode preference","duration":2.3092999999998938,"failureMessages":[],"meta":{}},{"ancestorTitles":["useTheme Edge Cases"],"fullName":"useTheme Edge Cases should handle invalid theme value in localStorage","status":"passed","title":"should handle invalid theme value in localStorage","duration":2.38550000000032,"failureMessages":[],"meta":{}},{"ancestorTitles":["useTheme Edge Cases"],"fullName":"useTheme Edge Cases should handle empty string in localStorage","status":"passed","title":"should handle empty string in localStorage","duration":2.548399999999674,"failureMessages":[],"meta":{}},{"ancestorTitles":["useTheme Edge Cases"],"fullName":"useTheme Edge Cases should handle system theme change listener","status":"passed","title":"should handle system theme change listener","duration":3.6760000000003856,"failureMessages":[],"meta":{}},{"ancestorTitles":["useTheme Edge Cases"],"fullName":"useTheme Edge Cases should handle theme mode change to system","status":"passed","title":"should handle theme mode change to system","duration":4.637000000000626,"failureMessages":[],"meta":{}},{"ancestorTitles":["useTheme Edge Cases"],"fullName":"useTheme Edge Cases should handle all toggle transitions","status":"passed","title":"should handle all toggle transitions","duration":3.5262000000002445,"failureMessages":[],"meta":{}},{"ancestorTitles":["useTheme Edge Cases"],"fullName":"useTheme Edge Cases should persist theme to localStorage when set","status":"passed","title":"should persist theme to localStorage when set","duration":2.202400000000125,"failureMessages":[],"meta":{}},{"ancestorTitles":["useTheme Edge Cases"],"fullName":"useTheme Edge Cases should handle isInitialized state","status":"passed","title":"should handle isInitialized state","duration":36.04309999999987,"failureMessages":[],"meta":{}},{"ancestorTitles":["useTheme Edge Cases"],"fullName":"useTheme Edge Cases should handle actualTheme calculation for system mode","status":"passed","title":"should handle actualTheme calculation for system mode","duration":4.576799999999821,"failureMessages":[],"meta":{}},{"ancestorTitles":["useTheme Edge Cases"],"fullName":"useTheme Edge Cases should trigger handleChange callback when system theme changes to dark","status":"passed","title":"should trigger handleChange callback when system theme changes to dark","duration":85.38820000000032,"failureMessages":[],"meta":{}},{"ancestorTitles":["useTheme Edge Cases"],"fullName":"useTheme Edge Cases should trigger handleChange callback when system theme changes to light","status":"passed","title":"should trigger handleChange callback when system theme changes to light","duration":93.35549999999967,"failureMessages":[],"meta":{}},{"ancestorTitles":["useTheme Edge Cases"],"fullName":"useTheme Edge Cases should handle cleanup of media query listener","status":"passed","title":"should handle cleanup of media query listener","duration":93.22199999999975,"failureMessages":[],"meta":{}},{"ancestorTitles":["useTheme Edge Cases"],"fullName":"useTheme Edge Cases should handle SSR environment","status":"passed","title":"should handle SSR environment","duration":14.568699999999808,"failureMessages":[],"meta":{}}],"startTime":1768762373176,"endTime":1768762373552.5686,"status":"passed","message":"","name":"C:/dev/aletheia/aletheia-frontend/app/__tests__/hooks/useTheme-edge-cases.test.tsx"},{"assertionResults":[{"ancestorTitles":["useTheme"],"fullName":"useTheme should initialize with system theme by default","status":"passed","title":"should initialize with system theme by default","duration":27.524099999999635,"failureMessages":[],"meta":{}},{"ancestorTitles":["useTheme"],"fullName":"useTheme should load theme from localStorage","status":"passed","title":"should load theme from localStorage","duration":91.60250000000087,"failureMessages":[],"meta":{}},{"ancestorTitles":["useTheme"],"fullName":"useTheme should change theme mode","status":"passed","title":"should change theme mode","duration":3.0887000000002445,"failureMessages":[],"meta":{}},{"ancestorTitles":["useTheme"],"fullName":"useTheme should toggle theme","status":"passed","title":"should toggle theme","duration":4.142299999999523,"failureMessages":[],"meta":{}},{"ancestorTitles":["useTheme"],"fullName":"useTheme should determine actual theme for light mode","status":"passed","title":"should determine actual theme for light mode","duration":85.79119999999966,"failureMessages":[],"meta":{}},{"ancestorTitles":["useTheme"],"fullName":"useTheme should determine actual theme for dark mode","status":"passed","title":"should determine actual theme for dark mode","duration":93.15459999999985,"failureMessages":[],"meta":{}},{"ancestorTitles":["useTheme"],"fullName":"useTheme should handle system theme changes with dark mode","status":"passed","title":"should handle system theme changes with dark mode","duration":91.78589999999986,"failureMessages":[],"meta":{}},{"ancestorTitles":["useTheme"],"fullName":"useTheme should handle system theme changes with light mode","status":"passed","title":"should handle system theme changes with light mode","duration":2.4742000000005646,"failureMessages":[],"meta":{}},{"ancestorTitles":["useTheme"],"fullName":"useTheme should throw error when used outside ThemeProvider","status":"passed","title":"should throw error when used outside ThemeProvider","duration":10.185999999999694,"failureMessages":[],"meta":{}}],"startTime":1768762367561,"endTime":1768762367970.186,"status":"passed","message":"","name":"C:/dev/aletheia/aletheia-frontend/app/__tests__/hooks/useTheme.test.tsx"},{"assertionResults":[{"ancestorTitles":["Apollo Client Error Handling Integration"],"fullName":"Apollo Client Error Handling Integration should handle GraphQL errors in components","status":"passed","title":"should handle GraphQL errors in components","duration":274.89900000000125,"failureMessages":[],"meta":{}},{"ancestorTitles":["Apollo Client Error Handling Integration"],"fullName":"Apollo Client Error Handling Integration should handle network errors in components","status":"passed","title":"should handle network errors in components","duration":49.839200000000346,"failureMessages":[],"meta":{}},{"ancestorTitles":["Apollo Client Error Handling Integration"],"fullName":"Apollo Client Error Handling Integration should handle loading states","status":"passed","title":"should handle loading states","duration":68.61499999999978,"failureMessages":[],"meta":{}},{"ancestorTitles":["Apollo Client Error Handling Integration"],"fullName":"Apollo Client Error Handling Integration should handle successful data loading","status":"passed","title":"should handle successful data loading","duration":30.95850000000064,"failureMessages":[],"meta":{}}],"startTime":1768762383715,"endTime":1768762384139.9585,"status":"passed","message":"","name":"C:/dev/aletheia/aletheia-frontend/app/__tests__/integration/apollo-error-handling.test.tsx"},{"assertionResults":[{"ancestorTitles":["Authentication Flow Integration","Login Flow"],"fullName":"Authentication Flow Integration Login Flow should complete login flow successfully","status":"passed","title":"should complete login flow successfully","duration":1092.5652999999947,"failureMessages":[],"meta":{}},{"ancestorTitles":["Authentication Flow Integration","Login Flow"],"fullName":"Authentication Flow Integration Login Flow should handle login error and display message","status":"passed","title":"should handle login error and display message","duration":449.3588000000018,"failureMessages":[],"meta":{}},{"ancestorTitles":["Authentication Flow Integration","Registration Flow"],"fullName":"Authentication Flow Integration Registration Flow should complete registration flow successfully","status":"passed","title":"should complete registration flow successfully","duration":632.0518999999986,"failureMessages":[],"meta":{}},{"ancestorTitles":["Authentication Flow Integration","Registration Flow"],"fullName":"Authentication Flow Integration Registration Flow should validate password requirements during registration","status":"passed","title":"should validate password requirements during registration","duration":366.3355999999985,"failureMessages":[],"meta":{}},{"ancestorTitles":["Authentication Flow Integration","Change Password Flow"],"fullName":"Authentication Flow Integration Change Password Flow should complete change password flow successfully","status":"passed","title":"should complete change password flow successfully","duration":538.0527000000002,"failureMessages":[],"meta":{}},{"ancestorTitles":["Authentication Flow Integration","Change Password Flow"],"fullName":"Authentication Flow Integration Change Password Flow should validate password match in change password form","status":"passed","title":"should validate password match in change password form","duration":248.97230000000127,"failureMessages":[],"meta":{}},{"ancestorTitles":["Authentication Flow Integration","Forgot Password Flow"],"fullName":"Authentication Flow Integration Forgot Password Flow should complete forgot password flow successfully","status":"passed","title":"should complete forgot password flow successfully","duration":295.77620000000024,"failureMessages":[],"meta":{}},{"ancestorTitles":["Authentication Flow Integration","Forgot Password Flow"],"fullName":"Authentication Flow Integration Forgot Password Flow should validate email format in forgot password form","status":"passed","title":"should validate email format in forgot password form","duration":265.7679999999964,"failureMessages":[],"meta":{}},{"ancestorTitles":["Authentication Flow Integration","Form Interactions"],"fullName":"Authentication Flow Integration Form Interactions should switch between login and register modes","status":"passed","title":"should switch between login and register modes","duration":332.43559999999707,"failureMessages":[],"meta":{}},{"ancestorTitles":["Authentication Flow Integration","Form Interactions"],"fullName":"Authentication Flow Integration Form Interactions should open forgot password dialog from login form","status":"passed","title":"should open forgot password dialog from login form","duration":167.1270000000004,"failureMessages":[],"meta":{}}],"startTime":1768762347095,"endTime":1768762351485.127,"status":"passed","message":"","name":"C:/dev/aletheia/aletheia-frontend/app/__tests__/integration/auth-flow.test.tsx"},{"assertionResults":[{"ancestorTitles":["Form Validation Flow Integration","Login Form Validation"],"fullName":"Form Validation Flow Integration Login Form Validation should validate required fields","status":"passed","title":"should validate required fields","duration":1035.2569000000003,"failureMessages":[],"meta":{}},{"ancestorTitles":["Form Validation Flow Integration","Login Form Validation"],"fullName":"Form Validation Flow Integration Login Form Validation should validate password is required","status":"passed","title":"should validate password is required","duration":359.12370000000374,"failureMessages":[],"meta":{}},{"ancestorTitles":["Form Validation Flow Integration","Change Password Form Validation"],"fullName":"Form Validation Flow Integration Change Password Form Validation should validate all required fields","status":"passed","title":"should validate all required fields","duration":537.6738000000041,"failureMessages":[],"meta":{}},{"ancestorTitles":["Form Validation Flow Integration","Change Password Form Validation"],"fullName":"Form Validation Flow Integration Change Password Form Validation should validate password match","status":"passed","title":"should validate password match","duration":544.5609999999942,"failureMessages":[],"meta":{}},{"ancestorTitles":["Form Validation Flow Integration","Change Password Form Validation"],"fullName":"Form Validation Flow Integration Change Password Form Validation should validate password requirements","status":"passed","title":"should validate password requirements","duration":437.7690999999977,"failureMessages":[],"meta":{}},{"ancestorTitles":["Form Validation Flow Integration","Change Password Form Validation"],"fullName":"Form Validation Flow Integration Change Password Form Validation should validate new password is different from current","status":"passed","title":"should validate new password is different from current","duration":407.96399999999994,"failureMessages":[],"meta":{}},{"ancestorTitles":["Form Validation Flow Integration","Forgot Password Form Validation"],"fullName":"Form Validation Flow Integration Forgot Password Form Validation should validate email is required","status":"passed","title":"should validate email is required","duration":265.62229999999545,"failureMessages":[],"meta":{}},{"ancestorTitles":["Form Validation Flow Integration","Forgot Password Form Validation"],"fullName":"Form Validation Flow Integration Forgot Password Form Validation should validate email format","status":"passed","title":"should validate email format","duration":303.133600000001,"failureMessages":[],"meta":{}},{"ancestorTitles":["Form Validation Flow Integration","Error State Management"],"fullName":"Form Validation Flow Integration Error State Management should clear errors when user starts typing","status":"passed","title":"should clear errors when user starts typing","duration":332.62749999999505,"failureMessages":[],"meta":{}},{"ancestorTitles":["Form Validation Flow Integration","Error State Management"],"fullName":"Form Validation Flow Integration Error State Management should handle multiple validation errors sequentially","status":"passed","title":"should handle multiple validation errors sequentially","duration":465.3275999999969,"failureMessages":[],"meta":{}}],"startTime":1768762346760,"endTime":1768762351450.3276,"status":"passed","message":"","name":"C:/dev/aletheia/aletheia-frontend/app/__tests__/integration/form-validation-flow.test.tsx"},{"assertionResults":[{"ancestorTitles":["constants","GRAPHQL_URL"],"fullName":"constants GRAPHQL_URL should have a default value","status":"passed","title":"should have a default value","duration":2.2156999999997424,"failureMessages":[],"meta":{}},{"ancestorTitles":["constants","GRAPHQL_URL"],"fullName":"constants GRAPHQL_URL should default to localhost:3000/graphql if env var not set","status":"passed","title":"should default to localhost:3000/graphql if env var not set","duration":0.4040999999997439,"failureMessages":[],"meta":{}},{"ancestorTitles":["constants","API_URL"],"fullName":"constants API_URL should have a default value","status":"passed","title":"should have a default value","duration":0.3006999999997788,"failureMessages":[],"meta":{}},{"ancestorTitles":["constants","API_URL"],"fullName":"constants API_URL should default to localhost:3000 if env var not set","status":"passed","title":"should default to localhost:3000 if env var not set","duration":0.1562000000003536,"failureMessages":[],"meta":{}},{"ancestorTitles":["constants","AUTH_TOKEN_KEY"],"fullName":"constants AUTH_TOKEN_KEY should be a string constant","status":"passed","title":"should be a string constant","duration":0.21600000000034925,"failureMessages":[],"meta":{}},{"ancestorTitles":["constants","AUTH_TOKEN_KEY"],"fullName":"constants AUTH_TOKEN_KEY should have a consistent value","status":"passed","title":"should have a consistent value","duration":0.19730000000072323,"failureMessages":[],"meta":{}}],"startTime":1768762427057,"endTime":1768762427061.216,"status":"passed","message":"","name":"C:/dev/aletheia/aletheia-frontend/app/__tests__/lib/constants.test.ts"},{"assertionResults":[{"ancestorTitles":["emotion-cache","createEmotionCache"],"fullName":"emotion-cache createEmotionCache should create a cache with correct key","status":"passed","title":"should create a cache with correct key","duration":10.272399999999834,"failureMessages":[],"meta":{}},{"ancestorTitles":["emotion-cache","createEmotionCache"],"fullName":"emotion-cache createEmotionCache should create cache with prepend option","status":"passed","title":"should create cache with prepend option","duration":0.4849000000003798,"failureMessages":[],"meta":{}},{"ancestorTitles":["emotion-cache","createEmotionCache"],"fullName":"emotion-cache createEmotionCache should handle browser environment","status":"passed","title":"should handle browser environment","duration":4.639900000000125,"failureMessages":[],"meta":{}},{"ancestorTitles":["emotion-cache","createEmotionCache"],"fullName":"emotion-cache createEmotionCache should handle missing emotion insertion point","status":"passed","title":"should handle missing emotion insertion point","duration":0.534099999999853,"failureMessages":[],"meta":{}},{"ancestorTitles":["emotion-cache","createEmotionCache"],"fullName":"emotion-cache createEmotionCache should work in non-browser environment","status":"passed","title":"should work in non-browser environment","duration":1.4600000000000364,"failureMessages":[],"meta":{}}],"startTime":1768762421777,"endTime":1768762421795.46,"status":"passed","message":"","name":"C:/dev/aletheia/aletheia-frontend/app/__tests__/lib/emotion-cache.test.ts"},{"assertionResults":[{"ancestorTitles":["Dashboard Page"],"fullName":"Dashboard Page should render the evidence-first entry message","status":"passed","title":"should render the evidence-first entry message","duration":1719.3462,"failureMessages":[],"meta":{}},{"ancestorTitles":["Dashboard Page"],"fullName":"Dashboard Page should render primary navigation items","status":"passed","title":"should render primary navigation items","duration":217.69509999999718,"failureMessages":[],"meta":{}}],"startTime":1768762347371,"endTime":1768762349308.695,"status":"passed","message":"","name":"C:/dev/aletheia/aletheia-frontend/app/__tests__/pages/dashboard.test.tsx"},{"assertionResults":[{"ancestorTitles":["Home Page"],"fullName":"Home Page should show loading state when not mounted","status":"passed","title":"should show loading state when not mounted","duration":311.7175999999963,"failureMessages":[],"meta":{}},{"ancestorTitles":["Home Page"],"fullName":"Home Page should show login form when not authenticated","status":"passed","title":"should show login form when not authenticated","duration":956.9377000000022,"failureMessages":[],"meta":{}},{"ancestorTitles":["Home Page"],"fullName":"Home Page should redirect to dashboard when authenticated","status":"passed","title":"should redirect to dashboard when authenticated","duration":111.47030000000086,"failureMessages":[],"meta":{}},{"ancestorTitles":["Home Page"],"fullName":"Home Page should show redirecting message when authenticated","status":"passed","title":"should show redirecting message when authenticated","duration":99.50070000000414,"failureMessages":[],"meta":{}},{"ancestorTitles":["Home Page"],"fullName":"Home Page should display app title","status":"passed","title":"should display app title","duration":33.78089999999793,"failureMessages":[],"meta":{}},{"ancestorTitles":["Home Page"],"fullName":"Home Page should display theme toggle in app bar","status":"passed","title":"should display theme toggle in app bar","duration":37.77349999999569,"failureMessages":[],"meta":{}}],"startTime":1768762346507,"endTime":1768762348058.7734,"status":"passed","message":"","name":"C:/dev/aletheia/aletheia-frontend/app/__tests__/pages/home.test.tsx"},{"assertionResults":[{"ancestorTitles":["ApolloClientProvider"],"fullName":"ApolloClientProvider should render children","status":"passed","title":"should render children","duration":60.4322000000011,"failureMessages":[],"meta":{}},{"ancestorTitles":["ApolloClientProvider"],"fullName":"ApolloClientProvider should handle SSR environment","status":"passed","title":"should handle SSR environment","duration":10.965699999998833,"failureMessages":[],"meta":{}},{"ancestorTitles":["ApolloClientProvider"],"fullName":"ApolloClientProvider should use getApolloClient on client side","status":"passed","title":"should use getApolloClient on client side","duration":2.6432999999997264,"failureMessages":[],"meta":{}},{"ancestorTitles":["ApolloClientProvider"],"fullName":"ApolloClientProvider should handle error when creating Apollo Client","status":"passed","title":"should handle error when creating Apollo Client","duration":5.994100000001708,"failureMessages":[],"meta":{}},{"ancestorTitles":["ApolloClientProvider"],"fullName":"ApolloClientProvider should provide Apollo context to children","status":"passed","title":"should provide Apollo context to children","duration":4.825600000000122,"failureMessages":[],"meta":{}}],"startTime":1768762418180,"endTime":1768762418264.8257,"status":"passed","message":"","name":"C:/dev/aletheia/aletheia-frontend/app/__tests__/providers/apollo-provider.test.tsx"},{"assertionResults":[{"ancestorTitles":["MuiThemeProvider"],"fullName":"MuiThemeProvider should render children","status":"passed","title":"should render children","duration":116.05789999999979,"failureMessages":[],"meta":{}},{"ancestorTitles":["MuiThemeProvider"],"fullName":"MuiThemeProvider should provide theme context","status":"passed","title":"should provide theme context","duration":15.728500000000167,"failureMessages":[],"meta":{}},{"ancestorTitles":["MuiThemeProvider"],"fullName":"MuiThemeProvider should handle theme switching","status":"passed","title":"should handle theme switching","duration":16.28440000000046,"failureMessages":[],"meta":{}},{"ancestorTitles":["MuiThemeProvider"],"fullName":"MuiThemeProvider should work with nested providers","status":"passed","title":"should work with nested providers","duration":10.751800000000003,"failureMessages":[],"meta":{}}],"startTime":1768762413293,"endTime":1768762413451.7517,"status":"passed","message":"","name":"C:/dev/aletheia/aletheia-frontend/app/__tests__/providers/mui-theme-provider.test.tsx"},{"assertionResults":[{"ancestorTitles":["apollo-client Edge Cases"],"fullName":"apollo-client Edge Cases should throw error when created on server side","status":"passed","title":"should throw error when created on server side","duration":3.9440000000004147,"failureMessages":[],"meta":{}},{"ancestorTitles":["apollo-client Edge Cases"],"fullName":"apollo-client Edge Cases should include auth token in headers when token exists","status":"passed","title":"should include auth token in headers when token exists","duration":3.786000000000058,"failureMessages":[],"meta":{}},{"ancestorTitles":["apollo-client Edge Cases"],"fullName":"apollo-client Edge Cases should work without auth token","status":"passed","title":"should work without auth token","duration":0.2807999999995445,"failureMessages":[],"meta":{}},{"ancestorTitles":["apollo-client Edge Cases"],"fullName":"apollo-client Edge Cases should return same instance on multiple calls (singleton pattern)","status":"passed","title":"should return same instance on multiple calls (singleton pattern)","duration":0.4345000000002983,"failureMessages":[],"meta":{}},{"ancestorTitles":["apollo-client Edge Cases"],"fullName":"apollo-client Edge Cases should have error policy configured","status":"passed","title":"should have error policy configured","duration":0.3559000000004744,"failureMessages":[],"meta":{}},{"ancestorTitles":["apollo-client Edge Cases"],"fullName":"apollo-client Edge Cases should have InMemoryCache configured","status":"passed","title":"should have InMemoryCache configured","duration":0.2422999999998865,"failureMessages":[],"meta":{}}],"startTime":1768762427468,"endTime":1768762427477.356,"status":"passed","message":"","name":"C:/dev/aletheia/aletheia-frontend/app/__tests__/services/apollo-client-edge-cases.test.ts"},{"assertionResults":[{"ancestorTitles":["Apollo Client Error Scenarios"],"fullName":"Apollo Client Error Scenarios should handle GraphQL errors with Unauthorized message","status":"passed","title":"should handle GraphQL errors with Unauthorized message","duration":5.731999999999971,"failureMessages":[],"meta":{}},{"ancestorTitles":["Apollo Client Error Scenarios"],"fullName":"Apollo Client Error Scenarios should handle GraphQL errors with Invalid token message","status":"passed","title":"should handle GraphQL errors with Invalid token message","duration":0.39179999999942083,"failureMessages":[],"meta":{}},{"ancestorTitles":["Apollo Client Error Scenarios"],"fullName":"Apollo Client Error Scenarios should include auth token in headers when token exists","status":"passed","title":"should include auth token in headers when token exists","duration":0.2960000000002765,"failureMessages":[],"meta":{}},{"ancestorTitles":["Apollo Client Error Scenarios"],"fullName":"Apollo Client Error Scenarios should not include auth token when token is null","status":"passed","title":"should not include auth token when token is null","duration":0.28369999999995343,"failureMessages":[],"meta":{}},{"ancestorTitles":["Apollo Client Error Scenarios"],"fullName":"Apollo Client Error Scenarios should handle network errors","status":"passed","title":"should handle network errors","duration":0.3338000000003376,"failureMessages":[],"meta":{}},{"ancestorTitles":["Apollo Client Error Scenarios"],"fullName":"Apollo Client Error Scenarios should have error policy configured for all operations","status":"passed","title":"should have error policy configured for all operations","duration":0.5742000000000189,"failureMessages":[],"meta":{}}],"startTime":1768762427723,"endTime":1768762427730.5742,"status":"passed","message":"","name":"C:/dev/aletheia/aletheia-frontend/app/__tests__/services/apollo-client-error-scenarios.test.ts"},{"assertionResults":[{"ancestorTitles":["errorLinkHandler Tests"],"fullName":"errorLinkHandler Tests should handle CombinedGraphQLErrors errors","status":"passed","title":"should handle CombinedGraphQLErrors errors","duration":5.347600000000057,"failureMessages":[],"meta":{}},{"ancestorTitles":["errorLinkHandler Tests"],"fullName":"errorLinkHandler Tests should handle GraphQL errors with Unauthorized message and clear token","status":"passed","title":"should handle GraphQL errors with Unauthorized message and clear token","duration":0.9072999999998501,"failureMessages":[],"meta":{}},{"ancestorTitles":["errorLinkHandler Tests"],"fullName":"errorLinkHandler Tests should handle GraphQL errors with Invalid token message and clear token","status":"passed","title":"should handle GraphQL errors with Invalid token message and clear token","duration":0.5309999999999491,"failureMessages":[],"meta":{}},{"ancestorTitles":["errorLinkHandler Tests"],"fullName":"errorLinkHandler Tests should handle network errors","status":"passed","title":"should handle network errors","duration":0.49179999999978463,"failureMessages":[],"meta":{}},{"ancestorTitles":["errorLinkHandler Tests"],"fullName":"errorLinkHandler Tests should handle GraphQL errors with locations and path","status":"passed","title":"should handle GraphQL errors with locations and path","duration":0.8215999999993073,"failureMessages":[],"meta":{}}],"startTime":1768762426937,"endTime":1768762426945.8215,"status":"passed","message":"","name":"C:/dev/aletheia/aletheia-frontend/app/__tests__/services/apollo-client-errorlink-callback.test.ts"},{"assertionResults":[{"ancestorTitles":["Apollo Client Links","authLink"],"fullName":"Apollo Client Links authLink should add authorization header when token exists","status":"passed","title":"should add authorization header when token exists","duration":8.728299999999763,"failureMessages":[],"meta":{}},{"ancestorTitles":["Apollo Client Links","authLink"],"fullName":"Apollo Client Links authLink should not add authorization header when token does not exist","status":"passed","title":"should not add authorization header when token does not exist","duration":0.7671000000000276,"failureMessages":[],"meta":{}},{"ancestorTitles":["Apollo Client Links","authLink"],"fullName":"Apollo Client Links authLink should preserve existing headers","status":"passed","title":"should preserve existing headers","duration":0.8680000000003929,"failureMessages":[],"meta":{}},{"ancestorTitles":["Apollo Client Links","errorLink"],"fullName":"Apollo Client Links errorLink should handle GraphQL errors","status":"passed","title":"should handle GraphQL errors","duration":23.04190000000017,"failureMessages":[],"meta":{}},{"ancestorTitles":["Apollo Client Links","errorLink"],"fullName":"Apollo Client Links errorLink should handle authentication errors and clear token","status":"passed","title":"should handle authentication errors and clear token","duration":15.184000000000196,"failureMessages":[],"meta":{}},{"ancestorTitles":["Apollo Client Links","errorLink"],"fullName":"Apollo Client Links errorLink should handle \"Invalid token\" errors and clear token","status":"passed","title":"should handle \"Invalid token\" errors and clear token","duration":15.132699999999204,"failureMessages":[],"meta":{}},{"ancestorTitles":["Apollo Client Links","errorLink"],"fullName":"Apollo Client Links errorLink should handle network errors","status":"passed","title":"should handle network errors","duration":16.037500000000364,"failureMessages":[],"meta":{}},{"ancestorTitles":["Apollo Client Links","errorLink"],"fullName":"Apollo Client Links errorLink should handle GraphQL errors with locations and path","status":"passed","title":"should handle GraphQL errors with locations and path","duration":15.39850000000115,"failureMessages":[],"meta":{}}],"startTime":1768762417170,"endTime":1768762417265.3984,"status":"passed","message":"","name":"C:/dev/aletheia/aletheia-frontend/app/__tests__/services/apollo-client-links.test.ts"},{"assertionResults":[{"ancestorTitles":["Apollo Client SSR Guard"],"fullName":"Apollo Client SSR Guard should throw error when window is undefined (SSR guard)","status":"passed","title":"should throw error when window is undefined (SSR guard)","duration":4.001199999999699,"failureMessages":[],"meta":{}},{"ancestorTitles":["Apollo Client SSR Guard"],"fullName":"Apollo Client SSR Guard should create client when window is defined","status":"passed","title":"should create client when window is defined","duration":3.3926000000001295,"failureMessages":[],"meta":{}}],"startTime":1768762427967,"endTime":1768762427974.3926,"status":"passed","message":"","name":"C:/dev/aletheia/aletheia-frontend/app/__tests__/services/apollo-client-ssr.test.ts"},{"assertionResults":[{"ancestorTitles":["apollo-client"],"fullName":"apollo-client should create Apollo Client instance","status":"passed","title":"should create Apollo Client instance","duration":5.63130000000001,"failureMessages":[],"meta":{}},{"ancestorTitles":["apollo-client"],"fullName":"apollo-client should return same instance on multiple calls (singleton)","status":"passed","title":"should return same instance on multiple calls (singleton)","duration":0.5120999999999185,"failureMessages":[],"meta":{}},{"ancestorTitles":["apollo-client"],"fullName":"apollo-client should have defaultOptions configured","status":"passed","title":"should have defaultOptions configured","duration":0.33650000000034197,"failureMessages":[],"meta":{}},{"ancestorTitles":["apollo-client"],"fullName":"apollo-client should have InMemoryCache configured","status":"passed","title":"should have InMemoryCache configured","duration":0.8522999999995591,"failureMessages":[],"meta":{}}],"startTime":1768762425769,"endTime":1768762425775.8523,"status":"passed","message":"","name":"C:/dev/aletheia/aletheia-frontend/app/__tests__/services/apollo-client.test.ts"},{"assertionResults":[{"ancestorTitles":["AIRationalePanel Edge Cases"],"fullName":"AIRationalePanel Edge Cases should handle empty string title","status":"passed","title":"should handle empty string title","duration":151.64220000000023,"failureMessages":[],"meta":{}},{"ancestorTitles":["AIRationalePanel Edge Cases"],"fullName":"AIRationalePanel Edge Cases should handle rationale with empty reasoning","status":"passed","title":"should handle rationale with empty reasoning","duration":52.95560000000114,"failureMessages":[],"meta":{}},{"ancestorTitles":["AIRationalePanel Edge Cases"],"fullName":"AIRationalePanel Edge Cases should handle rationale with empty evidence array","status":"passed","title":"should handle rationale with empty evidence array","duration":20.21480000000156,"failureMessages":[],"meta":{}},{"ancestorTitles":["AIRationalePanel Edge Cases"],"fullName":"AIRationalePanel Edge Cases should handle rationale with null evidence","status":"passed","title":"should handle rationale with null evidence","duration":10.130800000000818,"failureMessages":[],"meta":{}},{"ancestorTitles":["AIRationalePanel Edge Cases"],"fullName":"AIRationalePanel Edge Cases should handle rationale with undefined evidence","status":"passed","title":"should handle rationale with undefined evidence","duration":11.8216999999986,"failureMessages":[],"meta":{}},{"ancestorTitles":["AIRationalePanel Edge Cases"],"fullName":"AIRationalePanel Edge Cases should handle many rationale steps","status":"passed","title":"should handle many rationale steps","duration":84.3806999999997,"failureMessages":[],"meta":{}},{"ancestorTitles":["AIRationalePanel Edge Cases"],"fullName":"AIRationalePanel Edge Cases should handle rationale with many evidence items","status":"passed","title":"should handle rationale with many evidence items","duration":17.876099999999497,"failureMessages":[],"meta":{}},{"ancestorTitles":["AIRationalePanel Edge Cases"],"fullName":"AIRationalePanel Edge Cases should handle rationale with evidence containing special characters","status":"passed","title":"should handle rationale with evidence containing special characters","duration":11.509299999999712,"failureMessages":[],"meta":{}},{"ancestorTitles":["AIRationalePanel Edge Cases"],"fullName":"AIRationalePanel Edge Cases should handle non-sequential step numbers","status":"passed","title":"should handle non-sequential step numbers","duration":28.021300000000338,"failureMessages":[],"meta":{}}],"startTime":1768762380634,"endTime":1768762381023.0212,"status":"passed","message":"","name":"C:/dev/aletheia/aletheia-frontend/app/__tests__/components/ai/AIRationalePanel-edge-cases.test.tsx"},{"assertionResults":[{"ancestorTitles":["AIRationalePanel"],"fullName":"AIRationalePanel should render with default title","status":"passed","title":"should render with default title","duration":126.95299999999952,"failureMessages":[],"meta":{}},{"ancestorTitles":["AIRationalePanel"],"fullName":"AIRationalePanel should render with custom title","status":"passed","title":"should render with custom title","duration":6.974299999999857,"failureMessages":[],"meta":{}},{"ancestorTitles":["AIRationalePanel"],"fullName":"AIRationalePanel should render empty state when no rationale","status":"passed","title":"should render empty state when no rationale","duration":5.834899999999834,"failureMessages":[],"meta":{}},{"ancestorTitles":["AIRationalePanel"],"fullName":"AIRationalePanel should render rationale steps","status":"passed","title":"should render rationale steps","duration":40.054299999999785,"failureMessages":[],"meta":{}},{"ancestorTitles":["AIRationalePanel"],"fullName":"AIRationalePanel should render steps with evidence","status":"passed","title":"should render steps with evidence","duration":8.365100000000893,"failureMessages":[],"meta":{}},{"ancestorTitles":["AIRationalePanel"],"fullName":"AIRationalePanel should render steps without evidence","status":"passed","title":"should render steps without evidence","duration":10.556500000000597,"failureMessages":[],"meta":{}}],"startTime":1768762399258,"endTime":1768762399457.5564,"status":"passed","message":"","name":"C:/dev/aletheia/aletheia-frontend/app/__tests__/components/ai/AIRationalePanel.test.tsx"},{"assertionResults":[{"ancestorTitles":["AIResultCard Edge Cases"],"fullName":"AIResultCard Edge Cases should handle empty string result","status":"passed","title":"should handle empty string result","duration":126.88459999999941,"failureMessages":[],"meta":{}},{"ancestorTitles":["AIResultCard Edge Cases"],"fullName":"AIResultCard Edge Cases should handle confidence of 0","status":"passed","title":"should handle confidence of 0","duration":17.603000000000975,"failureMessages":[],"meta":{}},{"ancestorTitles":["AIResultCard Edge Cases"],"fullName":"AIResultCard Edge Cases should handle confidence of 100","status":"passed","title":"should handle confidence of 100","duration":7.359599999999773,"failureMessages":[],"meta":{}},{"ancestorTitles":["AIResultCard Edge Cases"],"fullName":"AIResultCard Edge Cases should handle confidence outside 0-100 range","status":"passed","title":"should handle confidence outside 0-100 range","duration":9.147699999999531,"failureMessages":[],"meta":{}},{"ancestorTitles":["AIResultCard Edge Cases"],"fullName":"AIResultCard Edge Cases should handle negative confidence","status":"passed","title":"should handle negative confidence","duration":6.026100000000952,"failureMessages":[],"meta":{}},{"ancestorTitles":["AIResultCard Edge Cases"],"fullName":"AIResultCard Edge Cases should handle empty string explanation","status":"passed","title":"should handle empty string explanation","duration":5.272799999998824,"failureMessages":[],"meta":{}},{"ancestorTitles":["AIResultCard Edge Cases"],"fullName":"AIResultCard Edge Cases should handle very long result","status":"passed","title":"should handle very long result","duration":10.909700000000157,"failureMessages":[],"meta":{}},{"ancestorTitles":["AIResultCard Edge Cases"],"fullName":"AIResultCard Edge Cases should handle very long explanation","status":"passed","title":"should handle very long explanation","duration":13.751000000000204,"failureMessages":[],"meta":{}},{"ancestorTitles":["AIResultCard Edge Cases"],"fullName":"AIResultCard Edge Cases should show warning when result exists but no explanation","status":"passed","title":"should show warning when result exists but no explanation","duration":5.725300000000061,"failureMessages":[],"meta":{}},{"ancestorTitles":["AIResultCard Edge Cases"],"fullName":"AIResultCard Edge Cases should not show warning when explanation exists","status":"passed","title":"should not show warning when explanation exists","duration":11.4437999999991,"failureMessages":[],"meta":{}},{"ancestorTitles":["AIResultCard Edge Cases"],"fullName":"AIResultCard Edge Cases should handle result with special characters","status":"passed","title":"should handle result with special characters","duration":6.266100000000733,"failureMessages":[],"meta":{}}],"startTime":1768762394288,"endTime":1768762394509.266,"status":"passed","message":"","name":"C:/dev/aletheia/aletheia-frontend/app/__tests__/components/ai/AIResultCard-edge-cases.test.tsx"},{"assertionResults":[{"ancestorTitles":["AIResultCard"],"fullName":"AIResultCard should render title","status":"passed","title":"should render title","duration":164.8119000000006,"failureMessages":[],"meta":{}},{"ancestorTitles":["AIResultCard"],"fullName":"AIResultCard should render with result","status":"passed","title":"should render with result","duration":8.8742000000002,"failureMessages":[],"meta":{}},{"ancestorTitles":["AIResultCard"],"fullName":"AIResultCard should render with confidence","status":"passed","title":"should render with confidence","duration":8.78060000000005,"failureMessages":[],"meta":{}},{"ancestorTitles":["AIResultCard"],"fullName":"AIResultCard should render with explanation","status":"passed","title":"should render with explanation","duration":13.721800000001167,"failureMessages":[],"meta":{}},{"ancestorTitles":["AIResultCard"],"fullName":"AIResultCard should show warning when no explanation","status":"passed","title":"should show warning when no explanation","duration":6.176300000000992,"failureMessages":[],"meta":{}},{"ancestorTitles":["AIResultCard"],"fullName":"AIResultCard should not show warning when explanation is provided","status":"passed","title":"should not show warning when explanation is provided","duration":10.65309999999954,"failureMessages":[],"meta":{}},{"ancestorTitles":["AIResultCard"],"fullName":"AIResultCard should render with all props","status":"passed","title":"should render with all props","duration":8.841700000000856,"failureMessages":[],"meta":{}}],"startTime":1768762397518,"endTime":1768762397740.8418,"status":"passed","message":"","name":"C:/dev/aletheia/aletheia-frontend/app/__tests__/components/ai/AIResultCard.test.tsx"},{"assertionResults":[{"ancestorTitles":["HumanOverrideButton Edge Cases"],"fullName":"HumanOverrideButton Edge Cases should handle empty string label","status":"passed","title":"should handle empty string label","duration":333.78300000000127,"failureMessages":[],"meta":{}},{"ancestorTitles":["HumanOverrideButton Edge Cases"],"fullName":"HumanOverrideButton Edge Cases should handle very long label","status":"passed","title":"should handle very long label","duration":48.5622000000003,"failureMessages":[],"meta":{}},{"ancestorTitles":["HumanOverrideButton Edge Cases"],"fullName":"HumanOverrideButton Edge Cases should handle label with special characters","status":"passed","title":"should handle label with special characters","duration":30.12710000000152,"failureMessages":[],"meta":{}},{"ancestorTitles":["HumanOverrideButton Edge Cases"],"fullName":"HumanOverrideButton Edge Cases should have EditIcon","status":"passed","title":"should have EditIcon","duration":24.573599999999715,"failureMessages":[],"meta":{}},{"ancestorTitles":["HumanOverrideButton Edge Cases"],"fullName":"HumanOverrideButton Edge Cases should handle multiple rapid clicks","status":"passed","title":"should handle multiple rapid clicks","duration":41.89940000000024,"failureMessages":[],"meta":{}}],"startTime":1768762372626,"endTime":1768762373105.8994,"status":"passed","message":"","name":"C:/dev/aletheia/aletheia-frontend/app/__tests__/components/ai/HumanOverrideButton-edge-cases.test.tsx"},{"assertionResults":[{"ancestorTitles":["HumanOverrideButton"],"fullName":"HumanOverrideButton should render with default label","status":"passed","title":"should render with default label","duration":360.9210000000003,"failureMessages":[],"meta":{}},{"ancestorTitles":["HumanOverrideButton"],"fullName":"HumanOverrideButton should render with custom label","status":"passed","title":"should render with custom label","duration":42.14099999999962,"failureMessages":[],"meta":{}},{"ancestorTitles":["HumanOverrideButton"],"fullName":"HumanOverrideButton should call onOverride when clicked","status":"passed","title":"should call onOverride when clicked","duration":49.1921999999995,"failureMessages":[],"meta":{}},{"ancestorTitles":["HumanOverrideButton"],"fullName":"HumanOverrideButton should work without onOverride handler","status":"passed","title":"should work without onOverride handler","duration":37.54620000000068,"failureMessages":[],"meta":{}}],"startTime":1768762367808,"endTime":1768762368298.5461,"status":"passed","message":"","name":"C:/dev/aletheia/aletheia-frontend/app/__tests__/components/ai/HumanOverrideButton.test.tsx"},{"assertionResults":[{"ancestorTitles":["ai index"],"fullName":"ai index should export ai components","status":"passed","title":"should export ai components","duration":1.1468999999997322,"failureMessages":[],"meta":{}}],"startTime":1768762432906,"endTime":1768762432907.147,"status":"passed","message":"","name":"C:/dev/aletheia/aletheia-frontend/app/__tests__/components/ai/index.test.ts"},{"assertionResults":[{"ancestorTitles":["ErrorBoundary"],"fullName":"ErrorBoundary should render children when no error occurs","status":"passed","title":"should render children when no error occurs","duration":168.54200000000128,"failureMessages":[],"meta":{}},{"ancestorTitles":["ErrorBoundary"],"fullName":"ErrorBoundary should catch errors and display fallback UI","status":"passed","title":"should catch errors and display fallback UI","duration":236.7780999999959,"failureMessages":[],"meta":{}},{"ancestorTitles":["ErrorBoundary"],"fullName":"ErrorBoundary should display custom fallback UI when provided","status":"passed","title":"should display custom fallback UI when provided","duration":46.14170000000013,"failureMessages":[],"meta":{}},{"ancestorTitles":["ErrorBoundary"],"fullName":"ErrorBoundary should call onError callback when error occurs","status":"passed","title":"should call onError callback when error occurs","duration":75.40269999999873,"failureMessages":[],"meta":{}},{"ancestorTitles":["ErrorBoundary"],"fullName":"ErrorBoundary should reset error state when Try Again is clicked","status":"passed","title":"should reset error state when Try Again is clicked","duration":361.92669999999634,"failureMessages":[],"meta":{}},{"ancestorTitles":["ErrorBoundary"],"fullName":"ErrorBoundary should display error stack in development mode","status":"passed","title":"should display error stack in development mode","duration":61.9997000000003,"failureMessages":[],"meta":{}},{"ancestorTitles":["ErrorBoundary"],"fullName":"ErrorBoundary should not display error stack in production mode","status":"passed","title":"should not display error stack in production mode","duration":59.05859999999666,"failureMessages":[],"meta":{}},{"ancestorTitles":["ErrorBoundary"],"fullName":"ErrorBoundary should display default error message when error.message is falsy","status":"passed","title":"should display default error message when error.message is falsy","duration":54.30940000000555,"failureMessages":[],"meta":{}},{"ancestorTitles":["ErrorBoundary"],"fullName":"ErrorBoundary should display error stack in development mode when errorInfo exists","status":"passed","title":"should display error stack in development mode when errorInfo exists","duration":84.994200000001,"failureMessages":[],"meta":{}},{"ancestorTitles":["ErrorBoundary"],"fullName":"ErrorBoundary should verify componentStack is rendered when both conditions are true","status":"passed","title":"should verify componentStack is rendered when both conditions are true","duration":85.0824999999968,"failureMessages":[],"meta":{}},{"ancestorTitles":["ErrorBoundary"],"fullName":"ErrorBoundary should render componentStack Box when both development and errorInfo are true","status":"passed","title":"should render componentStack Box when both development and errorInfo are true","duration":88.11330000000453,"failureMessages":[],"meta":{}},{"ancestorTitles":["ErrorBoundary"],"fullName":"ErrorBoundary should not render componentStack when errorInfo is null in development mode","status":"passed","title":"should not render componentStack when errorInfo is null in development mode","duration":88.93549999999959,"failureMessages":[],"meta":{}},{"ancestorTitles":["ErrorBoundary"],"fullName":"ErrorBoundary should test branch where development is true but errorInfo is null initially","status":"passed","title":"should test branch where development is true but errorInfo is null initially","duration":85.85960000000341,"failureMessages":[],"meta":{}},{"ancestorTitles":["ErrorBoundary"],"fullName":"ErrorBoundary should test all branch combinations of isDevelopment and errorInfo","status":"passed","title":"should test all branch combinations of isDevelopment and errorInfo","duration":249.4114000000045,"failureMessages":[],"meta":{}},{"ancestorTitles":["ErrorBoundary"],"fullName":"ErrorBoundary should not render componentStack when errorInfo is undefined in development mode","status":"passed","title":"should not render componentStack when errorInfo is undefined in development mode","duration":54.16219999999885,"failureMessages":[],"meta":{}},{"ancestorTitles":["ErrorBoundary"],"fullName":"ErrorBoundary should handle error with undefined message","status":"passed","title":"should handle error with undefined message","duration":52.22830000000249,"failureMessages":[],"meta":{}}],"startTime":1768762343558,"endTime":1768762345411.2283,"status":"passed","message":"","name":"C:/dev/aletheia/aletheia-frontend/app/__tests__/components/common/ErrorBoundary.test.tsx"},{"assertionResults":[{"ancestorTitles":["ChangeTimeline"],"fullName":"ChangeTimeline should render empty state when no events","status":"passed","title":"should render empty state when no events","duration":102.86299999999937,"failureMessages":[],"meta":{}},{"ancestorTitles":["ChangeTimeline"],"fullName":"ChangeTimeline should render events","status":"passed","title":"should render events","duration":46.01230000000032,"failureMessages":[],"meta":{}},{"ancestorTitles":["ChangeTimeline"],"fullName":"ChangeTimeline should render events without author","status":"passed","title":"should render events without author","duration":7.6481000000003405,"failureMessages":[],"meta":{}},{"ancestorTitles":["ChangeTimeline"],"fullName":"ChangeTimeline should render multiple events","status":"passed","title":"should render multiple events","duration":19.95089999999982,"failureMessages":[],"meta":{}}],"startTime":1768762402818,"endTime":1768762402993.951,"status":"passed","message":"","name":"C:/dev/aletheia/aletheia-frontend/app/__tests__/components/clarity/ChangeTimeline.test.tsx"},{"assertionResults":[{"ancestorTitles":["ConfidenceMeter"],"fullName":"ConfidenceMeter should render with default confidence","status":"passed","title":"should render with default confidence","duration":289.7614999999987,"failureMessages":[],"meta":{}},{"ancestorTitles":["ConfidenceMeter"],"fullName":"ConfidenceMeter should render with custom confidence value","status":"passed","title":"should render with custom confidence value","duration":30.113000000001193,"failureMessages":[],"meta":{}},{"ancestorTitles":["ConfidenceMeter"],"fullName":"ConfidenceMeter should hide label when showLabel is false","status":"passed","title":"should hide label when showLabel is false","duration":25.008599999999205,"failureMessages":[],"meta":{}},{"ancestorTitles":["ConfidenceMeter"],"fullName":"ConfidenceMeter should show label by default","status":"passed","title":"should show label by default","duration":6.763199999999415,"failureMessages":[],"meta":{}},{"ancestorTitles":["ConfidenceMeter"],"fullName":"ConfidenceMeter should handle 100% confidence","status":"passed","title":"should handle 100% confidence","duration":22.468700000001263,"failureMessages":[],"meta":{}},{"ancestorTitles":["ConfidenceMeter"],"fullName":"ConfidenceMeter should handle 0% confidence","status":"passed","title":"should handle 0% confidence","duration":21.861699999999473,"failureMessages":[],"meta":{}}],"startTime":1768762375286,"endTime":1768762375682.8618,"status":"passed","message":"","name":"C:/dev/aletheia/aletheia-frontend/app/__tests__/components/clarity/ConfidenceMeter.test.tsx"},{"assertionResults":[{"ancestorTitles":["DiffViewer"],"fullName":"DiffViewer should render with default text when no props","status":"passed","title":"should render with default text when no props","duration":105.80629999999837,"failureMessages":[],"meta":{}},{"ancestorTitles":["DiffViewer"],"fullName":"DiffViewer should render with custom old and new text","status":"passed","title":"should render with custom old and new text","duration":4.485399999999572,"failureMessages":[],"meta":{}},{"ancestorTitles":["DiffViewer"],"fullName":"DiffViewer should render with only old text","status":"passed","title":"should render with only old text","duration":9.088200000000143,"failureMessages":[],"meta":{}},{"ancestorTitles":["DiffViewer"],"fullName":"DiffViewer should render with only new text","status":"passed","title":"should render with only new text","duration":5.203700000000026,"failureMessages":[],"meta":{}}],"startTime":1768762417733,"endTime":1768762417858.2036,"status":"passed","message":"","name":"C:/dev/aletheia/aletheia-frontend/app/__tests__/components/clarity/DiffViewer.test.tsx"},{"assertionResults":[{"ancestorTitles":["ExplanationModal"],"fullName":"ExplanationModal should not render when closed","status":"passed","title":"should not render when closed","duration":49.05209999999897,"failureMessages":[],"meta":{}},{"ancestorTitles":["ExplanationModal"],"fullName":"ExplanationModal should render when open","status":"passed","title":"should render when open","duration":321.5100999999995,"failureMessages":[],"meta":{}},{"ancestorTitles":["ExplanationModal"],"fullName":"ExplanationModal should render with custom title","status":"passed","title":"should render with custom title","duration":32.76389999999992,"failureMessages":[],"meta":{}},{"ancestorTitles":["ExplanationModal"],"fullName":"ExplanationModal should render empty state when no steps","status":"passed","title":"should render empty state when no steps","duration":32.42150000000038,"failureMessages":[],"meta":{}},{"ancestorTitles":["ExplanationModal"],"fullName":"ExplanationModal should render steps","status":"passed","title":"should render steps","duration":38.150799999999435,"failureMessages":[],"meta":{}},{"ancestorTitles":["ExplanationModal"],"fullName":"ExplanationModal should call onClose when close button is clicked","status":"passed","title":"should call onClose when close button is clicked","duration":91.84190000000126,"failureMessages":[],"meta":{}},{"ancestorTitles":["ExplanationModal"],"fullName":"ExplanationModal should work without onClose handler","status":"passed","title":"should work without onClose handler","duration":63.3718000000008,"failureMessages":[],"meta":{}}],"startTime":1768762357965,"endTime":1768762358594.3718,"status":"passed","message":"","name":"C:/dev/aletheia/aletheia-frontend/app/__tests__/components/clarity/ExplanationModal.test.tsx"},{"assertionResults":[{"ancestorTitles":["clarity index"],"fullName":"clarity index should export clarity components","status":"passed","title":"should export clarity components","duration":1.4096000000008644,"failureMessages":[],"meta":{}}],"startTime":1768762432457,"endTime":1768762432458.4097,"status":"passed","message":"","name":"C:/dev/aletheia/aletheia-frontend/app/__tests__/components/clarity/index.test.ts"},{"assertionResults":[{"ancestorTitles":["ReasoningStepsList"],"fullName":"ReasoningStepsList should render empty state when no steps","status":"passed","title":"should render empty state when no steps","duration":124.17349999999897,"failureMessages":[],"meta":{}},{"ancestorTitles":["ReasoningStepsList"],"fullName":"ReasoningStepsList should render steps","status":"passed","title":"should render steps","duration":35.55000000000109,"failureMessages":[],"meta":{}},{"ancestorTitles":["ReasoningStepsList"],"fullName":"ReasoningStepsList should render multiple steps","status":"passed","title":"should render multiple steps","duration":13.324599999999919,"failureMessages":[],"meta":{}},{"ancestorTitles":["ReasoningStepsList"],"fullName":"ReasoningStepsList should render steps without evidence","status":"passed","title":"should render steps without evidence","duration":5.117399999999179,"failureMessages":[],"meta":{}}],"startTime":1768762406513,"endTime":1768762406691.1174,"status":"passed","message":"","name":"C:/dev/aletheia/aletheia-frontend/app/__tests__/components/clarity/ReasoningStepsList.test.tsx"},{"assertionResults":[{"ancestorTitles":["StatusPill Edge Cases"],"fullName":"StatusPill Edge Cases should render with all color variants","status":"passed","title":"should render with all color variants","duration":309.48579999999856,"failureMessages":[],"meta":{}},{"ancestorTitles":["StatusPill Edge Cases"],"fullName":"StatusPill Edge Cases should handle empty string status","status":"passed","title":"should handle empty string status","duration":22.825599999998303,"failureMessages":[],"meta":{}},{"ancestorTitles":["StatusPill Edge Cases"],"fullName":"StatusPill Edge Cases should handle very long status text","status":"passed","title":"should handle very long status text","duration":20.86199999999917,"failureMessages":[],"meta":{}},{"ancestorTitles":["StatusPill Edge Cases"],"fullName":"StatusPill Edge Cases should handle status with special characters","status":"passed","title":"should handle status with special characters","duration":17.47779999999875,"failureMessages":[],"meta":{}}],"startTime":1768762383186,"endTime":1768762383557.4778,"status":"passed","message":"","name":"C:/dev/aletheia/aletheia-frontend/app/__tests__/components/clarity/StatusPill-edge-cases.test.tsx"},{"assertionResults":[{"ancestorTitles":["StatusPill"],"fullName":"StatusPill should render with status","status":"passed","title":"should render with status","duration":162.83340000000135,"failureMessages":[],"meta":{}},{"ancestorTitles":["StatusPill"],"fullName":"StatusPill should render with default status when not provided","status":"passed","title":"should render with default status when not provided","duration":15.715000000000146,"failureMessages":[],"meta":{}},{"ancestorTitles":["StatusPill"],"fullName":"StatusPill should render with different colors","status":"passed","title":"should render with different colors","duration":38.26850000000013,"failureMessages":[],"meta":{}}],"startTime":1768762392556,"endTime":1768762392772.2686,"status":"passed","message":"","name":"C:/dev/aletheia/aletheia-frontend/app/__tests__/components/clarity/StatusPill.test.tsx"},{"assertionResults":[{"ancestorTitles":["TruthStateIndicator"],"fullName":"TruthStateIndicator should render with known state","status":"passed","title":"should render with known state","duration":202.0066999999999,"failureMessages":[],"meta":{}},{"ancestorTitles":["TruthStateIndicator"],"fullName":"TruthStateIndicator should render with different states","status":"passed","title":"should render with different states","duration":115.93399999999929,"failureMessages":[],"meta":{}}],"startTime":1768762383370,"endTime":1768762383687.934,"status":"passed","message":"","name":"C:/dev/aletheia/aletheia-frontend/app/__tests__/components/clarity/TruthStateIndicator.test.tsx"},{"assertionResults":[{"ancestorTitles":["UncertaintyBadge"],"fullName":"UncertaintyBadge renders the explicit label override when provided","status":"passed","title":"renders the explicit label override when provided","duration":207.09119999999893,"failureMessages":[],"meta":{}},{"ancestorTitles":["UncertaintyBadge"],"fullName":"UncertaintyBadge renders the default label for each level","status":"passed","title":"renders the default label for each level","duration":66.48580000000038,"failureMessages":[],"meta":{}}],"startTime":1768762393868,"endTime":1768762394141.4858,"status":"passed","message":"","name":"C:/dev/aletheia/aletheia-frontend/app/__tests__/components/clarity/UncertaintyBadge.test.tsx"},{"assertionResults":[{"ancestorTitles":["VersionSelector"],"fullName":"VersionSelector should render with empty state when no versions","status":"passed","title":"should render with empty state when no versions","duration":615.4745000000003,"failureMessages":[],"meta":{}},{"ancestorTitles":["VersionSelector"],"fullName":"VersionSelector should render with versions","status":"passed","title":"should render with versions","duration":140.71440000000075,"failureMessages":[],"meta":{}},{"ancestorTitles":["VersionSelector"],"fullName":"VersionSelector should render versions with timestamps","status":"passed","title":"should render versions with timestamps","duration":117.4440999999988,"failureMessages":[],"meta":{}},{"ancestorTitles":["VersionSelector"],"fullName":"VersionSelector should call onVersionChange when version is selected","status":"passed","title":"should call onVersionChange when version is selected","duration":158.59239999999954,"failureMessages":[],"meta":{}},{"ancestorTitles":["VersionSelector"],"fullName":"VersionSelector should show selected version","status":"passed","title":"should show selected version","duration":116.16039999999884,"failureMessages":[],"meta":{}},{"ancestorTitles":["VersionSelector"],"fullName":"VersionSelector should work without onVersionChange handler","status":"passed","title":"should work without onVersionChange handler","duration":133.36189999999988,"failureMessages":[],"meta":{}}],"startTime":1768762319401,"endTime":1768762320683.3618,"status":"passed","message":"","name":"C:/dev/aletheia/aletheia-frontend/app/__tests__/components/clarity/VersionSelector.test.tsx"},{"assertionResults":[{"ancestorTitles":["WhyPanel"],"fullName":"WhyPanel should render the button","status":"passed","title":"should render the button","duration":383.14899999999943,"failureMessages":[],"meta":{}},{"ancestorTitles":["WhyPanel"],"fullName":"WhyPanel should call onExplain when button is clicked","status":"passed","title":"should call onExplain when button is clicked","duration":62.38789999999972,"failureMessages":[],"meta":{}},{"ancestorTitles":["WhyPanel"],"fullName":"WhyPanel should display explanation when provided","status":"passed","title":"should display explanation when provided","duration":13.107599999999366,"failureMessages":[],"meta":{}},{"ancestorTitles":["WhyPanel"],"fullName":"WhyPanel should not display explanation when not provided","stat
[...]
,"21":2,"22":2,"23":2,"24":4,"25":88,"26":7,"27":88,"28":8,"29":88,"30":10,"31":10,"32":2,"33":1,"34":1,"35":9,"36":6,"37":6,"38":3,"39":3,"40":1,"41":2,"42":6,"43":1,"44":5,"45":4,"46":4,"47":1,"48":3,"49":1,"50":88,"51":7,"52":7,"53":2,"54":1,"55":1,"56":6,"57":5,"58":1,"59":88,"60":10,"61":10,"62":2,"63":1,"64":1,"65":9,"66":4,"67":4,"68":2,"69":2,"70":1,"71":1,"72":7,"73":1,"74":6,"75":5,"76":5,"77":1,"78":4,"79":1,"80":88,"81":11,"82":11,"83":2,"84":1,"85":1,"86":10,"87":7,"88":7,"89":3,"90":3,"91":1,"92":2,"93":7,"94":1,"95":6,"96":5,"97":5,"98":1,"99":4,"100":1,"101":88,"102":1,"103":1,"104":1,"105":88},"f":{"0":88,"1":52,"2":2,"3":2,"4":2,"5":52,"6":2,"7":7,"8":2,"9":4,"10":7,"11":8,"12":10,"13":7,"14":10,"15":11,"16":1},"b":{"0":[2,1],"1":[2,1],"2":[1,1],"3":[6,3],"4":[9,9,9],"5":[3,3],"6":[1,2],"7":[3,2,2,2],"8":[1,5],"9":[6,6,6],"10":[4,1],"11":[1,3],"12":[4,3,3,3],"13":[1,1],"14":[5,1],"15":[1,1],"16":[4,5],"17":[9,9,9],"18":[2,2],"19":[1,1],"20":[2,1,1,1],"21":[1,6],"22":[7,7,7],"23":[5,1],"24":[1,4],"25":[5,5,5,4],"26":[1,1],"27":[7,3],"28":[10,10,10],"29":[3,4],"30":[1,2],"31":[3,3,3],"32":[1,6],"33":[7,7,7],"34":[5,1],"35":[1,4],"36":[5,5,4],"37":[88,88,88,88],"38":[88,81,77,70]},"meta":{"lastBranch":39,"lastFunction":17,"lastStatement":106,"seen":{"f:48:16:48:26":0,"s:50:24:50:Infinity":0,"s:51:26:51:Infinity":1,"s:52:40:52:Infinity":2,"s:56:2:68:Infinity":3,"f:56:12:56:18":1,"s:58:18:66:Infinity":4,"f:58:40:58:46":2,"s:60:12:60:Infinity":5,"s:63:6:63:Infinity":6,"f:63:15:63:16":3,"s:63:25:63:42":7,"b:63:25:63:33:63:33:63:42":0,"s:64:6:64:Infinity":8,"f:64:16:64:17":4,"s:64:26:64:52":9,"b:64:26:64:34:64:34:64:52":1,"s:65:6:65:Infinity":10,"s:67:4:67:Infinity":11,"f:67:11:67:17":5,"s:67:17:67:Infinity":12,"s:70:68:83:Infinity":13,"f:74:17:74:18":6,"s:75:24:75:Infinity":14,"s:76:6:76:Infinity":15,"s:77:6:77:Infinity":16,"s:78:6:78:Infinity":17,"f:80:13:80:14":7,"s:81:6:81:Infinity":18,"s:85:77:98:Infinity":19,"f:89:17:89:18":8,"s:90:24:90:Infinity":20,"s:91:6:91:Infinity":21,"s:92:6:92:Infinity":22,"s:93:6:93:Infinity":23,"f:95:13:95:14":9,"s:96:6:96:Infinity":24,"s:100:95:107:Infinity":25,"f:104:13:104:14":10,"s:105:6:105:Infinity":26,"s:109:95:116:Infinity":27,"f:113:13:113:14":11,"s:114:6:114:Infinity":28,"s:118:16:160:Infinity":29,"f:118:16:118:23":12,"s:119:4:159:Infinity":30,"s:120:21:122:Infinity":31,"b:124:6:126:Infinity:undefined:undefined:undefined:undefined":2,"s:124:6:126:Infinity":32,"s:125:8:125:Infinity":33,"s:128:6:128:Infinity":34,"b:131:6:140:Infinity:undefined:undefined:undefined:undefined":3,"s:131:6:140:Infinity":35,"b:131:10:131:19:131:19:131:48:131:48:131:74":4,"s:132:30:132:Infinity":36,"b:133:8:139:Infinity:undefined:undefined:undefined:undefined":5,"s:133:8:139:Infinity":37,"s:134:26:134:Infinity":38,"b:135:10:137:Infinity:undefined:undefined:undefined:undefined":6,"s:135:10:137:Infinity":39,"b:135:14:135:45:135:45:135:78:135:78:135:107:135:107:135:137":7,"s:136:12:136:Infinity":40,"s:138:10:138:Infinity":41,"b:143:6:145:Infinity:undefined:undefined:undefined:undefined":8,"s:143:6:145:Infinity":42,"b:143:10:143:19:143:19:143:48:143:48:143:73":9,"s:144:8:144:Infinity":43,"b:148:6:154:Infinity:undefined:undefined:undefined:undefined":10,"s:148:6:154:Infinity":44,"s:149:24:149:Infinity":45,"b:150:8:152:Infinity:undefined:undefined:undefined:undefined":11,"s:150:8:152:Infinity":46,"b:150:12:150:43:150:43:150:76:150:76:150:105:150:105:150:135":12,"s:151:10:151:Infinity":47,"s:153:8:153:Infinity":48,"s:158:6:158:Infinity":49,"s:162:19:182:Infinity":50,"f:162:19:162:26":13,"s:163:4:181:Infinity":51,"s:164:21:166:Infinity":52,"b:168:6:170:Infinity:undefined:undefined:undefined:undefined":13,"s:168:6:170:Infinity":53,"s:169:8:169:Infinity":54,"s:172:6:172:Infinity":55,"b:175:6:177:Infinity:undefined:undefined:undefined:undefined":14,"s:175:6:177:Infinity":56,"s:176:8:176:Infinity":57,"s:180:6:180:Infinity":58,"s:184:25:226:Infinity":59,"f:184:25:184:32":14,"s:185:4:225:Infinity":60,"s:186:21:188:Infinity":61,"b:190:6:192:Infinity:undefined:undefined:undefined:undefined":15,"s:190:6:192:Infinity":62,"s:191:8:191:Infinity":63,"s:194:6:194:Infinity":64,"b:197:6:206:Infinity:undefined:undefined:undefined:undefined":16,"s:197:6:206:Infinity":65,"b:197:10:197:19:197:19:197:48:197:48:197:74":17,"s:198:30:198:Infinity":66,"b:199:8:205:Infinity:undefined:undefined:undefined:undefined":18,"s:199:8:205:Infinity":67,"s:200:26:200:Infinity":68,"b:201:10:203:Infinity:undefined:undefined:undefined:undefined":19,"s:201:10:203:Infinity":69,"b:201:14:201:47:201:47:201:78:201:78:201:107:201:107:201:145":20,"s:202:12:202:Infinity":70,"s:204:10:204:Infinity":71,"b:209:6:211:Infinity:undefined:undefined:undefined:undefined":21,"s:209:6:211:Infinity":72,"b:209:10:209:19:209:19:209:48:209:48:209:73":22,"s:210:8:210:Infinity":73,"b:214:6:220:Infinity:undefined:undefined:undefined:undefined":23,"s:214:6:220:Infinity":74,"s:215:24:215:Infinity":75,"b:216:8:218:Infinity:undefined:undefined:undefined:undefined":24,"s:216:8:218:Infinity":76,"b:216:12:216:45:216:45:216:76:216:76:216:105:216:105:216:143":25,"s:217:10:217:Infinity":77,"s:219:8:219:Infinity":78,"s:224:6:224:Infinity":79,"s:228:25:270:Infinity":80,"f:228:25:228:32":15,"s:229:4:269:Infinity":81,"s:230:21:232:Infinity":82,"b:234:6:236:Infinity:undefined:undefined:undefined:undefined":26,"s:234:6:236:Infinity":83,"s:235:8:235:Infinity":84,"s:238:6:238:Infinity":85,"b:241:6:250:Infinity:undefined:undefined:undefined:undefined":27,"s:241:6:250:Infinity":86,"b:241:10:241:19:241:19:241:48:241:48:241:74":28,"s:242:30:242:Infinity":87,"b:243:8:249:Infinity:undefined:undefined:undefined:undefined":29,"s:243:8:249:Infinity":88,"s:244:53:244:Infinity":89,"b:245:10:247:Infinity:undefined:undefined:undefined:undefined":30,"s:245:10:247:Infinity":90,"b:245:14:245:47:245:47:245:85:245:85:245:114":31,"s:246:12:246:Infinity":91,"s:248:10:248:Infinity":92,"b:253:6:255:Infinity:undefined:undefined:undefined:undefined":32,"s:253:6:255:Infinity":93,"b:253:10:253:19:253:19:253:48:253:48:253:73":33,"s:254:8:254:Infinity":94,"b:258:6:264:Infinity:undefined:undefined:undefined:undefined":34,"s:258:6:264:Infinity":95,"s:259:24:259:Infinity":96,"b:260:8:262:Infinity:undefined:undefined:undefined:undefined":35,"s:260:8:262:Infinity":97,"b:260:12:260:45:260:45:260:83:260:83:260:112":36,"s:261:10:261:Infinity":98,"s:263:8:263:Infinity":99,"s:268:6:268:Infinity":100,"s:272:17:276:Infinity":101,"f:272:17:272:23":16,"s:273:4:273:Infinity":102,"s:274:4:274:Infinity":103,"s:275:4:275:Infinity":104,"s:278:2:289:Infinity":105,"b:287:13:287:29:287:29:287:48:287:48:287:73:287:73:287:Infinity":37,"b:288:11:288:25:288:25:288:42:288:42:288:65:288:65:288:Infinity":38}}},"C:\\dev\\aletheia\\aletheia-frontend\\app\\lib\\utils\\password-validation.ts":{"path":"C:\\dev\\aletheia\\aletheia-frontend\\app\\lib\\utils\\password-validation.ts","statementMap":{"0":{"start":{"line":17,"column":37},"end":{"line":23,"column":null}},"1":{"start":{"line":26,"column":27},"end":{"line":26,"column":null}},"2":{"start":{"line":29,"column":2},"end":{"line":31,"column":null}},"3":{"start":{"line":30,"column":4},"end":{"line":30,"column":null}},"4":{"start":{"line":34,"column":2},"end":{"line":36,"column":null}},"5":{"start":{"line":35,"column":4},"end":{"line":35,"column":null}},"6":{"start":{"line":39,"column":2},"end":{"line":41,"column":null}},"7":{"start":{"line":40,"column":4},"end":{"line":40,"column":null}},"8":{"start":{"line":44,"column":2},"end":{"line":46,"column":null}},"9":{"start":{"line":45,"column":4},"end":{"line":45,"column":null}},"10":{"start":{"line":49,"column":2},"end":{"line":51,"column":null}},"11":{"start":{"line":50,"column":4},"end":{"line":50,"column":null}},"12":{"start":{"line":54,"column":47},"end":{"line":54,"column":null}},"13":{"start":{"line":55,"column":2},"end":{"line":61,"column":null}},"14":{"start":{"line":56,"column":4},"end":{"line":60,"column":null}},"15":{"start":{"line":57,"column":6},"end":{"line":57,"column":null}},"16":{"start":{"line":59,"column":6},"end":{"line":59,"column":null}},"17":{"start":{"line":63,"column":2},"end":{"line":67,"column":null}},"18":{"start":{"line":71,"column":2},"end":{"line":77,"column":null}}},"fnMap":{"0":{"name":"validatePassword","decl":{"start":{"line":25,"column":16},"end":{"line":25,"column":33}},"loc":{"start":{"line":25,"column":77},"end":{"line":68,"column":null}},"line":25},"1":{"name":"getPasswordRequirementsText","decl":{"start":{"line":70,"column":16},"end":{"line":70,"column":56}},"loc":{"start":{"line":70,"column":56},"end":{"line":78,"column":null}},"line":70}},"branchMap":{"0":{"loc":{"start":{"line":29,"column":2},"end":{"line":31,"column":null}},"type":"if","locations":[{"start":{"line":29,"column":2},"end":{"line":31,"column":null}},{"start":{},"end":{}}],"line":29},"1":{"loc":{"start":{"line":34,"column":2},"end":{"line":36,"column":null}},"type":"if","locations":[{"start":{"line":34,"column":2},"end":{"line":36,"column":null}},{"start":{},"end":{}}],"line":34},"2":{"loc":{"start":{"line":34,"column":6},"end":{"line":34,"column":73}},"type":"binary-expr","locations":[{"start":{"line":34,"column":6},"end":{"line":34,"column":48}},{"start":{"line":34,"column":48},"end":{"line":34,"column":73}}],"line":34},"3":{"loc":{"start":{"line":39,"column":2},"end":{"line":41,"column":null}},"type":"if","locations":[{"start":{"line":39,"column":2},"end":{"line":41,"column":null}},{"start":{},"end":{}}],"line":39},"4":{"loc":{"start":{"line":39,"column":6},"end":{"line":39,"column":73}},"type":"binary-expr","locations":[{"start":{"line":39,"column":6},"end":{"line":39,"column":48}},{"start":{"line":39,"column":48},"end":{"line":39,"column":73}}],"line":39},"5":{"loc":{"start":{"line":44,"column":2},"end":{"line":46,"column":null}},"type":"if","locations":[{"start":{"line":44,"column":2},"end":{"line":46,"column":null}},{"start":{},"end":{}}],"line":44},"6":{"loc":{"start":{"line":44,"column":6},"end":{"line":44,"column":70}},"type":"binary-expr","locations":[{"start":{"line":44,"column":6},"end":{"line":44,"column":45}},{"start":{"line":44,"column":45},"end":{"line":44,"column":70}}],"line":44},"7":{"loc":{"start":{"line":49,"column":2},"end":{"line":51,"column":null}},"type":"if","locations":[{"start":{"line":49,"column":2},"end":{"line":51,"column":null}},{"start":{},"end":{}}],"line":49},"8":{"loc":{"start":{"line":49,"column":6},"end":{"line":49,"column":107}},"type":"binary-expr","locations":[{"start":{"line":49,"column":6},"end":{"line":49,"column":50}},{"start":{"line":49,"column":50},"end":{"line":49,"column":107}}],"line":49},"9":{"loc":{"start":{"line":55,"column":2},"end":{"line":61,"column":null}},"type":"if","locations":[{"start":{"line":55,"column":2},"end":{"line":61,"column":null}},{"start":{},"end":{}}],"line":55},"10":{"loc":{"start":{"line":56,"column":4},"end":{"line":60,"column":null}},"type":"if","locations":[{"start":{"line":56,"column":4},"end":{"line":60,"column":null}},{"start":{"line":58,"column":11},"end":{"line":60,"column":null}}],"line":56},"11":{"loc":{"start":{"line":56,"column":8},"end":{"line":56,"column":167}},"type":"binary-expr","locations":[{"start":{"line":56,"column":8},"end":{"line":56,"column":33}},{"start":{"line":56,"column":33},"end":{"line":56,"column":59}},{"start":{"line":56,"column":59},"end":{"line":56,"column":85}},{"start":{"line":56,"column":85},"end":{"line":56,"column":111}},{"start":{"line":56,"column":111},"end":{"line":56,"column":167}}],"line":56}},"s":{"0":10,"1":98,"2":98,"3":16,"4":98,"5":18,"6":98,"7":8,"8":98,"9":20,"10":98,"11":23,"12":98,"13":98,"14":68,"15":41,"16":27,"17":98,"18":40},"f":{"0":98,"1":40},"b":{"0":[16,82],"1":[18,80],"2":[98,98],"3":[8,90],"4":[98,98],"5":[20,78],"6":[98,98],"7":[23,75],"8":[98,98],"9":[68,30],"10":[41,27],"11":[68,41,41,41,41]},"meta":{"lastBranch":12,"lastFunction":2,"lastStatement":19,"seen":{"s:17:37:23:Infinity":0,"f:25:16:25:33":0,"s:26:27:26:Infinity":1,"b:29:2:31:Infinity:undefined:undefined:undefined:undefined":0,"s:29:2:31:Infinity":2,"s:30:4:30:Infinity":3,"b:34:2:36:Infinity:undefined:undefined:undefined:undefined":1,"s:34:2:36:Infinity":4,"b:34:6:34:48:34:48:34:73":2,"s:35:4:35:Infinity":5,"b:39:2:41:Infinity:undefined:undefined:undefined:undefined":3,"s:39:2:41:Infinity":6,"b:39:6:39:48:39:48:39:73":4,"s:40:4:40:Infinity":7,"b:44:2:46:Infinity:undefined:undefined:undefined:undefined":5,"s:44:2:46:Infinity":8,"b:44:6:44:45:44:45:44:70":6,"s:45:4:45:Infinity":9,"b:49:2:51:Infinity:undefined:undefined:undefined:undefined":7,"s:49:2:51:Infinity":10,"b:49:6:49:50:49:50:49:107":8,"s:50:4:50:Infinity":11,"s:54:47:54:Infinity":12,"b:55:2:61:Infinity:undefined:undefined:undefined:undefined":9,"s:55:2:61:Infinity":13,"b:56:4:60:Infinity:58:11:60:Infinity":10,"s:56:4:60:Infinity":14,"b:56:8:56:33:56:33:56:59:56:59:56:85:56:85:56:111:56:111:56:167":11,"s:57:6:57:Infinity":15,"s:59:6:59:Infinity":16,"s:63:2:67:Infinity":17,"f:70:16:70:56":1,"s:71:2:77:Infinity":18}}},"C:\\dev\\aletheia\\aletheia-frontend\\app\\services\\apollo-client.ts":{"path":"C:\\dev\\aletheia\\aletheia-frontend\\app\\services\\apollo-client.ts","statementMap":{"0":{"start":{"line":15,"column":6},"end":{"line":18,"column":null}},"1":{"start":{"line":21,"column":13},"end":{"line":32,"column":null}},"2":{"start":{"line":24,"column":16},"end":{"line":24,"column":null}},"3":{"start":{"line":26,"column":2},"end":{"line":31,"column":null}},"4":{"start":{"line":36,"column":32},"end":{"line":64,"column":null}},"5":{"start":{"line":38,"column":2},"end":{"line":63,"column":null}},"6":{"start":{"line":39,"column":16},"end":{"line":39,"column":null}},"7":{"start":{"line":41,"column":4},"end":{"line":59,"column":null}},"8":{"start":{"line":42,"column":6},"end":{"line":58,"column":null}},"9":{"start":{"line":43,"column":24},"end":{"line":43,"column":null}},"10":{"start":{"line":44,"column":26},"end":{"line":44,"column":null}},"11":{"start":{"line":45,"column":21},"end":{"line":45,"column":null}},"12":{"start":{"line":47,"column":8},"end":{"line":49,"column":null}},"13":{"start":{"line":52,"column":8},"end":{"line":57,"column":null}},"14":{"start":{"line":54,"column":10},"end":{"line":56,"column":null}},"15":{"start":{"line":55,"column":12},"end":{"line":55,"column":null}},"16":{"start":{"line":62,"column":4},"end":{"line":62,"column":null}},"17":{"start":{"line":66,"column":13},"end":{"line":68,"column":null}},"18":{"start":{"line":67,"column":2},"end":{"line":67,"column":null}},"19":{"start":{"line":71,"column":41},"end":{"line":71,"column":null}},"20":{"start":{"line":78,"column":2},"end":{"line":80,"column":null}},"21":{"start":{"line":79,"column":4},"end":{"line":79,"column":null}},"22":{"start":{"line":83,"column":2},"end":{"line":102,"column":null}},"23":{"start":{"line":107,"column":2},"end":{"line":109,"column":null}},"24":{"start":{"line":108,"column":4},"end":{"line":108,"column":null}},"25":{"start":{"line":110,"column":2},"end":{"line":110,"column":null}}},"fnMap":{"0":{"name":"(anonymous_0)","decl":{"start":{"line":21,"column":35},"end":{"line":21,"column":36}},"loc":{"start":{"line":21,"column":55},"end":{"line":32,"column":1}},"line":21},"1":{"name":"(anonymous_1)","decl":{"start":{"line":36,"column":32},"end":{"line":36,"column":33}},"loc":{"start":{"line":36,"column":52},"end":{"line":64,"column":null}},"line":36},"2":{"name":"(anonymous_2)","decl":{"start":{"line":42,"column":25},"end":{"line":42,"column":26}},"loc":{"start":{"line":42,"column":101},"end":{"line":58,"column":7}},"line":42},"3":{"name":"(anonymous_3)","decl":{"start":{"line":66,"column":33},"end":{"line":66,"column":34}},"loc":{"start":{"line":66,"column":48},"end":{"line":68,"column":1}},"line":66},"4":{"name":"createApolloClient","decl":{"start":{"line":74,"column":16},"end":{"line":74,"column":51}},"loc":{"start":{"line":74,"column":51},"end":{"line":103,"column":null}},"line":74},"5":{"name":"getApolloClient","decl":{"start":{"line":106,"column":16},"end":{"line":106,"column":48}},"loc":{"start":{"line":106,"column":48},"end":{"line":111,"column":null}},"line":106}},"branchMap":{"0":{"loc":{"start":{"line":24,"column":16},"end":{"line":24,"column":null}},"type":"cond-expr","locations":[{"start":{"line":24,"column":34},"end":{"line":24,"column":65}},{"start":{"line":24,"column":65},"end":{"line":24,"column":null}}],"line":24},"1":{"loc":{"start":{"line":29,"column":21},"end":{"line":29,"column":null}},"type":"cond-expr","locations":[{"start":{"line":29,"column":29},"end":{"line":29,"column":49}},{"start":{"line":29,"column":49},"end":{"line":29,"column":null}}],"line":29},"2":{"loc":{"start":{"line":38,"column":2},"end":{"line":63,"column":null}},"type":"if","locations":[{"start":{"line":38,"column":2},"end":{"line":63,"column":null}},{"start":{"line":60,"column":9},"end":{"line":63,"column":null}}],"line":38},"3":{"loc":{"start":{"line":41,"column":4},"end":{"line":59,"column":null}},"type":"if","locations":[{"start":{"line":41,"column":4},"end":{"line":59,"column":null}},{"start":{},"end":{}}],"line":41},"4":{"loc":{"start":{"line":41,"column":8},"end":{"line":41,"column":45}},"type":"binary-expr","locations":[{"start":{"line":41,"column":8},"end":{"line":41,"column":22}},{"start":{"line":41,"column":22},"end":{"line":41,"column":45}}],"line":41},"5":{"loc":{"start":{"line":52,"column":8},"end":{"line":57,"column":null}},"type":"if","locations":[{"start":{"line":52,"column":8},"end":{"line":57,"column":null}},{"start":{},"end":{}}],"line":52},"6":{"loc":{"start":{"line":52,"column":12},"end":{"line":52,"column":83}},"type":"binary-expr","locations":[{"start":{"line":52,"column":12},"end":{"line":52,"column":48}},{"start":{"line":52,"column":48},"end":{"line":52,"column":83}}],"line":52},"7":{"loc":{"start":{"line":54,"column":10},"end":{"line":56,"column":null}},"type":"if","locations":[{"start":{"line":54,"column":10},"end":{"line":56,"column":null}},{"start":{},"end":{}}],"line":54},"8":{"loc":{"start":{"line":78,"column":2},"end":{"line":80,"column":null}},"type":"if","locations":[{"start":{"line":78,"column":2},"end":{"line":80,"column":null}},{"start":{},"end":{}}],"line":78},"9":{"loc":{"start":{"line":107,"column":2},"end":{"line":109,"column":null}},"type":"if","locations":[{"start":{"line":107,"column":2},"end":{"line":109,"column":null}},{"start":{},"end":{}}],"line":107}},"s":{"0":7,"1":7,"2":3,"3":3,"4":7,"5":10,"6":4,"7":4,"8":4,"9":4,"10":4,"11":4,"12":4,"13":4,"14":2,"15":2,"16":6,"17":7,"18":5,"19":7,"20":6,"21":1,"22":5,"23":23,"24":4,"25":23},"f":{"0":3,"1":10,"2":4,"3":5,"4":6,"5":23},"b":{"0":[3,0],"1":[2,1],"2":[4,6],"3":[4,0],"4":[4,4],"5":[2,2],"6":[4,3],"7":[2,0],"8":[1,5],"9":[4,19]},"meta":{"lastBranch":10,"lastFunction":6,"lastStatement":26,"seen":{"s:15:6:18:Infinity":0,"s:21:13:32:Infinity":1,"f:21:35:21:36":0,"s:24:16:24:Infinity":2,"b:24:34:24:65:24:65:24:Infinity":0,"s:26:2:31:Infinity":3,"b:29:29:29:49:29:49:29:Infinity":1,"s:36:32:64:Infinity":4,"f:36:32:36:33":1,"b:38:2:63:Infinity:60:9:63:Infinity":2,"s:38:2:63:Infinity":5,"s:39:16:39:Infinity":6,"b:41:4:59:Infinity:undefined:undefined:undefined:undefined":3,"s:41:4:59:Infinity":7,"b:41:8:41:22:41:22:41:45":4,"s:42:6:58:Infinity":8,"f:42:25:42:26":2,"s:43:24:43:Infinity":9,"s:44:26:44:Infinity":10,"s:45:21:45:Infinity":11,"s:47:8:49:Infinity":12,"b:52:8:57:Infinity:undefined:undefined:undefined:undefined":5,"s:52:8:57:Infinity":13,"b:52:12:52:48:52:48:52:83":6,"b:54:10:56:Infinity:undefined:undefined:undefined:undefined":7,"s:54:10:56:Infinity":14,"s:55:12:55:Infinity":15,"s:62:4:62:Infinity":16,"s:66:13:68:Infinity":17,"f:66:33:66:34":3,"s:67:2:67:Infinity":18,"s:71:41:71:Infinity":19,"f:74:16:74:51":4,"b:78:2:80:Infinity:undefined:undefined:undefined:undefined":8,"s:78:2:80:Infinity":20,"s:79:4:79:Infinity":21,"s:83:2:102:Infinity":22,"f:106:16:106:48":5,"b:107:2:109:Infinity:undefined:undefined:undefined:undefined":9,"s:107:2:109:Infinity":23,"s:108:4:108:Infinity":24,"s:110:2:110:Infinity":25}}}}}