{"C:\\dev\\aletheia\\aletheia-frontend\\app\\components\\common\\ErrorBoundary.tsx": {"path":"C:\\dev\\aletheia\\aletheia-frontend\\app\\components\\common\\ErrorBoundary.tsx","statementMap":{"0":{"start":{"line":60,"column":16},"end":{"line":66,"column":null}},"1":{"start":{"line":28,"column":4},"end":{"line":28,"column":null}},"2":{"start":{"line":29,"column":4},"end":{"line":33,"column":null}},"3":{"start":{"line":38,"column":4},"end":{"line":41,"column":null}},"4":{"start":{"line":46,"column":4},"end":{"line":46,"column":null}},"5":{"start":{"line":49,"column":4},"end":{"line":51,"column":null}},"6":{"start":{"line":50,"column":6},"end":{"line":50,"column":null}},"7":{"start":{"line":54,"column":4},"end":{"line":57,"column":null}},"8":{"start":{"line":61,"column":4},"end":{"line":65,"column":null}},"9":{"start":{"line":69,"column":4},"end":{"line":113,"column":null}},"10":{"start":{"line":71,"column":6},"end":{"line":73,"column":null}},"11":{"start":{"line":72,"column":8},"end":{"line":72,"column":null}},"12":{"start":{"line":76,"column":6},"end":{"line":111,"column":null}},"13":{"start":{"line":115,"column":4},"end":{"line":115,"column":null}}},"fnMap":{"0":{"name":"(anonymous_0)","decl":{"start":{"line":27,"column":2},"end":{"line":27,"column":14}},"loc":{"start":{"line":27,"column":41},"end":{"line":34,"column":null}},"line":27},"1":{"name":"(anonymous_1)","decl":{"start":{"line":36,"column":9},"end":{"line":36,"column":34}},"loc":{"start":{"line":36,"column":77},"end":{"line":42,"column":null}},"line":36},"2":{"name":"(anonymous_2)","decl":{"start":{"line":44,"column":2},"end":{"line":44,"column":20}},"loc":{"start":{"line":44,"column":62},"end":{"line":58,"column":null}},"line":44},"3":{"name":"(anonymous_3)","decl":{"start":{"line":60,"column":16},"end":{"line":60,"column":22}},"loc":{"start":{"line":60,"column":22},"end":{"line":66,"column":null}},"line":60},"4":{"name":"(anonymous_4)","decl":{"start":{"line":68,"column":2},"end":{"line":68,"column":11}},"loc":{"start":{"line":68,"column":11},"end":{"line":116,"column":null}},"line":68}},"branchMap":{"0":{"loc":{"start":{"line":49,"column":4},"end":{"line":51,"column":null}},"type":"if","locations":[{"start":{"line":49,"column":4},"end":{"line":51,"column":null}},{"start":{},"end":{}}],"line":49},"1":{"loc":{"start":{"line":69,"column":4},"end":{"line":113,"column":null}},"type":"if","locations":[{"start":{"line":69,"column":4},"end":{"line":113,"column":null}},{"start":{},"end":{}}],"line":69},"2":{"loc":{"start":{"line":71,"column":6},"end":{"line":73,"column":null}},"type":"if","locations":[{"start":{"line":71,"column":6},"end":{"line":73,"column":null}},{"start":{},"end":{}}],"line":71},"3":{"loc":{"start":{"line":94,"column":13},"end":{"line":94,"column":null}},"type":"binary-expr","locations":[{"start":{"line":94,"column":13},"end":{"line":94,"column":42}},{"start":{"line":94,"column":42},"end":{"line":94,"column":null}}],"line":94},"4":{"loc":{"start":{"line":94,"column":42},"end":{"line":100,"column":null}},"type":"binary-expr","locations":[{"start":{"line":95,"column":14},"end":{"line":95,"column":42}},{"start":{"line":95,"column":42},"end":{"line":95,"column":85}},{"start":{"line":95,"column":85},"end":{"line":95,"column":null}},{"start":{"line":96,"column":14},"end":{"line":100,"column":null}}],"line":94}},"s":{"0":1,"1":47,"2":47,"3":38,"4":13,"5":13,"6":1,"7":13,"8":1,"9":99,"10":57,"11":3,"12":54,"13":42},"f":{"0":47,"1":11,"2":13,"3":1,"4":99},"b":{"0":[1,12],"1":[57,42],"2":[3,54],"3":[54,6],"4":[57,18,27,5]},"meta":{"lastBranch":5,"lastFunction":5,"lastStatement":14,"seen":{"s:60:16:66:Infinity":0,"f:27:2:27:14":0,"s:28:4:28:Infinity":1,"s:29:4:33:Infinity":2,"f:36:9:36:34":1,"s:38:4:41:Infinity":3,"f:44:2:44:20":2,"s:46:4:46:Infinity":4,"b:49:4:51:Infinity:undefined:undefined:undefined:undefined":0,"s:49:4:51:Infinity":5,"s:50:6:50:Infinity":6,"s:54:4:57:Infinity":7,"f:60:16:60:22":3,"s:61:4:65:Infinity":8,"f:68:2:68:11":4,"b:69:4:113:Infinity:undefined:undefined:undefined:undefined":1,"s:69:4:113:Infinity":9,"b:71:6:73:Infinity:undefined:undefined:undefined:undefined":2,"s:71:6:73:Infinity":10,"s:72:8:72:Infinity":11,"s:76:6:111:Infinity":12,"b:94:13:94:42:94:42:94:Infinity":3,"b:95:14:95:42:95:42:95:85:95:85:95:Infinity:96:14:100:Infinity":4,"s:115:4:115:Infinity":13}}}
,"C:\\dev\\aletheia\\aletheia-frontend\\app\\components\\layout\\AletheiaLayout.tsx": {"path":"C:\\dev\\aletheia\\aletheia-frontend\\app\\components\\layout\\AletheiaLayout.tsx","statementMap":{"0":{"start":{"line":18,"column":39},"end":{"line":18,"column":null}},"1":{"start":{"line":20,"column":2},"end":{"line":29,"column":null}}},"fnMap":{"0":{"name":"AletheiaLayout","decl":{"start":{"line":17,"column":16},"end":{"line":17,"column":31}},"loc":{"start":{"line":17,"column":59},"end":{"line":31,"column":null}},"line":17}},"branchMap":{"0":{"loc":{"start":{"line":22,"column":7},"end":{"line":22,"column":null}},"type":"binary-expr","locations":[{"start":{"line":22,"column":7},"end":{"line":22,"column":17}},{"start":{"line":22,"column":17},"end":{"line":22,"column":null}}],"line":22},"1":{"loc":{"start":{"line":28,"column":7},"end":{"line":28,"column":null}},"type":"binary-expr","locations":[{"start":{"line":28,"column":7},"end":{"line":28,"column":17}},{"start":{"line":28,"column":17},"end":{"line":28,"column":null}}],"line":28}},"s":{"0":5,"1":5},"f":{"0":5},"b":{"0":[5,3],"1":[5,1]},"meta":{"lastBranch":2,"lastFunction":1,"lastStatement":2,"seen":{"f:17:16:17:31":0,"s:18:39:18:Infinity":0,"s:20:2:29:Infinity":1,"b:22:7:22:17:22:17:22:Infinity":0,"b:28:7:28:17:28:17:28:Infinity":1}}}
,"C:\\dev\\aletheia\\aletheia-frontend\\app\\components\\layout\\AppShell.tsx": {"path":"C:\\dev\\aletheia\\aletheia-frontend\\app\\components\\layout\\AppShell.tsx","statementMap":{"0":{"start":{"line":29,"column":28},"end":{"line":29,"column":null}},"1":{"start":{"line":30,"column":34},"end":{"line":30,"column":null}},"2":{"start":{"line":32,"column":2},"end":{"line":54,"column":null}},"3":{"start":{"line":33,"column":30},"end":{"line":33,"column":null}},"4":{"start":{"line":36,"column":7},"end":{"line":37,"column":null}},"5":{"start":{"line":37,"column":65},"end":{"line":37,"column":null}},"6":{"start":{"line":37,"column":89},"end":{"line":37,"column":112}},"7":{"start":{"line":39,"column":7},"end":{"line":40,"column":null}},"8":{"start":{"line":40,"column":50},"end":{"line":40,"column":null}},"9":{"start":{"line":42,"column":17},"end":{"line":48,"column":null}},"10":{"start":{"line":43,"column":6},"end":{"line":43,"column":null}},"11":{"start":{"line":44,"column":6},"end":{"line":47,"column":null}},"12":{"start":{"line":46,"column":8},"end":{"line":46,"column":null}},"13":{"start":{"line":46,"column":18},"end":{"line":46,"column":37}},"14":{"start":{"line":50,"column":4},"end":{"line":53,"column":null}},"15":{"start":{"line":51,"column":6},"end":{"line":51,"column":null}},"16":{"start":{"line":52,"column":6},"end":{"line":52,"column":null}},"17":{"start":{"line":52,"column":25},"end":{"line":52,"column":null}},"18":{"start":{"line":56,"column":2},"end":{"line":56,"column":null}},"19":{"start":{"line":60,"column":75},"end":{"line":60,"column":null}},"20":{"start":{"line":61,"column":8},"end":{"line":61,"column":null}},"21":{"start":{"line":62,"column":49},"end":{"line":62,"column":null}},"22":{"start":{"line":63,"column":34},"end":{"line":63,"column":null}},"23":{"start":{"line":64,"column":40},"end":{"line":64,"column":null}},"24":{"start":{"line":65,"column":8},"end":{"line":65,"column":null}},"25":{"start":{"line":65,"column":42},"end":{"line":65,"column":66}},"26":{"start":{"line":66,"column":8},"end":{"line":66,"column":null}},"27":{"start":{"line":66,"column":43},"end":{"line":66,"column":68}},"28":{"start":{"line":68,"column":8},"end":{"line":79,"column":null}},"29":{"start":{"line":70,"column":6},"end":{"line":77,"column":null}},"30":{"start":{"line":81,"column":2},"end":{"line":86,"column":null}},"31":{"start":{"line":82,"column":4},"end":{"line":82,"column":null}},"32":{"start":{"line":82,"column":22},"end":{"line":82,"column":null}},"33":{"start":{"line":83,"column":4},"end":{"line":85,"column":null}},"34":{"start":{"line":84,"column":6},"end":{"line":84,"column":null}},"35":{"start":{"line":88,"column":2},"end":{"line":90,"column":null}},"36":{"start":{"line":89,"column":4},"end":{"line":89,"column":null}},"37":{"start":{"line":92,"column":2},"end":{"line":140,"column":null}}},"fnMap":{"0":{"name":"useClientReady","decl":{"start":{"line":28,"column":9},"end":{"line":28,"column":26}},"loc":{"start":{"line":28,"column":26},"end":{"line":57,"column":null}},"line":28},"1":{"name":"(anonymous_1)","decl":{"start":{"line":32,"column":12},"end":{"line":32,"column":18}},"loc":{"start":{"line":32,"column":18},"end":{"line":54,"column":5}},"line":32},"2":{"name":"(anonymous_2)","decl":{"start":{"line":37,"column":35},"end":{"line":37,"column":36}},"loc":{"start":{"line":37,"column":65},"end":{"line":37,"column":null}},"line":37},"3":{"name":"(anonymous_3)","decl":{"start":{"line":37,"column":83},"end":{"line":37,"column":89}},"loc":{"start":{"line":37,"column":89},"end":{"line":37,"column":112}},"line":37},"4":{"name":"(anonymous_4)","decl":{"start":{"line":40,"column":34},"end":{"line":40,"column":35}},"loc":{"start":{"line":40,"column":50},"end":{"line":40,"column":null}},"line":40},"5":{"name":"(anonymous_5)","decl":{"start":{"line":42,"column":21},"end":{"line":42,"column":27}},"loc":{"start":{"line":42,"column":27},"end":{"line":48,"column":5}},"line":42},"6":{"name":"(anonymous_6)","decl":{"start":{"line":44,"column":17},"end":{"line":44,"column":23}},"loc":{"start":{"line":44,"column":23},"end":{"line":47,"column":7}},"line":44},"7":{"name":"(anonymous_7)","decl":{"start":{"line":46,"column":12},"end":{"line":46,"column":18}},"loc":{"start":{"line":46,"column":18},"end":{"line":46,"column":37}},"line":46},"8":{"name":"(anonymous_8)","decl":{"start":{"line":50,"column":11},"end":{"line":50,"column":17}},"loc":{"start":{"line":50,"column":17},"end":{"line":53,"column":null}},"line":50},"9":{"name":"AppShell","decl":{"start":{"line":59,"column":16},"end":{"line":59,"column":25}},"loc":{"start":{"line":59,"column":47},"end":{"line":142,"column":null}},"line":59},"10":{"name":"(anonymous_10)","decl":{"start":{"line":65,"column":36},"end":{"line":65,"column":42}},"loc":{"start":{"line":65,"column":42},"end":{"line":65,"column":66}},"line":65},"11":{"name":"(anonymous_11)","decl":{"start":{"line":66,"column":37},"end":{"line":66,"column":43}},"loc":{"start":{"line":66,"column":43},"end":{"line":66,"column":68}},"line":66},"12":{"name":"(anonymous_12)","decl":{"start":{"line":69,"column":4},"end":{"line":69,"column":null}},"loc":{"start":{"line":70,"column":6},"end":{"line":77,"column":null}},"line":70},"13":{"name":"(anonymous_13)","decl":{"start":{"line":81,"column":12},"end":{"line":81,"column":18}},"loc":{"start":{"line":81,"column":18},"end":{"line":86,"column":5}},"line":81}},"branchMap":{"0":{"loc":{"start":{"line":36,"column":7},"end":{"line":37,"column":null}},"type":"binary-expr","locations":[{"start":{"line":36,"column":7},"end":{"line":37,"column":35}},{"start":{"line":37,"column":35},"end":{"line":37,"column":null}}],"line":36},"1":{"loc":{"start":{"line":39,"column":7},"end":{"line":40,"column":null}},"type":"binary-expr","locations":[{"start":{"line":39,"column":7},"end":{"line":40,"column":34}},{"start":{"line":40,"column":34},"end":{"line":40,"column":null}}],"line":39},"2":{"loc":{"start":{"line":52,"column":6},"end":{"line":52,"column":null}},"type":"if","locations":[{"start":{"line":52,"column":6},"end":{"line":52,"column":null}},{"start":{},"end":{}}],"line":52},"3":{"loc":{"start":{"line":60,"column":52},"end":{"line":60,"column":71}},"type":"default-arg","locations":[{"start":{"line":60,"column":66},"end":{"line":60,"column":71}}],"line":60},"4":{"loc":{"start":{"line":70,"column":6},"end":{"line":77,"column":null}},"type":"binary-expr","locations":[{"start":{"line":70,"column":6},"end":{"line":70,"column":18}},{"start":{"line":70,"column":18},"end":{"line":77,"column":null}}],"line":70},"5":{"loc":{"start":{"line":82,"column":4},"end":{"line":82,"column":null}},"type":"if","locations":[{"start":{"line":82,"column":4},"end":{"line":82,"column":null}},{"start":{},"end":{}}],"line":82},"6":{"loc":{"start":{"line":83,"column":4},"end":{"line":85,"column":null}},"type":"if","locations":[{"start":{"line":83,"column":4},"end":{"line":85,"column":null}},{"start":{},"end":{}}],"line":83},"7":{"loc":{"start":{"line":83,"column":8},"end":{"line":83,"column":54}},"type":"binary-expr","locations":[{"start":{"line":83,"column":8},"end":{"line":83,"column":19}},{"start":{"line":83,"column":19},"end":{"line":83,"column":36}},{"start":{"line":83,"column":36},"end":{"line":83,"column":54}}],"line":83},"8":{"loc":{"start":{"line":88,"column":2},"end":{"line":90,"column":null}},"type":"if","locations":[{"start":{"line":88,"column":2},"end":{"line":90,"column":null}},{"start":{},"end":{}}],"line":88},"9":{"loc":{"start":{"line":88,"column":6},"end":{"line":88,"column":88}},"type":"binary-expr","locations":[{"start":{"line":88,"column":6},"end":{"line":88,"column":18}},{"start":{"line":88,"column":18},"end":{"line":88,"column":34}},{"start":{"line":88,"column":34},"end":{"line":88,"column":50}},{"start":{"line":88,"column":50},"end":{"line":88,"column":68}},{"start":{"line":88,"column":68},"end":{"line":88,"column":88}}],"line":88},"10":{"loc":{"start":{"line":113,"column":26},"end":{"line":113,"column":null}},"type":"cond-expr","locations":[{"start":{"line":113,"column":40},"end":{"line":113,"column":49}},{"start":{"line":113,"column":49},"end":{"line":113,"column":null}}],"line":113}},"s":{"0":17,"1":17,"2":17,"3":7,"4":7,"5":3,"6":3,"7":7,"8":2,"9":7,"10":6,"11":6,"12":6,"13":6,"14":7,"15":7,"16":7,"17":6,"18":17,"19":17,"20":17,"21":17,"22":17,"23":17,"24":17,"25":1,"26":17,"27":1,"28":17,"29":7,"30":17,"31":15,"32":2,"33":13,"34":1,"35":17,"36":10,"37":7},"f":{"0":17,"1":7,"2":3,"3":3,"4":2,"5":6,"6":6,"7":6,"8":7,"9":17,"10":1,"11":1,"12":7,"13":15},"b":{"0":[7,3],"1":[7,2],"2":[6,1],"3":[17],"4":[7,7],"5":[2,13],"6":[1,12],"7":[13,7,7],"8":[10,7],"9":[17,10,8,7,7],"10":[6,1]},"meta":{"lastBranch":11,"lastFunction":14,"lastStatement":38,"seen":{"f:28:9:28:26":0,"s:29:28:29:Infinity":0,"s:30:34:30:Infinity":1,"s:32:2:54:Infinity":2,"f:32:12:32:18":1,"s:33:30:33:Infinity":3,"s:36:7:37:Infinity":4,"b:36:7:37:35:37:35:37:Infinity":0,"f:37:35:37:36":2,"s:37:65:37:Infinity":5,"f:37:83:37:89":3,"s:37:89:37:112":6,"s:39:7:40:Infinity":7,"b:39:7:40:34:40:34:40:Infinity":1,"f:40:34:40:35":4,"s:40:50:40:Infinity":8,"s:42:17:48:Infinity":9,"f:42:21:42:27":5,"s:43:6:43:Infinity":10,"s:44:6:47:Infinity":11,"f:44:17:44:23":6,"s:46:8:46:Infinity":12,"f:46:12:46:18":7,"s:46:18:46:37":13,"s:50:4:53:Infinity":14,"f:50:11:50:17":8,"s:51:6:51:Infinity":15,"b:52:6:52:Infinity:undefined:undefined:undefined:undefined":2,"s:52:6:52:Infinity":16,"s:52:25:52:Infinity":17,"s:56:2:56:Infinity":18,"f:59:16:59:25":9,"s:60:75:60:Infinity":19,"b:60:66:60:71":3,"s:61:8:61:Infinity":20,"s:62:49:62:Infinity":21,"s:63:34:63:Infinity":22,"s:64:40:64:Infinity":23,"s:65:8:65:Infinity":24,"f:65:36:65:42":10,"s:65:42:65:66":25,"s:66:8:66:Infinity":26,"f:66:37:66:43":11,"s:66:43:66:68":27,"s:68:8:79:Infinity":28,"f:69:4:69:Infinity":12,"s:70:6:77:Infinity":29,"b:70:6:70:18:70:18:77:Infinity":4,"s:81:2:86:Infinity":30,"f:81:12:81:18":13,"b:82:4:82:Infinity:undefined:undefined:undefined:undefined":5,"s:82:4:82:Infinity":31,"s:82:22:82:Infinity":32,"b:83:4:85:Infinity:undefined:undefined:undefined:undefined":6,"s:83:4:85:Infinity":33,"b:83:8:83:19:83:19:83:36:83:36:83:54":7,"s:84:6:84:Infinity":34,"b:88:2:90:Infinity:undefined:undefined:undefined:undefined":8,"s:88:2:90:Infinity":35,"b:88:6:88:18:88:18:88:34:88:34:88:50:88:50:88:68:88:68:88:88":9,"s:89:4:89:Infinity":36,"s:92:2:140:Infinity":37,"b:113:40:113:49:113:49:113:Infinity":10}}}
,"C:\\dev\\aletheia\\aletheia-frontend\\app\\components\\layout\\ContentSurface.tsx": {"path":"C:\\dev\\aletheia\\aletheia-frontend\\app\\components\\layout\\ContentSurface.tsx","statementMap":{"0":{"start":{"line":17,"column":38},"end":{"line":17,"column":null}},"1":{"start":{"line":19,"column":2},"end":{"line":29,"column":null}}},"fnMap":{"0":{"name":"ContentSurface","decl":{"start":{"line":16,"column":16},"end":{"line":16,"column":31}},"loc":{"start":{"line":16,"column":59},"end":{"line":31,"column":null}},"line":16}},"branchMap":{"0":{"loc":{"start":{"line":17,"column":20},"end":{"line":17,"column":34}},"type":"default-arg","locations":[{"start":{"line":17,"column":32},"end":{"line":17,"column":34}}],"line":17},"1":{"loc":{"start":{"line":25,"column":19},"end":{"line":25,"column":null}},"type":"cond-expr","locations":[{"start":{"line":25,"column":35},"end":{"line":25,"column":47}},{"start":{"line":25,"column":47},"end":{"line":25,"column":null}}],"line":25}},"s":{"0":284,"1":284},"f":{"0":284},"b":{"0":[284],"1":[1,283]},"meta":{"lastBranch":2,"lastFunction":1,"lastStatement":2,"seen":{"f:16:16:16:31":0,"s:17:38:17:Infinity":0,"b:17:32:17:34":0,"s:19:2:29:Infinity":1,"b:25:35:25:47:25:47:25:Infinity":1}}}
,"C:\\dev\\aletheia\\aletheia-frontend\\app\\components\\layout\\DistractionFreeView.tsx": {"path":"C:\\dev\\aletheia\\aletheia-frontend\\app\\components\\layout\\DistractionFreeView.tsx","statementMap":{"0":{"start":{"line":17,"column":40},"end":{"line":17,"column":null}},"1":{"start":{"line":19,"column":2},"end":{"line":34,"column":null}}},"fnMap":{"0":{"name":"DistractionFreeView","decl":{"start":{"line":16,"column":16},"end":{"line":16,"column":36}},"loc":{"start":{"line":16,"column":69},"end":{"line":36,"column":null}},"line":16}},"branchMap":{"0":{"loc":{"start":{"line":17,"column":20},"end":{"line":17,"column":36}},"type":"default-arg","locations":[{"start":{"line":17,"column":30},"end":{"line":17,"column":36}}],"line":17},"1":{"loc":{"start":{"line":25,"column":12},"end":{"line":30,"column":null}},"type":"binary-expr","locations":[{"start":{"line":25,"column":12},"end":{"line":25,"column":23}},{"start":{"line":25,"column":23},"end":{"line":30,"column":null}}],"line":25}},"s":{"0":5,"1":5},"f":{"0":5},"b":{"0":[5],"1":[5,1]},"meta":{"lastBranch":2,"lastFunction":1,"lastStatement":2,"seen":{"f:16:16:16:36":0,"s:17:40:17:Infinity":0,"b:17:30:17:36":0,"s:19:2:34:Infinity":1,"b:25:12:25:23:25:23:30:Infinity":1}}}
,"C:\\dev\\aletheia\\aletheia-frontend\\app\\components\\layout\\FocusModeToggle.tsx": {"path":"C:\\dev\\aletheia\\aletheia-frontend\\app\\components\\layout\\FocusModeToggle.tsx","statementMap":{"0":{"start":{"line":17,"column":40},"end":{"line":17,"column":null}},"1":{"start":{"line":19,"column":2},"end":{"line":28,"column":null}},"2":{"start":{"line":24,"column":27},"end":{"line":24,"column":null}}},"fnMap":{"0":{"name":"FocusModeToggle","decl":{"start":{"line":16,"column":16},"end":{"line":16,"column":32}},"loc":{"start":{"line":16,"column":61},"end":{"line":30,"column":null}},"line":16},"1":{"name":"(anonymous_1)","decl":{"start":{"line":24,"column":20},"end":{"line":24,"column":21}},"loc":{"start":{"line":24,"column":27},"end":{"line":24,"column":null}},"line":24}},"branchMap":{"0":{"loc":{"start":{"line":17,"column":10},"end":{"line":17,"column":27}},"type":"default-arg","locations":[{"start":{"line":17,"column":20},"end":{"line":17,"column":27}}],"line":17}},"s":{"0":5,"1":5,"2":3},"f":{"0":5,"1":3},"b":{"0":[5]},"meta":{"lastBranch":1,"lastFunction":2,"lastStatement":3,"seen":{"f:16:16:16:32":0,"s:17:40:17:Infinity":0,"b:17:20:17:27":0,"s:19:2:28:Infinity":1,"f:24:20:24:21":1,"s:24:27:24:Infinity":2}}}
,"C:\\dev\\aletheia\\aletheia-frontend\\app\\components\\layout\\Header.tsx": {"path":"C:\\dev\\aletheia\\aletheia-frontend\\app\\components\\layout\\Header.tsx","statementMap":{"0":{"start":{"line":18,"column":83},"end":{"line":18,"column":null}},"1":{"start":{"line":20,"column":2},"end":{"line":47,"column":null}}},"fnMap":{"0":{"name":"Header","decl":{"start":{"line":17,"column":16},"end":{"line":17,"column":23}},"loc":{"start":{"line":17,"column":43},"end":{"line":49,"column":null}},"line":17}},"branchMap":{"0":{"loc":{"start":{"line":24,"column":11},"end":{"line":28,"column":null}},"type":"cond-expr","locations":[{"start":{"line":25,"column":12},"end":{"line":27,"column":null}},{"start":{"line":28,"column":14},"end":{"line":28,"column":null}}],"line":24},"1":{"loc":{"start":{"line":40,"column":11},"end":{"line":44,"column":null}},"type":"cond-expr","locations":[{"start":{"line":41,"column":12},"end":{"line":43,"column":null}},{"start":{"line":44,"column":14},"end":{"line":44,"column":null}}],"line":40}},"s":{"0":4,"1":4},"f":{"0":4},"b":{"0":[3,1],"1":[3,1]},"meta":{"lastBranch":2,"lastFunction":1,"lastStatement":2,"seen":{"f:17:16:17:23":0,"s:18:83:18:Infinity":0,"s:20:2:47:Infinity":1,"b:25:12:27:Infinity:28:14:28:Infinity":0,"b:41:12:43:Infinity:44:14:44:Infinity":1}}}
,"C:\\dev\\aletheia\\aletheia-frontend\\app\\components\\layout\\QuietBackground.tsx": {"path":"C:\\dev\\aletheia\\aletheia-frontend\\app\\components\\layout\\QuietBackground.tsx","statementMap":{"0":{"start":{"line":16,"column":23},"end":{"line":16,"column":null}},"1":{"start":{"line":18,"column":2},"end":{"line":26,"column":null}}},"fnMap":{"0":{"name":"QuietBackground","decl":{"start":{"line":15,"column":16},"end":{"line":15,"column":32}},"loc":{"start":{"line":15,"column":61},"end":{"line":28,"column":null}},"line":15}},"branchMap":{},"s":{"0":3,"1":3},"f":{"0":3},"b":{},"meta":{"lastBranch":0,"lastFunction":1,"lastStatement":2,"seen":{"f:15:16:15:32":0,"s:16:23:16:Infinity":0,"s:18:2:26:Infinity":1}}}
,"C:\\dev\\aletheia\\aletheia-frontend\\app\\components\\layout\\ServerHeader.tsx": {"path":"C:\\dev\\aletheia\\aletheia-frontend\\app\\components\\layout\\ServerHeader.tsx","statementMap":{"0":{"start":{"line":12,"column":2},"end":{"line":12,"column":null}}},"fnMap":{"0":{"name":"ServerHeader","decl":{"start":{"line":10,"column":16},"end":{"line":10,"column":31}},"loc":{"start":{"line":10,"column":31},"end":{"line":13,"column":null}},"line":10}},"branchMap":{},"s":{"0":3},"f":{"0":3},"b":{},"meta":{"lastBranch":0,"lastFunction":1,"lastStatement":1,"seen":{"f:10:16:10:31":0,"s:12:2:12:Infinity":0}}}
,"C:\\dev\\aletheia\\aletheia-frontend\\app\\components\\layout\\primary-nav\\PrimaryNav.tsx": {"path":"C:\\dev\\aletheia\\aletheia-frontend\\app\\components\\layout\\primary-nav\\PrimaryNav.tsx","statementMap":{"0":{"start":{"line":29,"column":95},"end":{"line":29,"column":null}},"1":{"start":{"line":30,"column":8},"end":{"line":30,"column":null}},"2":{"start":{"line":32,"column":2},"end":{"line":86,"column":null}},"3":{"start":{"line":60,"column":27},"end":{"line":60,"column":null}},"4":{"start":{"line":61,"column":10},"end":{"line":75,"column":null}},"5":{"start":{"line":68,"column":29},"end":{"line":68,"column":null}}},"fnMap":{"0":{"name":"PrimaryNav","decl":{"start":{"line":28,"column":16},"end":{"line":28,"column":27}},"loc":{"start":{"line":28,"column":51},"end":{"line":88,"column":null}},"line":28},"1":{"name":"(anonymous_1)","decl":{"start":{"line":59,"column":19},"end":{"line":59,"column":20}},"loc":{"start":{"line":59,"column":29},"end":{"line":77,"column":9}},"line":59},"2":{"name":"(anonymous_2)","decl":{"start":{"line":68,"column":23},"end":{"line":68,"column":29}},"loc":{"start":{"line":68,"column":29},"end":{"line":68,"column":null}},"line":68}},"branchMap":{"0":{"loc":{"start":{"line":29,"column":17},"end":{"line":29,"column":51}},"type":"default-arg","locations":[{"start":{"line":29,"column":29},"end":{"line":29,"column":51}}],"line":29},"1":{"loc":{"start":{"line":29,"column":59},"end":{"line":29,"column":80}},"type":"default-arg","locations":[{"start":{"line":29,"column":69},"end":{"line":29,"column":80}}],"line":29},"2":{"loc":{"start":{"line":41,"column":17},"end":{"line":41,"column":null}},"type":"cond-expr","locations":[{"start":{"line":41,"column":41},"end":{"line":41,"column":70}},{"start":{"line":41,"column":70},"end":{"line":41,"column":null}}],"line":41},"3":{"loc":{"start":{"line":60,"column":27},"end":{"line":60,"column":null}},"type":"binary-expr","locations":[{"start":{"line":60,"column":27},"end":{"line":60,"column":53}},{"start":{"line":60,"column":53},"end":{"line":60,"column":null}}],"line":60},"4":{"loc":{"start":{"line":80,"column":7},"end":{"line":85,"column":null}},"type":"cond-expr","locations":[{"start":{"line":81,"column":8},"end":{"line":84,"column":null}},{"start":{"line":85,"column":10},"end":{"line":85,"column":null}}],"line":80}},"s":{"0":6,"1":6,"2":6,"3":27,"4":27,"5":1},"f":{"0":6,"1":27,"2":1},"b":{"0":[6],"1":[6],"2":[4,2],"3":[27,26],"4":[5,1]},"meta":{"lastBranch":5,"lastFunction":3,"lastStatement":6,"seen":{"f:28:16:28:27":0,"s:29:95:29:Infinity":0,"b:29:29:29:51":0,"b:29:69:29:80":1,"s:30:8:30:Infinity":1,"s:32:2:86:Infinity":2,"b:41:41:41:70:41:70:41:Infinity":2,"f:59:19:59:20":1,"s:60:27:60:Infinity":3,"b:60:27:60:53:60:53:60:Infinity":3,"s:61:10:75:Infinity":4,"f:68:23:68:29":2,"s:68:29:68:Infinity":5,"b:81:8:84:Infinity:85:10:85:Infinity":4}}}
,"C:\\dev\\aletheia\\aletheia-frontend\\app\\components\\primitives\\OptimisticButton.tsx": {"path":"C:\\dev\\aletheia\\aletheia-frontend\\app\\components\\primitives\\OptimisticButton.tsx","statementMap":{"0":{"start":{"line":23,"column":35},"end":{"line":23,"column":null}},"1":{"start":{"line":24,"column":44},"end":{"line":27,"column":null}},"2":{"start":{"line":26,"column":57},"end":{"line":26,"column":null}},"3":{"start":{"line":29,"column":22},"end":{"line":43,"column":null}},"4":{"start":{"line":31,"column":4},"end":{"line":42,"column":null}},"5":{"start":{"line":32,"column":6},"end":{"line":32,"column":null}},"6":{"start":{"line":33,"column":6},"end":{"line":41,"column":null}},"7":{"start":{"line":34,"column":8},"end":{"line":34,"column":null}},"8":{"start":{"line":38,"column":8},"end":{"line":38,"column":null}},"9":{"start":{"line":40,"column":8},"end":{"line":40,"column":null}},"10":{"start":{"line":45,"column":2},"end":{"line":52,"column":null}}},"fnMap":{"0":{"name":"OptimisticButton","decl":{"start":{"line":17,"column":16},"end":{"line":17,"column":33}},"loc":{"start":{"line":22,"column":26},"end":{"line":54,"column":null}},"line":22},"1":{"name":"(anonymous_1)","decl":{"start":{"line":26,"column":4},"end":{"line":26,"column":5}},"loc":{"start":{"line":26,"column":57},"end":{"line":26,"column":null}},"line":26},"2":{"name":"(anonymous_2)","decl":{"start":{"line":29,"column":22},"end":{"line":29,"column":28}},"loc":{"start":{"line":29,"column":28},"end":{"line":43,"column":null}},"line":29},"3":{"name":"(anonymous_3)","decl":{"start":{"line":31,"column":20},"end":{"line":31,"column":32}},"loc":{"start":{"line":31,"column":32},"end":{"line":42,"column":5}},"line":31}},"branchMap":{"0":{"loc":{"start":{"line":49,"column":16},"end":{"line":49,"column":null}},"type":"binary-expr","locations":[{"start":{"line":49,"column":16},"end":{"line":49,"column":29}},{"start":{"line":49,"column":29},"end":{"line":49,"column":48}},{"start":{"line":49,"column":48},"end":{"line":49,"column":null}}],"line":49},"1":{"loc":{"start":{"line":51,"column":7},"end":{"line":51,"column":null}},"type":"cond-expr","locations":[{"start":{"line":51,"column":44},"end":{"line":51,"column":62}},{"start":{"line":51,"column":62},"end":{"line":51,"column":null}}],"line":51},"2":{"loc":{"start":{"line":51,"column":7},"end":{"line":51,"column":44}},"type":"binary-expr","locations":[{"start":{"line":51,"column":7},"end":{"line":51,"column":26}},{"start":{"line":51,"column":26},"end":{"line":51,"column":44}}],"line":51}},"s":{"0":40,"1":40,"2":14,"3":40,"4":10,"5":10,"6":10,"7":10,"8":1,"9":9,"10":40},"f":{"0":40,"1":14,"2":10,"3":10},"b":{"0":[40,18,18],"1":[2,28],"2":[40,10]},"meta":{"lastBranch":3,"lastFunction":4,"lastStatement":11,"seen":{"f:17:16:17:33":0,"s:23:35:23:Infinity":0,"s:24:44:27:Infinity":1,"f:26:4:26:5":1,"s:26:57:26:Infinity":2,"s:29:22:43:Infinity":3,"f:29:22:29:28":2,"s:31:4:42:Infinity":4,"f:31:20:31:32":3,"s:32:6:32:Infinity":5,"s:33:6:41:Infinity":6,"s:34:8:34:Infinity":7,"s:38:8:38:Infinity":8,"s:40:8:40:Infinity":9,"s:45:2:52:Infinity":10,"b:49:16:49:29:49:29:49:48:49:48:49:Infinity":0,"b:51:44:51:62:51:62:51:Infinity":1,"b:51:7:51:26:51:26:51:44":2}}}
,"C:\\dev\\aletheia\\aletheia-frontend\\app\\components\\primitives\\SkeletonLoader.tsx": {"path":"C:\\dev\\aletheia\\aletheia-frontend\\app\\components\\primitives\\SkeletonLoader.tsx","statementMap":{"0":{"start":{"line":19,"column":2},"end":{"line":43,"column":null}}},"fnMap":{"0":{"name":"SkeletonLoader","decl":{"start":{"line":15,"column":16},"end":{"line":15,"column":33}},"loc":{"start":{"line":15,"column":33},"end":{"line":45,"column":null}},"line":15}},"branchMap":{},"s":{"0":7},"f":{"0":7},"b":{},"meta":{"lastBranch":0,"lastFunction":1,"lastStatement":1,"seen":{"f:15:16:15:33":0,"s:19:2:43:Infinity":0}}}
,"C:\\dev\\aletheia\\aletheia-frontend\\app\\components\\primitives\\ThemeToggle.tsx": {"path":"C:\\dev\\aletheia\\aletheia-frontend\\app\\components\\primitives\\ThemeToggle.tsx","statementMap":{"0":{"start":{"line":9,"column":34},"end":{"line":9,"column":null}},"1":{"start":{"line":10,"column":30},"end":{"line":10,"column":null}},"2":{"start":{"line":11,"column":15},"end":{"line":11,"column":null}},"3":{"start":{"line":13,"column":22},"end":{"line":15,"column":null}},"4":{"start":{"line":14,"column":4},"end":{"line":14,"column":null}},"5":{"start":{"line":17,"column":22},"end":{"line":19,"column":null}},"6":{"start":{"line":18,"column":4},"end":{"line":18,"column":null}},"7":{"start":{"line":21,"column":28},"end":{"line":24,"column":null}},"8":{"start":{"line":22,"column":4},"end":{"line":22,"column":null}},"9":{"start":{"line":23,"column":4},"end":{"line":23,"column":null}},"10":{"start":{"line":26,"column":18},"end":{"line":38,"column":null}},"11":{"start":{"line":27,"column":4},"end":{"line":37,"column":null}},"12":{"start":{"line":29,"column":8},"end":{"line":29,"column":null}},"13":{"start":{"line":31,"column":8},"end":{"line":31,"column":null}},"14":{"start":{"line":33,"column":8},"end":{"line":33,"column":null}},"15":{"start":{"line":40,"column":19},"end":{"line":52,"column":null}},"16":{"start":{"line":41,"column":4},"end":{"line":51,"column":null}},"17":{"start":{"line":43,"column":8},"end":{"line":43,"column":null}},"18":{"start":{"line":45,"column":8},"end":{"line":45,"column":null}},"19":{"start":{"line":47,"column":8},"end":{"line":47,"column":null}},"20":{"start":{"line":54,"column":2},"end":{"line":96,"column":null}},"21":{"start":{"line":77,"column":33},"end":{"line":77,"column":61}},"22":{"start":{"line":83,"column":33},"end":{"line":83,"column":60}},"23":{"start":{"line":89,"column":33},"end":{"line":89,"column":62}}},"fnMap":{"0":{"name":"ThemeToggle","decl":{"start":{"line":8,"column":16},"end":{"line":8,"column":30}},"loc":{"start":{"line":8,"column":30},"end":{"line":98,"column":null}},"line":8},"1":{"name":"(anonymous_1)","decl":{"start":{"line":13,"column":22},"end":{"line":13,"column":23}},"loc":{"start":{"line":13,"column":64},"end":{"line":15,"column":null}},"line":13},"2":{"name":"(anonymous_2)","decl":{"start":{"line":17,"column":22},"end":{"line":17,"column":28}},"loc":{"start":{"line":17,"column":28},"end":{"line":19,"column":null}},"line":17},"3":{"name":"(anonymous_3)","decl":{"start":{"line":21,"column":28},"end":{"line":21,"column":29}},"loc":{"start":{"line":21,"column":67},"end":{"line":24,"column":null}},"line":21},"4":{"name":"(anonymous_4)","decl":{"start":{"line":26,"column":18},"end":{"line":26,"column":24}},"loc":{"start":{"line":26,"column":24},"end":{"line":38,"column":null}},"line":26},"5":{"name":"(anonymous_5)","decl":{"start":{"line":40,"column":19},"end":{"line":40,"column":25}},"loc":{"start":{"line":40,"column":25},"end":{"line":52,"column":null}},"line":40},"6":{"name":"(anonymous_6)","decl":{"start":{"line":77,"column":27},"end":{"line":77,"column":33}},"loc":{"start":{"line":77,"column":33},"end":{"line":77,"column":61}},"line":77},"7":{"name":"(anonymous_7)","decl":{"start":{"line":83,"column":27},"end":{"line":83,"column":33}},"loc":{"start":{"line":83,"column":33},"end":{"line":83,"column":60}},"line":83},"8":{"name":"(anonymous_8)","decl":{"start":{"line":89,"column":27},"end":{"line":89,"column":33}},"loc":{"start":{"line":89,"column":33},"end":{"line":89,"column":62}},"line":89}},"branchMap":{"0":{"loc":{"start":{"line":27,"column":4},"end":{"line":37,"column":null}},"type":"switch","locations":[{"start":{"line":28,"column":6},"end":{"line":29,"column":null}},{"start":{"line":30,"column":6},"end":{"line":31,"column":null}},{"start":{"line":32,"column":6},"end":{"line":33,"column":null}}],"line":27},"1":{"loc":{"start":{"line":41,"column":4},"end":{"line":51,"column":null}},"type":"switch","locations":[{"start":{"line":42,"column":6},"end":{"line":43,"column":null}},{"start":{"line":44,"column":6},"end":{"line":45,"column":null}},{"start":{"line":46,"column":6},"end":{"line":47,"column":null}}],"line":41},"2":{"loc":{"start":{"line":61,"column":25},"end":{"line":61,"column":null}},"type":"cond-expr","locations":[{"start":{"line":61,"column":32},"end":{"line":61,"column":47}},{"start":{"line":61,"column":47},"end":{"line":61,"column":null}}],"line":61},"3":{"loc":{"start":{"line":63,"column":25},"end":{"line":63,"column":null}},"type":"cond-expr","locations":[{"start":{"line":63,"column":32},"end":{"line":63,"column":41}},{"start":{"line":63,"column":41},"end":{"line":63,"column":null}}],"line":63}},"s":{"0":47,"1":47,"2":47,"3":47,"4":13,"5":47,"6":8,"7":47,"8":8,"9":8,"10":47,"11":47,"12":4,"13":2,"14":41,"15":47,"16":47,"17":4,"18":2,"19":41,"20":47,"21":4,"22":2,"23":2},"f":{"0":47,"1":13,"2":8,"3":8,"4":47,"5":47,"6":4,"7":2,"8":2},"b":{"0":[4,2,41],"1":[4,2,41],"2":[13,34],"3":[13,34]},"meta":{"lastBranch":4,"lastFunction":9,"lastStatement":24,"seen":{"f:8:16:8:30":0,"s:9:34:9:Infinity":0,"s:10:30:10:Infinity":1,"s:11:15:11:Infinity":2,"s:13:22:15:Infinity":3,"f:13:22:13:23":1,"s:14:4:14:Infinity":4,"s:17:22:19:Infinity":5,"f:17:22:17:28":2,"s:18:4:18:Infinity":6,"s:21:28:24:Infinity":7,"f:21:28:21:29":3,"s:22:4:22:Infinity":8,"s:23:4:23:Infinity":9,"s:26:18:38:Infinity":10,"f:26:18:26:24":4,"b:28:6:29:Infinity:30:6:31:Infinity:32:6:33:Infinity":0,"s:27:4:37:Infinity":11,"s:29:8:29:Infinity":12,"s:31:8:31:Infinity":13,"s:33:8:33:Infinity":14,"s:40:19:52:Infinity":15,"f:40:19:40:25":5,"b:42:6:43:Infinity:44:6:45:Infinity:46:6:47:Infinity":1,"s:41:4:51:Infinity":16,"s:43:8:43:Infinity":17,"s:45:8:45:Infinity":18,"s:47:8:47:Infinity":19,"s:54:2:96:Infinity":20,"b:61:32:61:47:61:47:61:Infinity":2,"b:63:32:63:41:63:41:63:Infinity":3,"f:77:27:77:33":6,"s:77:33:77:61":21,"f:83:27:83:33":7,"s:83:33:83:60":22,"f:89:27:89:33":8,"s:89:33:89:62":23}}}
,"C:\\dev\\aletheia\\aletheia-frontend\\app\\features\\analysis\\graphql.ts": {"path":"C:\\dev\\aletheia\\aletheia-frontend\\app\\features\\analysis\\graphql.ts","statementMap":{"0":{"start":{"line":12,"column":31},"end":{"line":12,"column":null}},"1":{"start":{"line":29,"column":40},"end":{"line":29,"column":null}}},"fnMap":{},"branchMap":{},"s":{"0":3,"1":3},"f":{},"b":{},"meta":{"lastBranch":0,"lastFunction":0,"lastStatement":2,"seen":{"s:12:31:12:Infinity":0,"s:29:40:29:Infinity":1}}}
,"C:\\dev\\aletheia\\aletheia-frontend\\app\\features\\analysis\\components\\AIRationalePanel.tsx": {"path":"C:\\dev\\aletheia\\aletheia-frontend\\app\\features\\analysis\\components\\AIRationalePanel.tsx","statementMap":{"0":{"start":{"line":23,"column":53},"end":{"line":23,"column":null}},"1":{"start":{"line":25,"column":2},"end":{"line":52,"column":null}},"2":{"start":{"line":37,"column":10},"end":{"line":49,"column":null}}},"fnMap":{"0":{"name":"AIRationalePanel","decl":{"start":{"line":22,"column":16},"end":{"line":22,"column":33}},"loc":{"start":{"line":22,"column":63},"end":{"line":54,"column":null}},"line":22},"1":{"name":"(anonymous_1)","decl":{"start":{"line":36,"column":23},"end":{"line":36,"column":24}},"loc":{"start":{"line":37,"column":10},"end":{"line":49,"column":null}},"line":37}},"branchMap":{"0":{"loc":{"start":{"line":23,"column":10},"end":{"line":23,"column":26}},"type":"default-arg","locations":[{"start":{"line":23,"column":22},"end":{"line":23,"column":26}}],"line":23},"1":{"loc":{"start":{"line":23,"column":26},"end":{"line":23,"column":49}},"type":"default-arg","locations":[{"start":{"line":23,"column":34},"end":{"line":23,"column":49}}],"line":23},"2":{"loc":{"start":{"line":30,"column":7},"end":{"line":33,"column":null}},"type":"binary-expr","locations":[{"start":{"line":30,"column":7},"end":{"line":30,"column":null}},{"start":{"line":31,"column":8},"end":{"line":33,"column":null}}],"line":30},"3":{"loc":{"start":{"line":42,"column":13},"end":{"line":47,"column":null}},"type":"binary-expr","locations":[{"start":{"line":42,"column":13},"end":{"line":42,"column":30}},{"start":{"line":42,"column":30},"end":{"line":42,"column":null}},{"start":{"line":43,"column":14},"end":{"line":47,"column":null}}],"line":42}},"s":{"0":15,"1":15,"2":33},"f":{"0":15,"1":33},"b":{"0":[15],"1":[15],"2":[15,4],"3":[33,5,4]},"meta":{"lastBranch":4,"lastFunction":2,"lastStatement":3,"seen":{"f:22:16:22:33":0,"s:23:53:23:Infinity":0,"b:23:22:23:26":0,"b:23:34:23:49":1,"s:25:2:52:Infinity":1,"b:30:7:30:Infinity:31:8:33:Infinity":2,"f:36:23:36:24":1,"s:37:10:49:Infinity":2,"b:42:13:42:30:42:30:42:Infinity:43:14:47:Infinity":3}}}
,"C:\\dev\\aletheia\\aletheia-frontend\\app\\features\\analysis\\components\\AIResultCard.tsx": {"path":"C:\\dev\\aletheia\\aletheia-frontend\\app\\features\\analysis\\components\\AIResultCard.tsx","statementMap":{"0":{"start":{"line":18,"column":46},"end":{"line":18,"column":null}},"1":{"start":{"line":20,"column":2},"end":{"line":46,"column":null}}},"fnMap":{"0":{"name":"AIResultCard","decl":{"start":{"line":17,"column":16},"end":{"line":17,"column":29}},"loc":{"start":{"line":17,"column":55},"end":{"line":48,"column":null}},"line":17}},"branchMap":{"0":{"loc":{"start":{"line":26,"column":9},"end":{"line":26,"column":null}},"type":"binary-expr","locations":[{"start":{"line":26,"column":9},"end":{"line":26,"column":19}},{"start":{"line":26,"column":19},"end":{"line":26,"column":null}}],"line":26},"1":{"loc":{"start":{"line":27,"column":9},"end":{"line":30,"column":null}},"type":"binary-expr","locations":[{"start":{"line":27,"column":9},"end":{"line":27,"column":null}},{"start":{"line":28,"column":10},"end":{"line":30,"column":null}}],"line":27},"2":{"loc":{"start":{"line":32,"column":9},"end":{"line":38,"column":null}},"type":"binary-expr","locations":[{"start":{"line":32,"column":9},"end":{"line":32,"column":null}},{"start":{"line":33,"column":10},"end":{"line":38,"column":null}}],"line":32},"3":{"loc":{"start":{"line":40,"column":9},"end":{"line":43,"column":null}},"type":"binary-expr","locations":[{"start":{"line":40,"column":9},"end":{"line":40,"column":null}},{"start":{"line":41,"column":10},"end":{"line":43,"column":null}}],"line":40}},"s":{"0":18,"1":18},"f":{"0":18},"b":{"0":[18,8],"1":[18,6],"2":[18,5],"3":[18,13]},"meta":{"lastBranch":4,"lastFunction":1,"lastStatement":2,"seen":{"f:17:16:17:29":0,"s:18:46:18:Infinity":0,"s:20:2:46:Infinity":1,"b:26:9:26:19:26:19:26:Infinity":0,"b:27:9:27:Infinity:28:10:30:Infinity":1,"b:32:9:32:Infinity:33:10:38:Infinity":2,"b:40:9:40:Infinity:41:10:43:Infinity":3}}}
,"C:\\dev\\aletheia\\aletheia-frontend\\app\\features\\analysis\\components\\AnalysisWorkspace.tsx": {"path":"C:\\dev\\aletheia\\aletheia-frontend\\app\\features\\analysis\\components\\AnalysisWorkspace.tsx","statementMap":{"0":{"start":{"line":21,"column":21},"end":{"line":21,"column":null}},"1":{"start":{"line":22,"column":26},"end":{"line":22,"column":null}},"2":{"start":{"line":23,"column":40},"end":{"line":23,"column":null}},"3":{"start":{"line":25,"column":52},"end":{"line":25,"column":null}},"4":{"start":{"line":26,"column":8},"end":{"line":26,"column":null}},"5":{"start":{"line":27,"column":8},"end":{"line":27,"column":null}},"6":{"start":{"line":29,"column":8},"end":{"line":48,"column":null}},"7":{"start":{"line":30,"column":33},"end":{"line":30,"column":null}},"8":{"start":{"line":31,"column":4},"end":{"line":46,"column":null}},"9":{"start":{"line":32,"column":6},"end":{"line":45,"column":null}},"10":{"start":{"line":33,"column":8},"end":{"line":44,"column":null}},"11":{"start":{"line":47,"column":4},"end":{"line":47,"column":null}},"12":{"start":{"line":47,"column":30},"end":{"line":47,"column":80}},"13":{"start":{"line":50,"column":2},"end":{"line":52,"column":null}},"14":{"start":{"line":51,"column":4},"end":{"line":51,"column":null}},"15":{"start":{"line":54,"column":2},"end":{"line":143,"column":null}},"16":{"start":{"line":98,"column":27},"end":{"line":98,"column":null}},"17":{"start":{"line":116,"column":22},"end":{"line":116,"column":null}},"18":{"start":{"line":117,"column":24},"end":{"line":117,"column":null}},"19":{"start":{"line":118,"column":12},"end":{"line":121,"column":null}},"20":{"start":{"line":119,"column":14},"end":{"line":119,"column":null}},"21":{"start":{"line":119,"column":41},"end":{"line":119,"column":55}},"22":{"start":{"line":120,"column":14},"end":{"line":120,"column":null}}},"fnMap":{"0":{"name":"AnalysisWorkspace","decl":{"start":{"line":20,"column":16},"end":{"line":20,"column":34}},"loc":{"start":{"line":20,"column":68},"end":{"line":145,"column":null}},"line":20},"1":{"name":"(anonymous_1)","decl":{"start":{"line":29,"column":35},"end":{"line":29,"column":41}},"loc":{"start":{"line":29,"column":41},"end":{"line":48,"column":5}},"line":29},"2":{"name":"(anonymous_2)","decl":{"start":{"line":47,"column":20},"end":{"line":47,"column":21}},"loc":{"start":{"line":47,"column":30},"end":{"line":47,"column":80}},"line":47},"3":{"name":"(anonymous_3)","decl":{"start":{"line":98,"column":20},"end":{"line":98,"column":21}},"loc":{"start":{"line":98,"column":27},"end":{"line":98,"column":null}},"line":98},"4":{"name":"(anonymous_4)","decl":{"start":{"line":115,"column":19},"end":{"line":115,"column":31}},"loc":{"start":{"line":115,"column":31},"end":{"line":122,"column":null}},"line":115},"5":{"name":"(anonymous_5)","decl":{"start":{"line":119,"column":31},"end":{"line":119,"column":32}},"loc":{"start":{"line":119,"column":41},"end":{"line":119,"column":55}},"line":119}},"branchMap":{"0":{"loc":{"start":{"line":32,"column":22},"end":{"line":32,"column":39}},"type":"binary-expr","locations":[{"start":{"line":32,"column":22},"end":{"line":32,"column":35}},{"start":{"line":32,"column":35},"end":{"line":32,"column":39}}],"line":32},"1":{"loc":{"start":{"line":50,"column":2},"end":{"line":52,"column":null}},"type":"if","locations":[{"start":{"line":50,"column":2},"end":{"line":52,"column":null}},{"start":{},"end":{}}],"line":50},"2":{"loc":{"start":{"line":77,"column":9},"end":{"line":82,"column":null}},"type":"cond-expr","locations":[{"start":{"line":78,"column":10},"end":{"line":81,"column":null}},{"start":{"line":82,"column":12},"end":{"line":82,"column":null}}],"line":77},"3":{"loc":{"start":{"line":84,"column":9},"end":{"line":88,"column":null}},"type":"cond-expr","locations":[{"start":{"line":85,"column":10},"end":{"line":87,"column":null}},{"start":{"line":88,"column":12},"end":{"line":88,"column":null}}],"line":84},"4":{"loc":{"start":{"line":84,"column":9},"end":{"line":84,"column":null}},"type":"binary-expr","locations":[{"start":{"line":84,"column":9},"end":{"line":84,"column":26}},{"start":{"line":84,"column":26},"end":{"line":84,"column":null}}],"line":84},"5":{"loc":{"start":{"line":106,"column":9},"end":{"line":110,"column":null}},"type":"cond-expr","locations":[{"start":{"line":107,"column":10},"end":{"line":109,"column":null}},{"start":{"line":110,"column":12},"end":{"line":110,"column":null}}],"line":106},"6":{"loc":{"start":{"line":114,"column":20},"end":{"line":114,"column":null}},"type":"binary-expr","locations":[{"start":{"line":114,"column":20},"end":{"line":114,"column":34}},{"start":{"line":114,"column":34},"end":{"line":114,"column":null}}],"line":114},"7":{"loc":{"start":{"line":118,"column":12},"end":{"line":121,"column":null}},"type":"if","locations":[{"start":{"line":118,"column":12},"end":{"line":121,"column":null}},{"start":{},"end":{}}],"line":118},"8":{"loc":{"start":{"line":125,"column":11},"end":{"line":125,"column":null}},"type":"cond-expr","locations":[{"start":{"line":125,"column":24},"end":{"line":125,"column":36}},{"start":{"line":125,"column":36},"end":{"line":125,"column":null}}],"line":125},"9":{"loc":{"start":{"line":140,"column":9},"end":{"line":140,"column":null}},"type":"cond-expr","locations":[{"start":{"line":140,"column":25},"end":{"line":140,"column":83}},{"start":{"line":140,"column":83},"end":{"line":140,"column":null}}],"line":140}},"s":{"0":13,"1":13,"2":13,"3":13,"4":13,"5":13,"6":13,"7":10,"8":10,"9":10,"10":9,"11":10,"12":1,"13":13,"14":1,"15":12,"16":2,"17":2,"18":2,"19":2,"20":1,"21":1,"22":1},"f":{"0":13,"1":10,"2":1,"3":2,"4":2,"5":1},"b":{"0":[10,1],"1":[1,12],"2":[1,11],"3":[1,11],"4":[13,11],"5":[1,11],"6":[13,11],"7":[1,1],"8":[1,11],"9":[1,11]},"meta":{"lastBranch":10,"lastFunction":6,"lastStatement":23,"seen":{"f:20:16:20:34":0,"s:21:21:21:Infinity":0,"s:22:26:22:Infinity":1,"s:23:40:23:Infinity":2,"s:25:52:25:Infinity":3,"s:26:8:26:Infinity":4,"s:27:8:27:Infinity":5,"s:29:8:48:Infinity":6,"f:29:35:29:41":1,"s:30:33:30:Infinity":7,"s:31:4:46:Infinity":8,"s:32:6:45:Infinity":9,"b:32:22:32:35:32:35:32:39":0,"s:33:8:44:Infinity":10,"s:47:4:47:Infinity":11,"f:47:20:47:21":2,"s:47:30:47:80":12,"b:50:2:52:Infinity:undefined:undefined:undefined:undefined":1,"s:50:2:52:Infinity":13,"s:51:4:51:Infinity":14,"s:54:2:143:Infinity":15,"b:78:10:81:Infinity:82:12:82:Infinity":2,"b:85:10:87:Infinity:88:12:88:Infinity":3,"b:84:9:84:26:84:26:84:Infinity":4,"f:98:20:98:21":3,"s:98:27:98:Infinity":16,"b:107:10:109:Infinity:110:12:110:Infinity":5,"b:114:20:114:34:114:34:114:Infinity":6,"f:115:19:115:31":4,"s:116:22:116:Infinity":17,"s:117:24:117:Infinity":18,"b:118:12:121:Infinity:undefined:undefined:undefined:undefined":7,"s:118:12:121:Infinity":19,"s:119:14:119:Infinity":20,"f:119:31:119:32":5,"s:119:41:119:55":21,"s:120:14:120:Infinity":22,"b:125:24:125:36:125:36:125:Infinity":8,"b:140:25:140:83:140:83:140:Infinity":9}}}
,"C:\\dev\\aletheia\\aletheia-frontend\\app\\features\\analysis\\components\\ClaimCard.tsx": {"path":"C:\\dev\\aletheia\\aletheia-frontend\\app\\features\\analysis\\components\\ClaimCard.tsx","statementMap":{"0":{"start":{"line":14,"column":20},"end":{"line":14,"column":null}},"1":{"start":{"line":16,"column":2},"end":{"line":50,"column":null}}},"fnMap":{"0":{"name":"ClaimCard","decl":{"start":{"line":13,"column":16},"end":{"line":13,"column":26}},"loc":{"start":{"line":13,"column":49},"end":{"line":52,"column":null}},"line":13}},"branchMap":{"0":{"loc":{"start":{"line":45,"column":39},"end":{"line":45,"column":60}},"type":"binary-expr","locations":[{"start":{"line":45,"column":39},"end":{"line":45,"column":54}},{"start":{"line":45,"column":54},"end":{"line":45,"column":60}}],"line":45}},"s":{"0":18,"1":18},"f":{"0":18},"b":{"0":[18,2]},"meta":{"lastBranch":1,"lastFunction":1,"lastStatement":2,"seen":{"f:13:16:13:26":0,"s:14:20:14:Infinity":0,"s:16:2:50:Infinity":1,"b:45:39:45:54:45:54:45:60":0}}}
,"C:\\dev\\aletheia\\aletheia-frontend\\app\\features\\analysis\\components\\ClaimConfidenceIndicator.tsx": {"path":"C:\\dev\\aletheia\\aletheia-frontend\\app\\features\\analysis\\components\\ClaimConfidenceIndicator.tsx","statementMap":{"0":{"start":{"line":16,"column":20},"end":{"line":16,"column":null}},"1":{"start":{"line":18,"column":21},"end":{"line":18,"column":null}},"2":{"start":{"line":19,"column":18},"end":{"line":19,"column":null}},"3":{"start":{"line":21,"column":2},"end":{"line":27,"column":null}}},"fnMap":{"0":{"name":"ClaimConfidenceIndicator","decl":{"start":{"line":15,"column":16},"end":{"line":15,"column":41}},"loc":{"start":{"line":15,"column":79},"end":{"line":29,"column":null}},"line":15}},"branchMap":{"0":{"loc":{"start":{"line":18,"column":21},"end":{"line":18,"column":null}},"type":"cond-expr","locations":[{"start":{"line":18,"column":38},"end":{"line":18,"column":45}},{"start":{"line":18,"column":45},"end":{"line":18,"column":null}}],"line":18},"1":{"loc":{"start":{"line":19,"column":18},"end":{"line":19,"column":null}},"type":"cond-expr","locations":[{"start":{"line":19,"column":40},"end":{"line":19,"column":47}},{"start":{"line":19,"column":47},"end":{"line":19,"column":null}}],"line":19},"2":{"loc":{"start":{"line":26,"column":35},"end":{"line":26,"column":57}},"type":"binary-expr","locations":[{"start":{"line":26,"column":35},"end":{"line":26,"column":46}},{"start":{"line":26,"column":46},"end":{"line":26,"column":57}}],"line":26}},"s":{"0":24,"1":24,"2":24,"3":24},"f":{"0":24},"b":{"0":[3,21],"1":[3,21],"2":[24,3]},"meta":{"lastBranch":3,"lastFunction":1,"lastStatement":4,"seen":{"f:15:16:15:41":0,"s:16:20:16:Infinity":0,"s:18:21:18:Infinity":1,"b:18:38:18:45:18:45:18:Infinity":0,"s:19:18:19:Infinity":2,"b:19:40:19:47:19:47:19:Infinity":1,"s:21:2:27:Infinity":3,"b:26:35:26:46:26:46:26:57":2}}}
,"C:\\dev\\aletheia\\aletheia-frontend\\app\\features\\analysis\\components\\ClaimEvidenceStack.tsx": {"path":"C:\\dev\\aletheia\\aletheia-frontend\\app\\features\\analysis\\components\\ClaimEvidenceStack.tsx","statementMap":{"0":{"start":{"line":12,"column":2},"end":{"line":21,"column":null}}},"fnMap":{"0":{"name":"ClaimEvidenceStack","decl":{"start":{"line":11,"column":16},"end":{"line":11,"column":37}},"loc":{"start":{"line":11,"column":37},"end":{"line":23,"column":null}},"line":11}},"branchMap":{},"s":{"0":19},"f":{"0":19},"b":{},"meta":{"lastBranch":0,"lastFunction":1,"lastStatement":1,"seen":{"f:11:16:11:37":0,"s:12:2:21:Infinity":0}}}
,"C:\\dev\\aletheia\\aletheia-frontend\\app\\features\\analysis\\components\\ClaimList.tsx": {"path":"C:\\dev\\aletheia\\aletheia-frontend\\app\\features\\analysis\\components\\ClaimList.tsx","statementMap":{"0":{"start":{"line":13,"column":21},"end":{"line":13,"column":null}},"1":{"start":{"line":15,"column":2},"end":{"line":21,"column":null}},"2":{"start":{"line":16,"column":4},"end":{"line":19,"column":null}},"3":{"start":{"line":23,"column":2},"end":{"line":28,"column":null}},"4":{"start":{"line":26,"column":8},"end":{"line":26,"column":null}}},"fnMap":{"0":{"name":"ClaimList","decl":{"start":{"line":12,"column":16},"end":{"line":12,"column":26}},"loc":{"start":{"line":12,"column":49},"end":{"line":30,"column":null}},"line":12},"1":{"name":"(anonymous_1)","decl":{"start":{"line":25,"column":18},"end":{"line":25,"column":19}},"loc":{"start":{"line":26,"column":8},"end":{"line":26,"column":null}},"line":26}},"branchMap":{"0":{"loc":{"start":{"line":15,"column":2},"end":{"line":21,"column":null}},"type":"if","locations":[{"start":{"line":15,"column":2},"end":{"line":21,"column":null}},{"start":{},"end":{}}],"line":15}},"s":{"0":26,"1":26,"2":14,"3":12,"4":14},"f":{"0":26,"1":14},"b":{"0":[14,12]},"meta":{"lastBranch":1,"lastFunction":2,"lastStatement":5,"seen":{"f:12:16:12:26":0,"s:13:21:13:Infinity":0,"b:15:2:21:Infinity:undefined:undefined:undefined:undefined":0,"s:15:2:21:Infinity":1,"s:16:4:19:Infinity":2,"s:23:2:28:Infinity":3,"f:25:18:25:19":1,"s:26:8:26:Infinity":4}}}
,"C:\\dev\\aletheia\\aletheia-frontend\\app\\features\\analysis\\components\\HumanOverrideButton.tsx": {"path":"C:\\dev\\aletheia\\aletheia-frontend\\app\\features\\analysis\\components\\HumanOverrideButton.tsx","statementMap":{"0":{"start":{"line":18,"column":55},"end":{"line":18,"column":null}},"1":{"start":{"line":20,"column":2},"end":{"line":28,"column":null}}},"fnMap":{"0":{"name":"HumanOverrideButton","decl":{"start":{"line":17,"column":16},"end":{"line":17,"column":36}},"loc":{"start":{"line":17,"column":69},"end":{"line":30,"column":null}},"line":17}},"branchMap":{"0":{"loc":{"start":{"line":18,"column":22},"end":{"line":18,"column":51}},"type":"default-arg","locations":[{"start":{"line":18,"column":30},"end":{"line":18,"column":51}}],"line":18}},"s":{"0":9,"1":9},"f":{"0":9},"b":{"0":[9]},"meta":{"lastBranch":1,"lastFunction":1,"lastStatement":2,"seen":{"f:17:16:17:36":0,"s:18:55:18:Infinity":0,"b:18:30:18:51":0,"s:20:2:28:Infinity":1}}}
,"C:\\dev\\aletheia\\aletheia-frontend\\app\\features\\analysis\\hooks\\useAiQueriesByUser.ts": {"path":"C:\\dev\\aletheia\\aletheia-frontend\\app\\features\\analysis\\hooks\\useAiQueriesByUser.ts","statementMap":{"0":{"start":{"line":32,"column":8},"end":{"line":32,"column":null}},"1":{"start":{"line":32,"column":30},"end":{"line":32,"column":57}},"2":{"start":{"line":33,"column":8},"end":{"line":37,"column":null}},"3":{"start":{"line":39,"column":2},"end":{"line":44,"column":null}}},"fnMap":{"0":{"name":"useAiQueriesByUser","decl":{"start":{"line":31,"column":16},"end":{"line":31,"column":35}},"loc":{"start":{"line":31,"column":58},"end":{"line":45,"column":null}},"line":31},"1":{"name":"(anonymous_1)","decl":{"start":{"line":32,"column":23},"end":{"line":32,"column":30}},"loc":{"start":{"line":32,"column":30},"end":{"line":32,"column":57}},"line":32}},"branchMap":{"0":{"loc":{"start":{"line":32,"column":40},"end":{"line":32,"column":53}},"type":"binary-expr","locations":[{"start":{"line":32,"column":40},"end":{"line":32,"column":50}},{"start":{"line":32,"column":50},"end":{"line":32,"column":53}}],"line":32},"1":{"loc":{"start":{"line":40,"column":13},"end":{"line":40,"column":null}},"type":"binary-expr","locations":[{"start":{"line":40,"column":13},"end":{"line":40,"column":44}},{"start":{"line":40,"column":44},"end":{"line":40,"column":null}}],"line":40},"2":{"loc":{"start":{"line":42,"column":11},"end":{"line":42,"column":null}},"type":"binary-expr","locations":[{"start":{"line":42,"column":11},"end":{"line":42,"column":26}},{"start":{"line":42,"column":26},"end":{"line":42,"column":null}}],"line":42}},"s":{"0":3,"1":2,"2":3,"3":3},"f":{"0":3,"1":2},"b":{"0":[2,1],"1":[3,2],"2":[3,3]},"meta":{"lastBranch":3,"lastFunction":2,"lastStatement":4,"seen":{"f:31:16:31:35":0,"s:32:8:32:Infinity":0,"f:32:23:32:30":1,"s:32:30:32:57":1,"b:32:40:32:50:32:50:32:53":0,"s:33:8:37:Infinity":2,"s:39:2:44:Infinity":3,"b:40:13:40:44:40:44:40:Infinity":1,"b:42:11:42:26:42:26:42:Infinity":2}}}
,"C:\\dev\\aletheia\\aletheia-frontend\\app\\features\\analysis\\hooks\\useAskAi.ts": {"path":"C:\\dev\\aletheia\\aletheia-frontend\\app\\features\\analysis\\hooks\\useAskAi.ts","statementMap":{"0":{"start":{"line":32,"column":22},"end":{"line":32,"column":null}},"1":{"start":{"line":34,"column":2},"end":{"line":41,"column":null}},"2":{"start":{"line":36,"column":18},"end":{"line":36,"column":null}},"3":{"start":{"line":37,"column":6},"end":{"line":37,"column":null}}},"fnMap":{"0":{"name":"useAskAi","decl":{"start":{"line":31,"column":16},"end":{"line":31,"column":27}},"loc":{"start":{"line":31,"column":27},"end":{"line":42,"column":null}},"line":31},"1":{"name":"(anonymous_1)","decl":{"start":{"line":35,"column":9},"end":{"line":35,"column":16}},"loc":{"start":{"line":35,"column":50},"end":{"line":38,"column":null}},"line":35}},"branchMap":{"0":{"loc":{"start":{"line":37,"column":13},"end":{"line":37,"column":null}},"type":"binary-expr","locations":[{"start":{"line":37,"column":13},"end":{"line":37,"column":32}},{"start":{"line":37,"column":32},"end":{"line":37,"column":null}}],"line":37},"1":{"loc":{"start":{"line":40,"column":11},"end":{"line":40,"column":null}},"type":"binary-expr","locations":[{"start":{"line":40,"column":11},"end":{"line":40,"column":26}},{"start":{"line":40,"column":26},"end":{"line":40,"column":null}}],"line":40}},"s":{"0":4,"1":4,"2":2,"3":2},"f":{"0":4,"1":2},"b":{"0":[2,1],"1":[4,4]},"meta":{"lastBranch":2,"lastFunction":2,"lastStatement":4,"seen":{"f:31:16:31:27":0,"s:32:22:32:Infinity":0,"s:34:2:41:Infinity":1,"f:35:9:35:16":1,"s:36:18:36:Infinity":2,"s:37:6:37:Infinity":3,"b:37:13:37:32:37:32:37:Infinity":0,"b:40:11:40:26:40:26:40:Infinity":1}}}
,"C:\\dev\\aletheia\\aletheia-frontend\\app\\features\\auth\\graphql.ts": {"path":"C:\\dev\\aletheia\\aletheia-frontend\\app\\features\\auth\\graphql.ts","statementMap":{"0":{"start":{"line":6,"column":30},"end":{"line":6,"column":null}},"1":{"start":{"line":12,"column":33},"end":{"line":12,"column":null}},"2":{"start":{"line":18,"column":40},"end":{"line":18,"column":null}},"3":{"start":{"line":24,"column":40},"end":{"line":24,"column":null}}},"fnMap":{},"branchMap":{},"s":{"0":26,"1":26,"2":26,"3":26},"f":{},"b":{},"meta":{"lastBranch":0,"lastFunction":0,"lastStatement":4,"seen":{"s:6:30:6:Infinity":0,"s:12:33:12:Infinity":1,"s:18:40:18:Infinity":2,"s:24:40:24:Infinity":3}}}
,"C:\\dev\\aletheia\\aletheia-frontend\\app\\features\\auth\\components\\ChangePasswordForm.tsx": {"path":"C:\\dev\\aletheia\\aletheia-frontend\\app\\features\\auth\\components\\ChangePasswordForm.tsx","statementMap":{"0":{"start":{"line":26,"column":8},"end":{"line":26,"column":null}},"1":{"start":{"line":27,"column":18},"end":{"line":27,"column":null}},"2":{"start":{"line":29,"column":2},"end":{"line":38,"column":null}},"3":{"start":{"line":49,"column":25},"end":{"line":49,"column":null}},"4":{"start":{"line":50,"column":44},"end":{"line":50,"column":null}},"5":{"start":{"line":51,"column":36},"end":{"line":51,"column":null}},"6":{"start":{"line":52,"column":44},"end":{"line":52,"column":null}},"7":{"start":{"line":53,"column":24},"end":{"line":53,"column":null}},"8":{"start":{"line":54,"column":28},"end":{"line":54,"column":null}},"9":{"start":{"line":55,"column":35},"end":{"line":55,"column":null}},"10":{"start":{"line":57,"column":23},"end":{"line":156,"column":null}},"11":{"start":{"line":58,"column":4},"end":{"line":58,"column":null}},"12":{"start":{"line":59,"column":4},"end":{"line":59,"column":null}},"13":{"start":{"line":60,"column":4},"end":{"line":60,"column":null}},"14":{"start":{"line":63,"column":4},"end":{"line":66,"column":null}},"15":{"start":{"line":64,"column":6},"end":{"line":64,"column":null}},"16":{"start":{"line":65,"column":6},"end":{"line":65,"column":null}},"17":{"start":{"line":68,"column":4},"end":{"line":71,"column":null}},"18":{"start":{"line":69,"column":6},"end":{"line":69,"column":null}},"19":{"start":{"line":70,"column":6},"end":{"line":70,"column":null}},"20":{"start":{"line":73,"column":4},"end":{"line":76,"column":null}},"21":{"start":{"line":74,"column":6},"end":{"line":74,"column":null}},"22":{"start":{"line":75,"column":6},"end":{"line":75,"column":null}},"23":{"start":{"line":79,"column":4},"end":{"line":82,"column":null}},"24":{"start":{"line":80,"column":6},"end":{"line":80,"column":null}},"25":{"start":{"line":81,"column":6},"end":{"line":81,"column":null}},"26":{"start":{"line":85,"column":10},"end":{"line":85,"column":null}},"27":{"start":{"line":86,"column":4},"end":{"line":89,"column":null}},"28":{"start":{"line":87,"column":6},"end":{"line":87,"column":null}},"29":{"start":{"line":88,"column":6},"end":{"line":88,"column":null}},"30":{"start":{"line":92,"column":4},"end":{"line":95,"column":null}},"31":{"start":{"line":93,"column":6},"end":{"line":93,"column":null}},"32":{"start":{"line":94,"column":6},"end":{"line":94,"column":null}},"33":{"start":{"line":98,"column":4},"end":{"line":155,"column":null}},"34":{"start":{"line":99,"column":6},"end":{"line":154,"column":null}},"35":{"start":{"line":100,"column":8},"end":{"line":100,"column":null}},"36":{"start":{"line":103,"column":8},"end":{"line":103,"column":null}},"37":{"start":{"line":104,"column":8},"end":{"line":104,"column":null}},"38":{"start":{"line":105,"column":8},"end":{"line":105,"column":null}},"39":{"start":{"line":106,"column":8},"end":{"line":106,"column":null}},"40":{"start":{"line":109,"column":8},"end":{"line":118,"column":null}},"41":{"start":{"line":110,"column":10},"end":{"line":113,"column":null}},"42":{"start":{"line":111,"column":12},"end":{"line":111,"column":null}},"43":{"start":{"line":112,"column":12},"end":{"line":112,"column":null}},"44":{"start":{"line":115,"column":10},"end":{"line":117,"column":null}},"45":{"start":{"line":116,"column":12},"end":{"line":116,"column":null}},"46":{"start":{"line":158,"column":22},"end":{"line":167,"column":null}},"47":{"start":{"line":159,"column":4},"end":{"line":166,"column":null}},"48":{"start":{"line":160,"column":6},"end":{"line":160,"column":null}},"49":{"start":{"line":161,"column":6},"end":{"line":161,"column":null}},"50":{"start":{"line":162,"column":6},"end":{"line":162,"column":null}},"51":{"start":{"line":163,"column":6},"end":{"line":163,"column":null}},"52":{"start":{"line":164,"column":6},"end":{"line":164,"column":null}},"53":{"start":{"line":165,"column":6},"end":{"line":165,"column":null}},"54":{"start":{"line":169,"column":2},"end":{"line":257,"column":null}},"55":{"start":{"line":188,"column":20},"end":{"line":188,"column":null}},"56":{"start":{"line":190,"column":20},"end":{"line":192,"column":null}},"57":{"start":{"line":191,"column":22},"end":{"line":191,"column":null}},"58":{"start":{"line":214,"column":35},"end":{"line":214,"column":null}},"59":{"start":{"line":228,"column":35},"end":{"line":228,"column":null}},"60":{"start":{"line":242,"column":57},"end":{"line":242,"column":null}}},"fnMap":{"0":{"name":"SubmitButton","decl":{"start":{"line":25,"column":9},"end":{"line":25,"column":22}},"loc":{"start":{"line":25,"column":61},"end":{"line":40,"column":null}},"line":25},"1":{"name":"ChangePasswordForm","decl":{"start":{"line":48,"column":16},"end":{"line":48,"column":35}},"loc":{"start":{"line":48,"column":90},"end":{"line":259,"column":null}},"line":48},"2":{"name":"(anonymous_2)","decl":{"start":{"line":57,"column":23},"end":{"line":57,"column":30}},"loc":{"start":{"line":57,"column":70},"end":{"line":156,"column":null}},"line":57},"3":{"name":"(anonymous_3)","decl":{"start":{"line":98,"column":20},"end":{"line":98,"column":32}},"loc":{"start":{"line":98,"column":32},"end":{"line":155,"column":5}},"line":98},"4":{"name":"(anonymous_4)","decl":{"start":{"line":110,"column":21},"end":{"line":110,"column":27}},"loc":{"start":{"line":110,"column":27},"end":{"line":113,"column":13}},"line":110},"5":{"name":"(anonymous_5)","decl":{"start":{"line":115,"column":21},"end":{"line":115,"column":27}},"loc":{"start":{"line":115,"column":27},"end":{"line":117,"column":13}},"line":115},"6":{"name":"(anonymous_6)","decl":{"start":{"line":158,"column":22},"end":{"line":158,"column":28}},"loc":{"start":{"line":158,"column":28},"end":{"line":167,"column":null}},"line":158},"7":{"name":"(anonymous_7)","decl":{"start":{"line":187,"column":28},"end":{"line":187,"column":29}},"loc":{"start":{"line":187,"column":35},"end":{"line":193,"column":null}},"line":187},"8":{"name":"(anonymous_8)","decl":{"start":{"line":214,"column":28},"end":{"line":214,"column":29}},"loc":{"start":{"line":214,"column":35},"end":{"line":214,"column":null}},"line":214},"9":{"name":"(anonymous_9)","decl":{"start":{"line":228,"column":28},"end":{"line":228,"column":29}},"loc":{"start":{"line":228,"column":35},"end":{"line":228,"column":null}},"line":228},"10":{"name":"(anonymous_10)","decl":{"start":{"line":242,"column":51},"end":{"line":242,"column":57}},"loc":{"start":{"line":242,"column":57},"end":{"line":242,"column":null}},"line":242}},"branchMap":{"0":{"loc":{"start":{"line":27,"column":18},"end":{"line":27,"column":null}},"type":"binary-expr","locations":[{"start":{"line":27,"column":18},"end":{"line":27,"column":31}},{"start":{"line":27,"column":31},"end":{"line":27,"column":null}}],"line":27},"1":{"loc":{"start":{"line":37,"column":7},"end":{"line":37,"column":null}},"type":"cond-expr","locations":[{"start":{"line":37,"column":17},"end":{"line":37,"column":42}},{"start":{"line":37,"column":42},"end":{"line":37,"column":null}}],"line":37},"2":{"loc":{"start":{"line":63,"column":4},"end":{"line":66,"column":null}},"type":"if","locations":[{"start":{"line":63,"column":4},"end":{"line":66,"column":null}},{"start":{},"end":{}}],"line":63},"3":{"loc":{"start":{"line":68,"column":4},"end":{"line":71,"column":null}},"type":"if","locations":[{"start":{"line":68,"column":4},"end":{"line":71,"column":null}},{"start":{},"end":{}}],"line":68},"4":{"loc":{"start":{"line":73,"column":4},"end":{"line":76,"column":null}},"type":"if","locations":[{"start":{"line":73,"column":4},"end":{"line":76,"column":null}},{"start":{},"end":{}}],"line":73},"5":{"loc":{"start":{"line":79,"column":4},"end":{"line":82,"column":null}},"type":"if","locations":[{"start":{"line":79,"column":4},"end":{"line":82,"column":null}},{"start":{},"end":{}}],"line":79},"6":{"loc":{"start":{"line":86,"column":4},"end":{"line":89,"column":null}},"type":"if","locations":[{"start":{"line":86,"column":4},"end":{"line":89,"column":null}},{"start":{},"end":{}}],"line":86},"7":{"loc":{"start":{"line":92,"column":4},"end":{"line":95,"column":null}},"type":"if","locations":[{"start":{"line":92,"column":4},"end":{"line":95,"column":null}},{"start":{},"end":{}}],"line":92},"8":{"loc":{"start":{"line":109,"column":8},"end":{"line":118,"column":null}},"type":"if","locations":[{"start":{"line":109,"column":8},"end":{"line":118,"column":null}},{"start":{"line":114,"column":15},"end":{"line":118,"column":null}}],"line":109},"9":{"loc":{"start":{"line":159,"column":4},"end":{"line":166,"column":null}},"type":"if","locations":[{"start":{"line":159,"column":4},"end":{"line":166,"column":null}},{"start":{},"end":{}}],"line":159},"10":{"loc":{"start":{"line":175,"column":13},"end":{"line":246,"column":null}},"type":"cond-expr","locations":[{"start":{"line":176,"column":14},"end":{"line":178,"column":null}},{"start":{"line":180,"column":14},"end":{"line":246,"column":null}}],"line":175},"11":{"loc":{"start":{"line":190,"column":20},"end":{"line":192,"column":null}},"type":"if","locations":[{"start":{"line":190,"column":20},"end":{"line":192,"column":null}},{"start":{},"end":{}}],"line":190},"12":{"loc":{"start":{"line":190,"column":24},"end":{"line":190,"column":62}},"type":"binary-expr","locations":[{"start":{"line":190,"column":24},"end":{"line":190,"column":33}},{"start":{"line":190,"column":33},"end":{"line":190,"column":62}}],"line":190},"13":{"loc":{"start":{"line":198,"column":25},"end":{"line":198,"column":null}},"type":"binary-expr","locations":[{"start":{"line":198,"column":25},"end":{"line":198,"column":44}},{"start":{"line":198,"column":44},"end":{"line":198,"column":75}},{"start":{"line":198,"column":75},"end":{"line":198,"column":null}}],"line":198},"14":{"loc":{"start":{"line":233,"column":25},"end":{"line":233,"column":null}},"type":"binary-expr","locations":[{"start":{"line":233,"column":25},"end":{"line":233,"column":55}},{"start":{"line":233,"column":55},"end":{"line":233,"column":null}}],"line":233},"15":{"loc":{"start":{"line":235,"column":20},"end":{"line":237,"column":null}},"type":"cond-expr","locations":[{"start":{"line":236,"column":24},"end":{"line":236,"column":null}},{"start":{"line":237,"column":24},"end":{"line":237,"column":null}}],"line":235},"16":{"loc":{"start":{"line":235,"column":20},"end":{"line":235,"column":null}},"type":"binary-expr","locations":[{"start":{"line":235,"column":20},"end":{"line":235,"column":50}},{"start":{"line":235,"column":50},"end":{"line":235,"column":null}}],"line":235},"17":{"loc":{"start":{"line":241,"column":17},"end":{"line":244,"column":null}},"type":"binary-expr","locations":[{"start":{"line":241,"column":17},"end":{"line":241,"column":null}},{"start":{"line":242,"column":18},"end":{"line":244,"column":null}}],"line":241},"18":{"loc":{"start":{"line":252,"column":13},"end":{"line":252,"column":null}},"type":"cond-expr","locations":[{"start":{"line":252,"column":23},"end":{"line":252,"column":33}},{"start":{"line":252,"column":33},"end":{"line":252,"column":null}}],"line":252},"19":{"loc":{"start":{"line":254,"column":11},"end":{"line":254,"column":null}},"type":"binary-expr","locations":[{"start":{"line":254,"column":11},"end":{"line":254,"column":23}},{"start":{"line":254,"column":23},"end":{"line":254,"column":null}}],"line":254}},"s":{"0":146,"1":146,"2":146,"3":173,"4":173,"5":173,"6":173,"7":173,"8":173,"9":173,"10":173,"11":25,"12":25,"13":25,"14":25,"15":1,"16":1,"17":24,"18":1,"19":1,"20":23,"21":1,"22":1,"23":22,"24":1,"25":1,"26":21,"27":21,"28":1,"29":1,"30":20,"31":1,"32":1,"33":19,"34":19,"35":19,"36":5,"37":5,"38":5,"39":5,"40":5,"41":1,"42":1,"43":1,"44":4,"45":3,"46":173,"47":2,"48":1,"49":1,"50":1,"51":1,"52":1,"53":1,"54":173,"55":26,"56":26,"57":1,"58":25,"59":25,"60":1},"f":{"0":146,"1":173,"2":25,"3":19,"4":1,"5":3,"6":2,"7":26,"8":25,"9":25,"10":1},"b":{"0":[146,115],"1":[31,115],"2":[1,24],"3":[1,23],"4":[1,22],"5":[1,21],"6":[1,20],"7":[1,19],"8":[1,4],"9":[1,1],"10":[6,147],"11":[1,25],"12":[26,1],"13":[147,18,13],"14":[147,47],"15":[4,143],"16":[147,47],"17":[147,18],"18":[6,147],"19":[173,147]},"meta":{"lastBranch":20,"lastFunction":11,"lastStatement":61,"seen":{"f:25:9:25:22":0,"s:26:8:26:Infinity":0,"s:27:18:27:Infinity":1,"b:27:18:27:31:27:31:27:Infinity":0,"s:29:2:38:Infinity":2,"b:37:17:37:42:37:42:37:Infinity":1,"f:48:16:48:35":1,"s:49:25:49:Infinity":3,"s:50:44:50:Infinity":4,"s:51:36:51:Infinity":5,"s:52:44:52:Infinity":6,"s:53:24:53:Infinity":7,"s:54:28:54:Infinity":8,"s:55:35:55:Infinity":9,"s:57:23:156:Infinity":10,"f:57:23:57:30":2,"s:58:4:58:Infinity":11,"s:59:4:59:Infinity":12,"s:60:4:60:Infinity":13,"b:63:4:66:Infinity:undefined:undefined:undefined:undefined":2,"s:63:4:66:Infinity":14,"s:64:6:64:Infinity":15,"s:65:6:65:Infinity":16,"b:68:4:71:Infinity:undefined:undefined:undefined:undefined":3,"s:68:4:71:Infinity":17,"s:69:6:69:Infinity":18,"s:70:6:70:Infinity":19,"b:73:4:76:Infinity:undefined:undefined:undefined:undefined":4,"s:73:4:76:Infinity":20,"s:74:6:74:Infinity":21,"s:75:6:75:Infinity":22,"b:79:4:82:Infinity:undefined:undefined:undefined:undefined":5,"s:79:4:82:Infinity":23,"s:80:6:80:Infinity":24,"s:81:6:81:Infinity":25,"s:85:10:85:Infinity":26,"b:86:4:89:Infinity:undefined:undefined:undefined:undefined":6,"s:86:4:89:Infinity":27,"s:87:6:87:Infinity":28,"s:88:6:88:Infinity":29,"b:92:4:95:Infinity:undefined:undefined:undefined:undefined":7,"s:92:4:95:Infinity":30,"s:93:6:93:Infinity":31,"s:94:6:94:Infinity":32,"s:98:4:155:Infinity":33,"f:98:20:98:32":3,"s:99:6:154:Infinity":34,"s:100:8:100:Infinity":35,"s:103:8:103:Infinity":36,"s:104:8:104:Infinity":37,"s:105:8:105:Infinity":38,"s:106:8:106:Infinity":39,"b:109:8:118:Infinity:114:15:118:Infinity":8,"s:109:8:118:Infinity":40,"s:110:10:113:Infinity":41,"f:110:21:110:27":4,"s:111:12:111:Infinity":42,"s:112:12:112:Infinity":43,"s:115:10:117:Infinity":44,"f:115:21:115:27":5,"s:116:12:116:Infinity":45,"s:158:22:167:Infinity":46,"f:158:22:158:28":6,"b:159:4:166:Infinity:undefined:undefined:undefined:undefined":9,"s:159:4:166:Infinity":47,"s:160:6:160:Infinity":48,"s:161:6:161:Infinity":49,"s:162:6:162:Infinity":50,"s:163:6:163:Infinity":51,"s:164:6:164:Infinity":52,"s:165:6:165:Infinity":53,"s:169:2:257:Infinity":54,"b:176:14:178:Infinity:180:14:246:Infinity":10,"f:187:28:187:29":7,"s:188:20:188:Infinity":55,"b:190:20:192:Infinity:undefined:undefined:undefined:undefined":11,"s:190:20:192:Infinity":56,"b:190:24:190:33:190:33:190:62":12,"s:191:22:191:Infinity":57,"b:198:25:198:44:198:44:198:75:198:75:198:Infinity":13,"f:214:28:214:29":8,"s:214:35:214:Infinity":58,"f:228:28:228:29":9,"s:228:35:228:Infinity":59,"b:233:25:233:55:233:55:233:Infinity":14,"b:236:24:236:Infinity:237:24:237:Infinity":15,"b:235:20:235:50:235:50:235:Infinity":16,"b:241:17:241:Infinity:242:18:244:Infinity":17,"f:242:51:242:57":10,"s:242:57:242:Infinity":60,"b:252:23:252:33:252:33:252:Infinity":18,"b:254:11:254:23:254:23:254:Infinity":19}}}
,"C:\\dev\\aletheia\\aletheia-frontend\\app\\features\\auth\\components\\ForgotPasswordForm.tsx": {"path":"C:\\dev\\aletheia\\aletheia-frontend\\app\\features\\auth\\components\\ForgotPasswordForm.tsx","statementMap":{"0":{"start":{"line":26,"column":8},"end":{"line":26,"column":null}},"1":{"start":{"line":29,"column":18},"end":{"line":29,"column":null}},"2":{"start":{"line":31,"column":2},"end":{"line":40,"column":null}},"3":{"start":{"line":51,"column":25},"end":{"line":51,"column":null}},"4":{"start":{"line":52,"column":24},"end":{"line":52,"column":null}},"5":{"start":{"line":53,"column":24},"end":{"line":53,"column":null}},"6":{"start":{"line":54,"column":28},"end":{"line":54,"column":null}},"7":{"start":{"line":55,"column":35},"end":{"line":55,"column":null}},"8":{"start":{"line":57,"column":23},"end":{"line":119,"column":null}},"9":{"start":{"line":58,"column":4},"end":{"line":58,"column":null}},"10":{"start":{"line":59,"column":4},"end":{"line":59,"column":null}},"11":{"start":{"line":60,"column":4},"end":{"line":60,"column":null}},"12":{"start":{"line":63,"column":4},"end":{"line":66,"column":null}},"13":{"start":{"line":64,"column":6},"end":{"line":64,"column":null}},"14":{"start":{"line":65,"column":6},"end":{"line":65,"column":null}},"15":{"start":{"line":69,"column":23},"end":{"line":69,"column":null}},"16":{"start":{"line":70,"column":4},"end":{"line":73,"column":null}},"17":{"start":{"line":71,"column":6},"end":{"line":71,"column":null}},"18":{"start":{"line":72,"column":6},"end":{"line":72,"column":null}},"19":{"start":{"line":76,"column":4},"end":{"line":118,"column":null}},"20":{"start":{"line":77,"column":6},"end":{"line":117,"column":null}},"21":{"start":{"line":78,"column":8},"end":{"line":78,"column":null}},"22":{"start":{"line":81,"column":8},"end":{"line":81,"column":null}},"23":{"start":{"line":84,"column":8},"end":{"line":89,"column":null}},"24":{"start":{"line":85,"column":32},"end":{"line":87,"column":null}},"25":{"start":{"line":86,"column":12},"end":{"line":86,"column":null}},"26":{"start":{"line":88,"column":10},"end":{"line":88,"column":null}},"27":{"start":{"line":121,"column":22},"end":{"line":128,"column":null}},"28":{"start":{"line":122,"column":4},"end":{"line":127,"column":null}},"29":{"start":{"line":123,"column":6},"end":{"line":123,"column":null}},"30":{"start":{"line":124,"column":6},"end":{"line":124,"column":null}},"31":{"start":{"line":125,"column":6},"end":{"line":125,"column":null}},"32":{"start":{"line":126,"column":6},"end":{"line":126,"column":null}},"33":{"start":{"line":130,"column":2},"end":{"line":199,"column":null}},"34":{"start":{"line":163,"column":20},"end":{"line":163,"column":null}},"35":{"start":{"line":165,"column":20},"end":{"line":167,"column":null}},"36":{"start":{"line":166,"column":22},"end":{"line":166,"column":null}},"37":{"start":{"line":184,"column":57},"end":{"line":184,"column":null}}},"fnMap":{"0":{"name":"SubmitButton","decl":{"start":{"line":25,"column":9},"end":{"line":25,"column":22}},"loc":{"start":{"line":25,"column":61},"end":{"line":42,"column":null}},"line":25},"1":{"name":"ForgotPasswordForm","decl":{"start":{"line":50,"column":16},"end":{"line":50,"column":35}},"loc":{"start":{"line":50,"column":90},"end":{"line":201,"column":null}},"line":50},"2":{"name":"(anonymous_2)","decl":{"start":{"line":57,"column":23},"end":{"line":57,"column":30}},"loc":{"start":{"line":57,"column":70},"end":{"line":119,"column":null}},"line":57},"3":{"name":"(anonymous_3)","decl":{"start":{"line":76,"column":20},"end":{"line":76,"column":32}},"loc":{"start":{"line":76,"column":32},"end":{"line":118,"column":5}},"line":76},"4":{"name":"(anonymous_4)","decl":{"start":{"line":85,"column":32},"end":{"line":85,"column":38}},"loc":{"start":{"line":85,"column":38},"end":{"line":87,"column":null}},"line":85},"5":{"name":"(anonymous_5)","decl":{"start":{"line":121,"column":22},"end":{"line":121,"column":28}},"loc":{"start":{"line":121,"column":28},"end":{"line":128,"column":null}},"line":121},"6":{"name":"(anonymous_6)","decl":{"start":{"line":162,"column":28},"end":{"line":162,"column":29}},"loc":{"start":{"line":162,"column":35},"end":{"line":168,"column":null}},"line":162},"7":{"name":"(anonymous_7)","decl":{"start":{"line":184,"column":51},"end":{"line":184,"column":57}},"loc":{"start":{"line":184,"column":57},"end":{"line":184,"column":null}},"line":184}},"branchMap":{"0":{"loc":{"start":{"line":29,"column":18},"end":{"line":29,"column":null}},"type":"binary-expr","locations":[{"start":{"line":29,"column":18},"end":{"line":29,"column":31}},{"start":{"line":29,"column":31},"end":{"line":29,"column":null}}],"line":29},"1":{"loc":{"start":{"line":39,"column":7},"end":{"line":39,"column":null}},"type":"cond-expr","locations":[{"start":{"line":39,"column":17},"end":{"line":39,"column":32}},{"start":{"line":39,"column":32},"end":{"line":39,"column":null}}],"line":39},"2":{"loc":{"start":{"line":63,"column":4},"end":{"line":66,"column":null}},"type":"if","locations":[{"start":{"line":63,"column":4},"end":{"line":66,"column":null}},{"start":{},"end":{}}],"line":63},"3":{"loc":{"start":{"line":70,"column":4},"end":{"line":73,"column":null}},"type":"if","locations":[{"start":{"line":70,"column":4},"end":{"line":73,"column":null}},{"start":{},"end":{}}],"line":70},"4":{"loc":{"start":{"line":84,"column":8},"end":{"line":89,"column":null}},"type":"if","locations":[{"start":{"line":84,"column":8},"end":{"line":89,"column":null}},{"start":{},"end":{}}],"line":84},"5":{"loc":{"start":{"line":122,"column":4},"end":{"line":127,"column":null}},"type":"if","locations":[{"start":{"line":122,"column":4},"end":{"line":127,"column":null}},{"start":{},"end":{}}],"line":122},"6":{"loc":{"start":{"line":136,"column":13},"end":{"line":188,"column":null}},"type":"cond-expr","locations":[{"start":{"line":137,"column":14},"end":{"line":150,"column":null}},{"start":{"line":152,"column":14},"end":{"line":188,"column":null}}],"line":136},"7":{"loc":{"start":{"line":165,"column":20},"end":{"line":167,"column":null}},"type":"if","locations":[{"start":{"line":165,"column":20},"end":{"line":167,"column":null}},{"start":{},"end":{}}],"line":165},"8":{"loc":{"start":{"line":174,"column":25},"end":{"line":174,"column":null}},"type":"binary-expr","locations":[{"start":{"line":174,"column":25},"end":{"line":174,"column":44}},{"start":{"line":174,"column":44},"end":{"line":174,"column":75}},{"start":{"line":174,"column":75},"end":{"line":174,"column":111}},{"start":{"line":174,"column":111},"end":{"line":174,"column":null}}],"line":174},"9":{"loc":{"start":{"line":183,"column":17},"end":{"line":186,"column":null}},"type":"binary-expr","locations":[{"start":{"line":183,"column":17},"end":{"line":183,"column":null}},{"start":{"line":184,"column":18},"end":{"line":186,"column":null}}],"line":183},"10":{"loc":{"start":{"line":194,"column":13},"end":{"line":194,"column":null}},"type":"cond-expr","locations":[{"start":{"line":194,"column":23},"end":{"line":194,"column":33}},{"start":{"line":194,"column":33},"end":{"line":194,"column":null}}],"line":194},"11":{"loc":{"start":{"line":196,"column":11},"end":{"line":196,"column":null}},"type":"binary-expr","locations":[{"start":{"line":196,"column":11},"end":{"line":196,"column":23}},{"start":{"line":196,"column":23},"end":{"line":196,"column":null}}],"line":196}},"s":{"0":85,"1":85,"2":85,"3":372,"4":372,"5":372,"6":372,"7":372,"8":372,"9":20,"10":20,"11":20,"12":20,"13":1,"14":1,"15":19,"16":19,"17":1,"18":1,"19":18,"20":18,"21":18,"22":4,"23":4,"24":1,"25":1,"26":1,"27":372,"28":3,"29":2,"30":2,"31":2,"32":2,"33":372,"34":22,"35":22,"36":2,"37":1},"f":{"0":85,"1":372,"2":20,"3":18,"4":1,"5":3,"6":22,"7":1},"b":{"0":[85,53],"1":[32,53],"2":[1,19],"3":[1,18],"4":[1,3],"5":[2,1],"6":[6,343],"7":[2,20],"8":[343,18,18,18],"9":[343,18],"10":[6,343],"11":[372,343]},"meta":{"lastBranch":12,"lastFunction":8,"lastStatement":38,"seen":{"f:25:9:25:22":0,"s:26:8:26:Infinity":0,"s:29:18:29:Infinity":1,"b:29:18:29:31:29:31:29:Infinity":0,"s:31:2:40:Infinity":2,"b:39:17:39:32:39:32:39:Infinit
[...]
,"C:\\dev\\aletheia\\aletheia-frontend\\app\\features\\user-agency\\components\\ScenarioSwitcher.tsx": {"path":"C:\\dev\\aletheia\\aletheia-frontend\\app\\features\\user-agency\\components\\ScenarioSwitcher.tsx","statementMap":{"0":{"start":{"line":23,"column":65},"end":{"line":23,"column":null}},"1":{"start":{"line":25,"column":24},"end":{"line":25,"column":null}},"2":{"start":{"line":25,"column":51},"end":{"line":25,"column":76}},"3":{"start":{"line":27,"column":2},"end":{"line":42,"column":null}},"4":{"start":{"line":32,"column":27},"end":{"line":32,"column":null}},"5":{"start":{"line":33,"column":10},"end":{"line":35,"column":null}},"6":{"start":{"line":34,"column":12},"end":{"line":34,"column":null}},"7":{"start":{"line":39,"column":10},"end":{"line":39,"column":null}}},"fnMap":{"0":{"name":"ScenarioSwitcher","decl":{"start":{"line":22,"column":16},"end":{"line":22,"column":33}},"loc":{"start":{"line":22,"column":63},"end":{"line":44,"column":null}},"line":22},"1":{"name":"(anonymous_1)","decl":{"start":{"line":25,"column":44},"end":{"line":25,"column":45}},"loc":{"start":{"line":25,"column":51},"end":{"line":25,"column":76}},"line":25},"2":{"name":"(anonymous_2)","decl":{"start":{"line":31,"column":18},"end":{"line":31,"column":19}},"loc":{"start":{"line":31,"column":35},"end":{"line":36,"column":null}},"line":31},"3":{"name":"(anonymous_3)","decl":{"start":{"line":38,"column":23},"end":{"line":38,"column":24}},"loc":{"start":{"line":39,"column":10},"end":{"line":39,"column":null}},"line":39}},"branchMap":{"0":{"loc":{"start":{"line":23,"column":10},"end":{"line":23,"column":26}},"type":"default-arg","locations":[{"start":{"line":23,"column":22},"end":{"line":23,"column":26}}],"line":23},"1":{"loc":{"start":{"line":30,"column":15},"end":{"line":30,"column":null}},"type":"cond-expr","locations":[{"start":{"line":30,"column":36},"end":{"line":30,"column":52}},{"start":{"line":30,"column":52},"end":{"line":30,"column":null}}],"line":30},"2":{"loc":{"start":{"line":33,"column":10},"end":{"line":35,"column":null}},"type":"if","locations":[{"start":{"line":33,"column":10},"end":{"line":35,"column":null}},{"start":{},"end":{}}],"line":33}},"s":{"0":13,"1":13,"2":27,"3":13,"4":5,"5":5,"6":4,"7":27},"f":{"0":13,"1":27,"2":5,"3":27},"b":{"0":[13],"1":[1,12],"2":[4,1]},"meta":{"lastBranch":3,"lastFunction":4,"lastStatement":8,"seen":{"f:22:16:22:33":0,"s:23:65:23:Infinity":0,"b:23:22:23:26":0,"s:25:24:25:Infinity":1,"f:25:44:25:45":1,"s:25:51:25:76":2,"s:27:2:42:Infinity":3,"b:30:36:30:52:30:52:30:Infinity":1,"f:31:18:31:19":2,"s:32:27:32:Infinity":4,"b:33:10:35:Infinity:undefined:undefined:undefined:undefined":2,"s:33:10:35:Infinity":5,"s:34:12:34:Infinity":6,"f:38:23:38:24":3,"s:39:10:39:Infinity":7}}}
,"C:\\dev\\aletheia\\aletheia-frontend\\app\\features\\user-agency\\components\\SideBySideCompare.tsx": {"path":"C:\\dev\\aletheia\\aletheia-frontend\\app\\features\\user-agency\\components\\SideBySideCompare.tsx","statementMap":{"0":{"start":{"line":19,"column":84},"end":{"line":19,"column":null}},"1":{"start":{"line":21,"column":2},"end":{"line":45,"column":null}}},"fnMap":{"0":{"name":"SideBySideCompare","decl":{"start":{"line":18,"column":16},"end":{"line":18,"column":34}},"loc":{"start":{"line":18,"column":65},"end":{"line":47,"column":null}},"line":18}},"branchMap":{"0":{"loc":{"start":{"line":19,"column":10},"end":{"line":19,"column":32}},"type":"default-arg","locations":[{"start":{"line":19,"column":22},"end":{"line":19,"column":32}}],"line":19},"1":{"loc":{"start":{"line":19,"column":32},"end":{"line":19,"column":54}},"type":"default-arg","locations":[{"start":{"line":19,"column":45},"end":{"line":19,"column":54}}],"line":19},"2":{"loc":{"start":{"line":34,"column":11},"end":{"line":34,"column":null}},"type":"binary-expr","locations":[{"start":{"line":34,"column":11},"end":{"line":34,"column":26}},{"start":{"line":34,"column":26},"end":{"line":34,"column":null}}],"line":34},"3":{"loc":{"start":{"line":42,"column":11},"end":{"line":42,"column":null}},"type":"binary-expr","locations":[{"start":{"line":42,"column":11},"end":{"line":42,"column":27}},{"start":{"line":42,"column":27},"end":{"line":42,"column":null}}],"line":42}},"s":{"0":13,"1":13},"f":{"0":13},"b":{"0":[13],"1":[13],"2":[13,8],"3":[13,8]},"meta":{"lastBranch":4,"lastFunction":1,"lastStatement":2,"seen":{"f:18:16:18:34":0,"s:19:84:19:Infinity":0,"b:19:22:19:32":0,"b:19:45:19:54":1,"s:21:2:45:Infinity":1,"b:34:11:34:26:34:26:34:Infinity":2,"b:42:11:42:27:42:27:42:Infinity":3}}}
,"C:\\dev\\aletheia\\aletheia-frontend\\app\\features\\user-agency\\components\\UnknownsList.tsx": {"path":"C:\\dev\\aletheia\\aletheia-frontend\\app\\features\\user-agency\\components\\UnknownsList.tsx","statementMap":{"0":{"start":{"line":22,"column":28},"end":{"line":22,"column":null}},"1":{"start":{"line":24,"column":2},"end":{"line":44,"column":null}},"2":{"start":{"line":36,"column":10},"end":{"line":41,"column":null}}},"fnMap":{"0":{"name":"UnknownsList","decl":{"start":{"line":21,"column":16},"end":{"line":21,"column":29}},"loc":{"start":{"line":21,"column":55},"end":{"line":46,"column":null}},"line":21},"1":{"name":"(anonymous_1)","decl":{"start":{"line":35,"column":22},"end":{"line":35,"column":23}},"loc":{"start":{"line":36,"column":10},"end":{"line":41,"column":null}},"line":36}},"branchMap":{"0":{"loc":{"start":{"line":22,"column":10},"end":{"line":22,"column":24}},"type":"default-arg","locations":[{"start":{"line":22,"column":21},"end":{"line":22,"column":24}}],"line":22},"1":{"loc":{"start":{"line":30,"column":9},"end":{"line":33,"column":null}},"type":"binary-expr","locations":[{"start":{"line":30,"column":9},"end":{"line":30,"column":null}},{"start":{"line":31,"column":10},"end":{"line":33,"column":null}}],"line":30},"2":{"loc":{"start":{"line":39,"column":25},"end":{"line":39,"column":null}},"type":"binary-expr","locations":[{"start":{"line":39,"column":25},"end":{"line":39,"column":40}},{"start":{"line":39,"column":40},"end":{"line":39,"column":null}}],"line":39}},"s":{"0":11,"1":11,"2":111},"f":{"0":11,"1":111},"b":{"0":[11],"1":[11,2],"2":[111,108]},"meta":{"lastBranch":3,"lastFunction":2,"lastStatement":3,"seen":{"f:21:16:21:29":0,"s:22:28:22:Infinity":0,"b:22:21:22:24":0,"s:24:2:44:Infinity":1,"b:30:9:30:Infinity:31:10:33:Infinity":1,"f:35:22:35:23":1,"s:36:10:41:Infinity":2,"b:39:25:39:40:39:40:39:Infinity":2}}}
,"C:\\dev\\aletheia\\aletheia-frontend\\app\\hooks\\useTheme.ts": {"path":"C:\\dev\\aletheia\\aletheia-frontend\\app\\hooks\\useTheme.ts","statementMap":{"0":{"start":{"line":7,"column":26},"end":{"line":7,"column":null}},"1":{"start":{"line":17,"column":6},"end":{"line":17,"column":null}},"2":{"start":{"line":21,"column":37},"end":{"line":21,"column":null}},"3":{"start":{"line":25,"column":36},"end":{"line":25,"column":null}},"4":{"start":{"line":26,"column":40},"end":{"line":26,"column":null}},"5":{"start":{"line":29,"column":2},"end":{"line":43,"column":null}},"6":{"start":{"line":45,"column":2},"end":{"line":86,"column":null}},"7":{"start":{"line":47,"column":4},"end":{"line":47,"column":null}},"8":{"start":{"line":47,"column":24},"end":{"line":47,"column":null}},"9":{"start":{"line":50,"column":44},"end":{"line":50,"column":null}},"10":{"start":{"line":51,"column":66},"end":{"line":51,"column":null}},"11":{"start":{"line":64,"column":18},"end":{"line":76,"column":null}},"12":{"start":{"line":78,"column":4},"end":{"line":85,"column":null}},"13":{"start":{"line":79,"column":6},"end":{"line":79,"column":null}},"14":{"start":{"line":88,"column":8},"end":{"line":95,"column":null}},"15":{"start":{"line":89,"column":4},"end":{"line":89,"column":null}},"16":{"start":{"line":97,"column":8},"end":{"line":125,"column":null}},"17":{"start":{"line":98,"column":4},"end":{"line":124,"column":null}},"18":{"start":{"line":99,"column":6},"end":{"line":123,"column":null}},"19":{"start":{"line":100,"column":24},"end":{"line":100,"column":null}},"20":{"start":{"line":106,"column":8},"end":{"line":106,"column":null}},"21":{"start":{"line":107,"column":6},"end":{"line":123,"column":null}},"22":{"start":{"line":108,"column":24},"end":{"line":108,"column":null}},"23":{"start":{"line":114,"column":8},"end":{"line":114,"column":null}},"24":{"start":{"line":116,"column":24},"end":{"line":116,"column":null}},"25":{"start":{"line":122,"column":8},"end":{"line":122,"column":null}},"26":{"start":{"line":127,"column":8},"end":{"line":136,"column":null}},"27":{"start":{"line":128,"column":11},"end":{"line":134,"column":null}},"28":{"start":{"line":138,"column":2},"end":{"line":138,"column":null}},"29":{"start":{"line":142,"column":8},"end":{"line":142,"column":null}},"30":{"start":{"line":143,"column":2},"end":{"line":145,"column":null}},"31":{"start":{"line":144,"column":4},"end":{"line":144,"column":null}},"32":{"start":{"line":146,"column":2},"end":{"line":146,"column":null}}},"fnMap":{"0":{"name":"ThemeProvider","decl":{"start":{"line":19,"column":16},"end":{"line":19,"column":30}},"loc":{"start":{"line":19,"column":75},"end":{"line":139,"column":null}},"line":19},"1":{"name":"(anonymous_1)","decl":{"start":{"line":29,"column":12},"end":{"line":29,"column":18}},"loc":{"start":{"line":29,"column":18},"end":{"line":43,"column":5}},"line":29},"2":{"name":"(anonymous_2)","decl":{"start":{"line":45,"column":12},"end":{"line":45,"column":18}},"loc":{"start":{"line":45,"column":18},"end":{"line":86,"column":5}},"line":45},"3":{"name":"(anonymous_3)","decl":{"start":{"line":64,"column":40},"end":{"line":64,"column":46}},"loc":{"start":{"line":64,"column":46},"end":{"line":76,"column":5}},"line":64},"4":{"name":"(anonymous_4)","decl":{"start":{"line":78,"column":11},"end":{"line":78,"column":17}},"loc":{"start":{"line":78,"column":17},"end":{"line":85,"column":null}},"line":78},"5":{"name":"(anonymous_5)","decl":{"start":{"line":88,"column":35},"end":{"line":88,"column":36}},"loc":{"start":{"line":88,"column":56},"end":{"line":95,"column":5}},"line":88},"6":{"name":"(anonymous_6)","decl":{"start":{"line":97,"column":34},"end":{"line":97,"column":40}},"loc":{"start":{"line":97,"column":40},"end":{"line":125,"column":5}},"line":97},"7":{"name":"(anonymous_7)","decl":{"start":{"line":98,"column":22},"end":{"line":98,"column":23}},"loc":{"start":{"line":98,"column":39},"end":{"line":124,"column":5}},"line":98},"8":{"name":"(anonymous_8)","decl":{"start":{"line":128,"column":4},"end":{"line":128,"column":11}},"loc":{"start":{"line":128,"column":11},"end":{"line":134,"column":null}},"line":128},"9":{"name":"useTheme","decl":{"start":{"line":141,"column":16},"end":{"line":141,"column":27}},"loc":{"start":{"line":141,"column":27},"end":{"line":147,"column":null}},"line":141}},"branchMap":{"0":{"loc":{"start":{"line":47,"column":4},"end":{"line":47,"column":null}},"type":"if","locations":[{"start":{"line":47,"column":4},"end":{"line":47,"column":null}},{"start":{},"end":{}}],"line":47},"1":{"loc":{"start":{"line":99,"column":6},"end":{"line":123,"column":null}},"type":"if","locations":[{"start":{"line":99,"column":6},"end":{"line":123,"column":null}},{"start":{"line":107,"column":6},"end":{"line":123,"column":null}}],"line":99},"2":{"loc":{"start":{"line":107,"column":6},"end":{"line":123,"column":null}},"type":"if","locations":[{"start":{"line":107,"column":6},"end":{"line":123,"column":null}},{"start":{"line":115,"column":13},"end":{"line":123,"column":null}}],"line":107},"3":{"loc":{"start":{"line":143,"column":2},"end":{"line":145,"column":null}},"type":"if","locations":[{"start":{"line":143,"column":2},"end":{"line":145,"column":null}},{"start":{},"end":{}}],"line":143}},"s":{"0":65,"1":65,"2":583,"3":583,"4":583,"5":583,"6":583,"7":539,"8":445,"9":94,"10":94,"11":94,"12":94,"13":94,"14":583,"15":21,"16":583,"17":7,"18":7,"19":2,"20":2,"21":5,"22":2,"23":2,"24":3,"25":3,"26":583,"27":564,"28":583,"29":222,"30":222,"31":2,"32":220},"f":{"0":583,"1":428,"2":539,"3":35,"4":94,"5":21,"6":7,"7":7,"8":564,"9":222},"b":{"0":[445,94],"1":[2,5],"2":[2,3],"3":[2,220]},"meta":{"lastBranch":4,"lastFunction":10,"lastStatement":33,"seen":{"s:7:26:7:Infinity":0,"s:17:6:17:Infinity":1,"f:19:16:19:30":0,"s:21:37:21:Infinity":2,"s:25:36:25:Infinity":3,"s:26:40:26:Infinity":4,"s:29:2:43:Infinity":5,"f:29:12:29:18":1,"s:45:2:86:Infinity":6,"f:45:12:45:18":2,"b:47:4:47:Infinity:undefined:undefined:undefined:undefined":0,"s:47:4:47:Infinity":7,"s:47:24:47:Infinity":8,"s:50:44:50:Infinity":9,"s:51:66:51:Infinity":10,"s:64:18:76:Infinity":11,"f:64:40:64:46":3,"s:78:4:85:Infinity":12,"f:78:11:78:17":4,"s:79:6:79:Infinity":13,"s:88:8:95:Infinity":14,"f:88:35:88:36":5,"s:89:4:89:Infinity":15,"s:97:8:125:Infinity":16,"f:97:34:97:40":6,"s:98:4:124:Infinity":17,"f:98:22:98:23":7,"b:99:6:123:Infinity:107:6:123:Infinity":1,"s:99:6:123:Infinity":18,"s:100:24:100:Infinity":19,"s:106:8:106:Infinity":20,"b:107:6:123:Infinity:115:13:123:Infinity":2,"s:107:6:123:Infinity":21,"s:108:24:108:Infinity":22,"s:114:8:114:Infinity":23,"s:116:24:116:Infinity":24,"s:122:8:122:Infinity":25,"s:127:8:136:Infinity":26,"f:128:4:128:11":8,"s:128:11:134:Infinity":27,"s:138:2:138:Infinity":28,"f:141:16:141:27":9,"s:142:8:142:Infinity":29,"b:143:2:145:Infinity:undefined:undefined:undefined:undefined":3,"s:143:2:145:Infinity":30,"s:144:4:144:Infinity":31,"s:146:2:146:Infinity":32}}}
,"C:\\dev\\aletheia\\aletheia-frontend\\app\\lib\\constants.ts": {"path":"C:\\dev\\aletheia\\aletheia-frontend\\app\\lib\\constants.ts","statementMap":{"0":{"start":{"line":6,"column":2},"end":{"line":6,"column":null}},"1":{"start":{"line":9,"column":2},"end":{"line":9,"column":null}},"2":{"start":{"line":12,"column":30},"end":{"line":12,"column":null}}},"fnMap":{},"branchMap":{"0":{"loc":{"start":{"line":6,"column":2},"end":{"line":6,"column":null}},"type":"binary-expr","locations":[{"start":{"line":6,"column":2},"end":{"line":6,"column":41}},{"start":{"line":6,"column":41},"end":{"line":6,"column":null}}],"line":6},"1":{"loc":{"start":{"line":9,"column":2},"end":{"line":9,"column":null}},"type":"binary-expr","locations":[{"start":{"line":9,"column":2},"end":{"line":9,"column":37}},{"start":{"line":9,"column":37},"end":{"line":9,"column":null}}],"line":9}},"s":{"0":26,"1":26,"2":26},"f":{},"b":{"0":[26,26],"1":[26,26]},"meta":{"lastBranch":2,"lastFunction":0,"lastStatement":3,"seen":{"s:6:2:6:Infinity":0,"b:6:2:6:41:6:41:6:Infinity":0,"s:9:2:9:Infinity":1,"b:9:2:9:37:9:37:9:Infinity":1,"s:12:30:12:Infinity":2}}}
,"C:\\dev\\aletheia\\aletheia-frontend\\app\\lib\\emotion-cache.ts": {"path":"C:\\dev\\aletheia\\aletheia-frontend\\app\\lib\\emotion-cache.ts","statementMap":{"0":{"start":{"line":11,"column":18},"end":{"line":11,"column":null}},"1":{"start":{"line":25,"column":2},"end":{"line":30,"column":null}}},"fnMap":{"0":{"name":"createEmotionCache","decl":{"start":{"line":13,"column":24},"end":{"line":13,"column":45}},"loc":{"start":{"line":13,"column":45},"end":{"line":31,"column":null}},"line":13}},"branchMap":{},"s":{"0":16,"1":19},"f":{"0":19},"b":{},"meta":{"lastBranch":0,"lastFunction":1,"lastStatement":2,"seen":{"s:11:18:11:Infinity":0,"f:13:24:13:45":0,"s:25:2:30:Infinity":1}}}
,"C:\\dev\\aletheia\\aletheia-frontend\\app\\lib\\graphql\\queries.ts": {"path":"C:\\dev\\aletheia\\aletheia-frontend\\app\\lib\\graphql\\queries.ts","statementMap":{"0":{"start":{"line":24,"column":27},"end":{"line":24,"column":null}}},"fnMap":{},"branchMap":{},"s":{"0":4},"f":{},"b":{},"meta":{"lastBranch":0,"lastFunction":0,"lastStatement":1,"seen":{"s:24:27:24:Infinity":0}}}
,"C:\\dev\\aletheia\\aletheia-frontend\\app\\lib\\utils\\cache.ts": {"path":"C:\\dev\\aletheia\\aletheia-frontend\\app\\lib\\utils\\cache.ts","statementMap":{"0":{"start":{"line":12,"column":13},"end":{"line":16,"column":null}},"1":{"start":{"line":15,"column":2},"end":{"line":15,"column":null}},"2":{"start":{"line":29,"column":2},"end":{"line":29,"column":null}}},"fnMap":{"0":{"name":"(anonymous_0)","decl":{"start":{"line":12,"column":35},"end":{"line":12,"column":42}},"loc":{"start":{"line":12,"column":58},"end":{"line":16,"column":1}},"line":12},"1":{"name":"createCachedFunction","decl":{"start":{"line":23,"column":16},"end":{"line":23,"column":null}},"loc":{"start":{"line":25,"column":5},"end":{"line":30,"column":null}},"line":25}},"branchMap":{},"s":{"0":2,"1":11,"2":9},"f":{"0":11,"1":9},"b":{},"meta":{"lastBranch":0,"lastFunction":2,"lastStatement":3,"seen":{"s:12:13:16:Infinity":0,"f:12:35:12:42":0,"s:15:2:15:Infinity":1,"f:23:16:23:Infinity":1,"s:29:2:29:Infinity":2}}}
,"C:\\dev\\aletheia\\aletheia-frontend\\app\\services\\apollo-client.ts": {"path":"C:\\dev\\aletheia\\aletheia-frontend\\app\\services\\apollo-client.ts","statementMap":{"0":{"start":{"line":15,"column":6},"end":{"line":18,"column":null}},"1":{"start":{"line":21,"column":13},"end":{"line":33,"column":null}},"2":{"start":{"line":27,"column":2},"end":{"line":32,"column":null}},"3":{"start":{"line":37,"column":32},"end":{"line":67,"column":null}},"4":{"start":{"line":69,"column":13},"end":{"line":71,"column":null}},"5":{"start":{"line":70,"column":2},"end":{"line":70,"column":null}},"6":{"start":{"line":74,"column":41},"end":{"line":74,"column":null}},"7":{"start":{"line":81,"column":2},"end":{"line":83,"column":null}},"8":{"start":{"line":82,"column":4},"end":{"line":82,"column":null}},"9":{"start":{"line":86,"column":2},"end":{"line":105,"column":null}},"10":{"start":{"line":110,"column":2},"end":{"line":112,"column":null}},"11":{"start":{"line":111,"column":4},"end":{"line":111,"column":null}},"12":{"start":{"line":113,"column":2},"end":{"line":113,"column":null}}},"fnMap":{"0":{"name":"(anonymous_0)","decl":{"start":{"line":21,"column":35},"end":{"line":21,"column":36}},"loc":{"start":{"line":21,"column":55},"end":{"line":33,"column":1}},"line":21},"1":{"name":"(anonymous_1)","decl":{"start":{"line":37,"column":32},"end":{"line":37,"column":33}},"loc":{"start":{"line":37,"column":52},"end":{"line":67,"column":null}},"line":37},"2":{"name":"(anonymous_2)","decl":{"start":{"line":69,"column":33},"end":{"line":69,"column":34}},"loc":{"start":{"line":69,"column":48},"end":{"line":71,"column":1}},"line":69},"3":{"name":"createApolloClient","decl":{"start":{"line":77,"column":16},"end":{"line":77,"column":51}},"loc":{"start":{"line":77,"column":51},"end":{"line":106,"column":null}},"line":77},"4":{"name":"getApolloClient","decl":{"start":{"line":109,"column":16},"end":{"line":109,"column":48}},"loc":{"start":{"line":109,"column":48},"end":{"line":114,"column":null}},"line":109}},"branchMap":{"0":{"loc":{"start":{"line":30,"column":21},"end":{"line":30,"column":null}},"type":"cond-expr","locations":[{"start":{"line":30,"column":29},"end":{"line":30,"column":49}},{"start":{"line":30,"column":49},"end":{"line":30,"column":null}}],"line":30},"1":{"loc":{"start":{"line":81,"column":2},"end":{"line":83,"column":null}},"type":"if","locations":[{"start":{"line":81,"column":2},"end":{"line":83,"column":null}},{"start":{},"end":{}}],"line":81},"2":{"loc":{"start":{"line":110,"column":2},"end":{"line":112,"column":null}},"type":"if","locations":[{"start":{"line":110,"column":2},"end":{"line":112,"column":null}},{"start":{},"end":{}}],"line":110}},"s":{"0":7,"1":7,"2":3,"3":7,"4":7,"5":5,"6":7,"7":6,"8":1,"9":5,"10":23,"11":4,"12":23},"f":{"0":3,"1":10,"2":5,"3":6,"4":23},"b":{"0":[2,1],"1":[1,5],"2":[4,19]},"meta":{"lastBranch":3,"lastFunction":5,"lastStatement":13,"seen":{"s:15:6:18:Infinity":0,"s:21:13:33:Infinity":1,"f:21:35:21:36":0,"s:27:2:32:Infinity":2,"b:30:29:30:49:30:49:30:Infinity":0,"s:37:32:67:Infinity":3,"f:37:32:37:33":1,"s:69:13:71:Infinity":4,"f:69:33:69:34":2,"s:70:2:70:Infinity":5,"s:74:41:74:Infinity":6,"f:77:16:77:51":3,"b:81:2:83:Infinity:undefined:undefined:undefined:undefined":1,"s:81:2:83:Infinity":7,"s:82:4:82:Infinity":8,"s:86:2:105:Infinity":9,"f:109:16:109:48":4,"b:110:2:112:Infinity:undefined:undefined:undefined:undefined":2,"s:110:2:112:Infinity":10,"s:111:4:111:Infinity":11,"s:113:2:113:Infinity":12}}}
}
